WARNING - 2024-03-19 06:13:24 --> [DEPRECATED] Creation of dynamic property App\Controllers\Mahasiswa::$data is deprecated in APPPATH\Controllers\Mahasiswa.php on line 19.
 1 SYSTEMPATH\CodeIgniter.php(914): App\Controllers\Mahasiswa->__construct()
 2 SYSTEMPATH\CodeIgniter.php(493): CodeIgniter\CodeIgniter->createController()
 3 SYSTEMPATH\CodeIgniter.php(361): CodeIgniter\CodeIgniter->handleRequest(null, Object(Config\Cache), false)
 4 FCPATH\index.php(79): CodeIgniter\CodeIgniter->run()
 5 SYSTEMPATH\Commands\Server\rewrite.php(47): require_once('C:\\xampp\\htdocs\\ProgramWeb\\public\\index.php')
CRITICAL - 2024-03-19 06:13:24 --> Undefined array key "kode_prodi"
in APPPATH\Views\layouts\master\v_mahasiswa.php on line 201.
 1 APPPATH\Views\layouts\master\v_mahasiswa.php(201): CodeIgniter\Debug\Exceptions->errorHandler(2, 'Undefined array key "kode_prodi"', 'C:\\xampp\\htdocs\\ProgramWeb\\app\\Views\\layouts\\master\\v_mahasiswa.php', 201)
 2 SYSTEMPATH\View\View.php(228): include('C:\\xampp\\htdocs\\ProgramWeb\\app\\Views\\layouts\\master\\v_mahasiswa.php')
 3 SYSTEMPATH\View\View.php(231): CodeIgniter\View\View->CodeIgniter\View\{closure}()
 4 SYSTEMPATH\Common.php(1190): CodeIgniter\View\View->render('layouts/master/v_mahasiswa', [], true)
 5 APPPATH\Controllers\Mahasiswa.php(26): view('layouts/master/v_mahasiswa', [...])
 6 SYSTEMPATH\CodeIgniter.php(942): App\Controllers\Mahasiswa->index()
 7 SYSTEMPATH\CodeIgniter.php(502): CodeIgniter\CodeIgniter->runController(Object(App\Controllers\Mahasiswa))
 8 SYSTEMPATH\CodeIgniter.php(361): CodeIgniter\CodeIgniter->handleRequest(null, Object(Config\Cache), false)
 9 FCPATH\index.php(79): CodeIgniter\CodeIgniter->run()
10 SYSTEMPATH\Commands\Server\rewrite.php(47): require_once('C:\\xampp\\htdocs\\ProgramWeb\\public\\index.php')
WARNING - 2024-03-19 06:16:40 --> [DEPRECATED] Creation of dynamic property App\Controllers\Mahasiswa::$data is deprecated in APPPATH\Controllers\Mahasiswa.php on line 19.
 1 SYSTEMPATH\CodeIgniter.php(914): App\Controllers\Mahasiswa->__construct()
 2 SYSTEMPATH\CodeIgniter.php(493): CodeIgniter\CodeIgniter->createController()
 3 SYSTEMPATH\CodeIgniter.php(361): CodeIgniter\CodeIgniter->handleRequest(null, Object(Config\Cache), false)
 4 FCPATH\index.php(79): CodeIgniter\CodeIgniter->run()
 5 SYSTEMPATH\Commands\Server\rewrite.php(47): require_once('C:\\xampp\\htdocs\\ProgramWeb\\public\\index.php')
CRITICAL - 2024-03-19 06:16:40 --> Undefined array key "kode_prodi"
in APPPATH\Views\layouts\master\v_mahasiswa.php on line 201.
 1 APPPATH\Views\layouts\master\v_mahasiswa.php(201): CodeIgniter\Debug\Exceptions->errorHandler(2, 'Undefined array key "kode_prodi"', 'C:\\xampp\\htdocs\\ProgramWeb\\app\\Views\\layouts\\master\\v_mahasiswa.php', 201)
 2 SYSTEMPATH\View\View.php(228): include('C:\\xampp\\htdocs\\ProgramWeb\\app\\Views\\layouts\\master\\v_mahasiswa.php')
 3 SYSTEMPATH\View\View.php(231): CodeIgniter\View\View->CodeIgniter\View\{closure}()
 4 SYSTEMPATH\Common.php(1190): CodeIgniter\View\View->render('layouts/master/v_mahasiswa', [], true)
 5 APPPATH\Controllers\Mahasiswa.php(26): view('layouts/master/v_mahasiswa', [...])
 6 SYSTEMPATH\CodeIgniter.php(942): App\Controllers\Mahasiswa->index()
 7 SYSTEMPATH\CodeIgniter.php(502): CodeIgniter\CodeIgniter->runController(Object(App\Controllers\Mahasiswa))
 8 SYSTEMPATH\CodeIgniter.php(361): CodeIgniter\CodeIgniter->handleRequest(null, Object(Config\Cache), false)
 9 FCPATH\index.php(79): CodeIgniter\CodeIgniter->run()
10 SYSTEMPATH\Commands\Server\rewrite.php(47): require_once('C:\\xampp\\htdocs\\ProgramWeb\\public\\index.php')
WARNING - 2024-03-19 06:21:01 --> [DEPRECATED] Creation of dynamic property App\Controllers\Mahasiswa::$data is deprecated in APPPATH\Controllers\Mahasiswa.php on line 19.
 1 SYSTEMPATH\CodeIgniter.php(914): App\Controllers\Mahasiswa->__construct()
 2 SYSTEMPATH\CodeIgniter.php(493): CodeIgniter\CodeIgniter->createController()
 3 SYSTEMPATH\CodeIgniter.php(361): CodeIgniter\CodeIgniter->handleRequest(null, Object(Config\Cache), false)
 4 FCPATH\index.php(79): CodeIgniter\CodeIgniter->run()
 5 SYSTEMPATH\Commands\Server\rewrite.php(47): require_once('C:\\xampp\\htdocs\\ProgramWeb\\public\\index.php')
CRITICAL - 2024-03-19 06:21:01 --> Undefined array key "kode_prodi"
in APPPATH\Views\layouts\master\v_mahasiswa.php on line 201.
 1 APPPATH\Views\layouts\master\v_mahasiswa.php(201): CodeIgniter\Debug\Exceptions->errorHandler(2, 'Undefined array key "kode_prodi"', 'C:\\xampp\\htdocs\\ProgramWeb\\app\\Views\\layouts\\master\\v_mahasiswa.php', 201)
 2 SYSTEMPATH\View\View.php(228): include('C:\\xampp\\htdocs\\ProgramWeb\\app\\Views\\layouts\\master\\v_mahasiswa.php')
 3 SYSTEMPATH\View\View.php(231): CodeIgniter\View\View->CodeIgniter\View\{closure}()
 4 SYSTEMPATH\Common.php(1190): CodeIgniter\View\View->render('layouts/master/v_mahasiswa', [], true)
 5 APPPATH\Controllers\Mahasiswa.php(26): view('layouts/master/v_mahasiswa', [...])
 6 SYSTEMPATH\CodeIgniter.php(942): App\Controllers\Mahasiswa->index()
 7 SYSTEMPATH\CodeIgniter.php(502): CodeIgniter\CodeIgniter->runController(Object(App\Controllers\Mahasiswa))
 8 SYSTEMPATH\CodeIgniter.php(361): CodeIgniter\CodeIgniter->handleRequest(null, Object(Config\Cache), false)
 9 FCPATH\index.php(79): CodeIgniter\CodeIgniter->run()
10 SYSTEMPATH\Commands\Server\rewrite.php(47): require_once('C:\\xampp\\htdocs\\ProgramWeb\\public\\index.php')
WARNING - 2024-03-19 06:23:17 --> [DEPRECATED] Creation of dynamic property App\Controllers\Mahasiswa::$data is deprecated in APPPATH\Controllers\Mahasiswa.php on line 19.
 1 SYSTEMPATH\CodeIgniter.php(914): App\Controllers\Mahasiswa->__construct()
 2 SYSTEMPATH\CodeIgniter.php(493): CodeIgniter\CodeIgniter->createController()
 3 SYSTEMPATH\CodeIgniter.php(361): CodeIgniter\CodeIgniter->handleRequest(null, Object(Config\Cache), false)
 4 FCPATH\index.php(79): CodeIgniter\CodeIgniter->run()
 5 SYSTEMPATH\Commands\Server\rewrite.php(47): require_once('C:\\xampp\\htdocs\\ProgramWeb\\public\\index.php')
CRITICAL - 2024-03-19 06:23:17 --> Undefined array key "kode_prodi"
in APPPATH\Views\layouts\master\v_mahasiswa.php on line 201.
 1 APPPATH\Views\layouts\master\v_mahasiswa.php(201): CodeIgniter\Debug\Exceptions->errorHandler(2, 'Undefined array key "kode_prodi"', 'C:\\xampp\\htdocs\\ProgramWeb\\app\\Views\\layouts\\master\\v_mahasiswa.php', 201)
 2 SYSTEMPATH\View\View.php(228): include('C:\\xampp\\htdocs\\ProgramWeb\\app\\Views\\layouts\\master\\v_mahasiswa.php')
 3 SYSTEMPATH\View\View.php(231): CodeIgniter\View\View->CodeIgniter\View\{closure}()
 4 SYSTEMPATH\Common.php(1190): CodeIgniter\View\View->render('layouts/master/v_mahasiswa', [], true)
 5 APPPATH\Controllers\Mahasiswa.php(26): view('layouts/master/v_mahasiswa', [...])
 6 SYSTEMPATH\CodeIgniter.php(942): App\Controllers\Mahasiswa->index()
 7 SYSTEMPATH\CodeIgniter.php(502): CodeIgniter\CodeIgniter->runController(Object(App\Controllers\Mahasiswa))
 8 SYSTEMPATH\CodeIgniter.php(361): CodeIgniter\CodeIgniter->handleRequest(null, Object(Config\Cache), false)
 9 FCPATH\index.php(79): CodeIgniter\CodeIgniter->run()
10 SYSTEMPATH\Commands\Server\rewrite.php(47): require_once('C:\\xampp\\htdocs\\ProgramWeb\\public\\index.php')
WARNING - 2024-03-19 06:23:50 --> [DEPRECATED] Creation of dynamic property App\Controllers\Mahasiswa::$data is deprecated in APPPATH\Controllers\Mahasiswa.php on line 19.
 1 SYSTEMPATH\CodeIgniter.php(914): App\Controllers\Mahasiswa->__construct()
 2 SYSTEMPATH\CodeIgniter.php(493): CodeIgniter\CodeIgniter->createController()
 3 SYSTEMPATH\CodeIgniter.php(361): CodeIgniter\CodeIgniter->handleRequest(null, Object(Config\Cache), false)
 4 FCPATH\index.php(79): CodeIgniter\CodeIgniter->run()
 5 SYSTEMPATH\Commands\Server\rewrite.php(47): require_once('C:\\xampp\\htdocs\\ProgramWeb\\public\\index.php')
CRITICAL - 2024-03-19 06:23:50 --> Undefined array key "kode_prodi"
in APPPATH\Views\layouts\master\v_mahasiswa.php on line 201.
 1 APPPATH\Views\layouts\master\v_mahasiswa.php(201): CodeIgniter\Debug\Exceptions->errorHandler(2, 'Undefined array key "kode_prodi"', 'C:\\xampp\\htdocs\\ProgramWeb\\app\\Views\\layouts\\master\\v_mahasiswa.php', 201)
 2 SYSTEMPATH\View\View.php(228): include('C:\\xampp\\htdocs\\ProgramWeb\\app\\Views\\layouts\\master\\v_mahasiswa.php')
 3 SYSTEMPATH\View\View.php(231): CodeIgniter\View\View->CodeIgniter\View\{closure}()
 4 SYSTEMPATH\Common.php(1190): CodeIgniter\View\View->render('layouts/master/v_mahasiswa', [], true)
 5 APPPATH\Controllers\Mahasiswa.php(26): view('layouts/master/v_mahasiswa', [...])
 6 SYSTEMPATH\CodeIgniter.php(942): App\Controllers\Mahasiswa->index()
 7 SYSTEMPATH\CodeIgniter.php(502): CodeIgniter\CodeIgniter->runController(Object(App\Controllers\Mahasiswa))
 8 SYSTEMPATH\CodeIgniter.php(361): CodeIgniter\CodeIgniter->handleRequest(null, Object(Config\Cache), false)
 9 FCPATH\index.php(79): CodeIgniter\CodeIgniter->run()
10 SYSTEMPATH\Commands\Server\rewrite.php(47): require_once('C:\\xampp\\htdocs\\ProgramWeb\\public\\index.php')
WARNING - 2024-03-19 07:45:38 --> [DEPRECATED] Creation of dynamic property App\Controllers\Mahasiswa::$data is deprecated in APPPATH\Controllers\Mahasiswa.php on line 19.
 1 SYSTEMPATH\CodeIgniter.php(914): App\Controllers\Mahasiswa->__construct()
 2 SYSTEMPATH\CodeIgniter.php(493): CodeIgniter\CodeIgniter->createController()
 3 SYSTEMPATH\CodeIgniter.php(361): CodeIgniter\CodeIgniter->handleRequest(null, Object(Config\Cache), false)
 4 FCPATH\index.php(79): CodeIgniter\CodeIgniter->run()
 5 SYSTEMPATH\Commands\Server\rewrite.php(47): require_once('C:\\xampp\\htdocs\\ProgramWeb\\public\\index.php')
CRITICAL - 2024-03-19 07:45:38 --> Undefined array key "kode_prodi"
in APPPATH\Views\layouts\master\v_mahasiswa.php on line 201.
 1 APPPATH\Views\layouts\master\v_mahasiswa.php(201): CodeIgniter\Debug\Exceptions->errorHandler(2, 'Undefined array key "kode_prodi"', 'C:\\xampp\\htdocs\\ProgramWeb\\app\\Views\\layouts\\master\\v_mahasiswa.php', 201)
 2 SYSTEMPATH\View\View.php(228): include('C:\\xampp\\htdocs\\ProgramWeb\\app\\Views\\layouts\\master\\v_mahasiswa.php')
 3 SYSTEMPATH\View\View.php(231): CodeIgniter\View\View->CodeIgniter\View\{closure}()
 4 SYSTEMPATH\Common.php(1190): CodeIgniter\View\View->render('layouts/master/v_mahasiswa', [], true)
 5 APPPATH\Controllers\Mahasiswa.php(26): view('layouts/master/v_mahasiswa', [...])
 6 SYSTEMPATH\CodeIgniter.php(942): App\Controllers\Mahasiswa->index()
 7 SYSTEMPATH\CodeIgniter.php(502): CodeIgniter\CodeIgniter->runController(Object(App\Controllers\Mahasiswa))
 8 SYSTEMPATH\CodeIgniter.php(361): CodeIgniter\CodeIgniter->handleRequest(null, Object(Config\Cache), false)
 9 FCPATH\index.php(79): CodeIgniter\CodeIgniter->run()
10 SYSTEMPATH\Commands\Server\rewrite.php(47): require_once('C:\\xampp\\htdocs\\ProgramWeb\\public\\index.php')
WARNING - 2024-03-19 07:46:36 --> [DEPRECATED] Creation of dynamic property App\Controllers\Mahasiswa::$data is deprecated in APPPATH\Controllers\Mahasiswa.php on line 19.
 1 SYSTEMPATH\CodeIgniter.php(914): App\Controllers\Mahasiswa->__construct()
 2 SYSTEMPATH\CodeIgniter.php(493): CodeIgniter\CodeIgniter->createController()
 3 SYSTEMPATH\CodeIgniter.php(361): CodeIgniter\CodeIgniter->handleRequest(null, Object(Config\Cache), false)
 4 FCPATH\index.php(79): CodeIgniter\CodeIgniter->run()
 5 SYSTEMPATH\Commands\Server\rewrite.php(47): require_once('C:\\xampp\\htdocs\\ProgramWeb\\public\\index.php')
CRITICAL - 2024-03-19 07:46:36 --> Undefined array key "kode_prodi"
in APPPATH\Views\layouts\master\v_mahasiswa.php on line 201.
 1 APPPATH\Views\layouts\master\v_mahasiswa.php(201): CodeIgniter\Debug\Exceptions->errorHandler(2, 'Undefined array key "kode_prodi"', 'C:\\xampp\\htdocs\\ProgramWeb\\app\\Views\\layouts\\master\\v_mahasiswa.php', 201)
 2 SYSTEMPATH\View\View.php(228): include('C:\\xampp\\htdocs\\ProgramWeb\\app\\Views\\layouts\\master\\v_mahasiswa.php')
 3 SYSTEMPATH\View\View.php(231): CodeIgniter\View\View->CodeIgniter\View\{closure}()
 4 SYSTEMPATH\Common.php(1190): CodeIgniter\View\View->render('layouts/master/v_mahasiswa', [], true)
 5 APPPATH\Controllers\Mahasiswa.php(26): view('layouts/master/v_mahasiswa', [...])
 6 SYSTEMPATH\CodeIgniter.php(942): App\Controllers\Mahasiswa->index()
 7 SYSTEMPATH\CodeIgniter.php(502): CodeIgniter\CodeIgniter->runController(Object(App\Controllers\Mahasiswa))
 8 SYSTEMPATH\CodeIgniter.php(361): CodeIgniter\CodeIgniter->handleRequest(null, Object(Config\Cache), false)
 9 FCPATH\index.php(79): CodeIgniter\CodeIgniter->run()
10 SYSTEMPATH\Commands\Server\rewrite.php(47): require_once('C:\\xampp\\htdocs\\ProgramWeb\\public\\index.php')
WARNING - 2024-03-19 07:50:35 --> [DEPRECATED] Creation of dynamic property App\Controllers\Mahasiswa::$data is deprecated in APPPATH\Controllers\Mahasiswa.php on line 19.
 1 SYSTEMPATH\CodeIgniter.php(914): App\Controllers\Mahasiswa->__construct()
 2 SYSTEMPATH\CodeIgniter.php(493): CodeIgniter\CodeIgniter->createController()
 3 SYSTEMPATH\CodeIgniter.php(361): CodeIgniter\CodeIgniter->handleRequest(null, Object(Config\Cache), false)
 4 FCPATH\index.php(79): CodeIgniter\CodeIgniter->run()
 5 SYSTEMPATH\Commands\Server\rewrite.php(47): require_once('C:\\xampp\\htdocs\\ProgramWeb\\public\\index.php')
CRITICAL - 2024-03-19 07:50:35 --> Invalid file: "layouts/master/view-mahasiswa.php"
in SYSTEMPATH\Exceptions\FrameworkException.php on line 39.
 1 SYSTEMPATH\View\View.php(216): CodeIgniter\Exceptions\FrameworkException::forInvalidFile('layouts/master/view-mahasiswa.php')
 2 SYSTEMPATH\Common.php(1190): CodeIgniter\View\View->render('layouts/master/view-mahasiswa', [], true)
 3 APPPATH\Controllers\Mahasiswa.php(26): view('layouts/master/view-mahasiswa', [...])
 4 SYSTEMPATH\CodeIgniter.php(942): App\Controllers\Mahasiswa->index()
 5 SYSTEMPATH\CodeIgniter.php(502): CodeIgniter\CodeIgniter->runController(Object(App\Controllers\Mahasiswa))
 6 SYSTEMPATH\CodeIgniter.php(361): CodeIgniter\CodeIgniter->handleRequest(null, Object(Config\Cache), false)
 7 FCPATH\index.php(79): CodeIgniter\CodeIgniter->run()
 8 SYSTEMPATH\Commands\Server\rewrite.php(47): require_once('C:\\xampp\\htdocs\\ProgramWeb\\public\\index.php')
WARNING - 2024-03-19 07:50:55 --> [DEPRECATED] Creation of dynamic property App\Controllers\Mahasiswa::$data is deprecated in APPPATH\Controllers\Mahasiswa.php on line 19.
 1 SYSTEMPATH\CodeIgniter.php(914): App\Controllers\Mahasiswa->__construct()
 2 SYSTEMPATH\CodeIgniter.php(493): CodeIgniter\CodeIgniter->createController()
 3 SYSTEMPATH\CodeIgniter.php(361): CodeIgniter\CodeIgniter->handleRequest(null, Object(Config\Cache), false)
 4 FCPATH\index.php(79): CodeIgniter\CodeIgniter->run()
 5 SYSTEMPATH\Commands\Server\rewrite.php(47): require_once('C:\\xampp\\htdocs\\ProgramWeb\\public\\index.php')
CRITICAL - 2024-03-19 07:50:55 --> Undefined array key "kode_prodi"
in APPPATH\Views\layouts\master\mahasiswa\view-mahasiswa.php on line 201.
 1 APPPATH\Views\layouts\master\mahasiswa\view-mahasiswa.php(201): CodeIgniter\Debug\Exceptions->errorHandler(2, 'Undefined array key "kode_prodi"', 'C:\\xampp\\htdocs\\ProgramWeb\\app\\Views\\layouts\\master\\mahasiswa\\view-mahasiswa.php', 201)
 2 SYSTEMPATH\View\View.php(228): include('C:\\xampp\\htdocs\\ProgramWeb\\app\\Views\\layouts\\master\\mahasiswa\\view-mahasiswa.php')
 3 SYSTEMPATH\View\View.php(231): CodeIgniter\View\View->CodeIgniter\View\{closure}()
 4 SYSTEMPATH\Common.php(1190): CodeIgniter\View\View->render('layouts/master/mahasiswa/view-mahasiswa', [], true)
 5 APPPATH\Controllers\Mahasiswa.php(26): view('layouts/master/mahasiswa/view-mahasiswa', [...])
 6 SYSTEMPATH\CodeIgniter.php(942): App\Controllers\Mahasiswa->index()
 7 SYSTEMPATH\CodeIgniter.php(502): CodeIgniter\CodeIgniter->runController(Object(App\Controllers\Mahasiswa))
 8 SYSTEMPATH\CodeIgniter.php(361): CodeIgniter\CodeIgniter->handleRequest(null, Object(Config\Cache), false)
 9 FCPATH\index.php(79): CodeIgniter\CodeIgniter->run()
10 SYSTEMPATH\Commands\Server\rewrite.php(47): require_once('C:\\xampp\\htdocs\\ProgramWeb\\public\\index.php')
WARNING - 2024-03-19 07:54:10 --> [DEPRECATED] Creation of dynamic property App\Controllers\Mahasiswa::$data is deprecated in APPPATH\Controllers\Mahasiswa.php on line 19.
 1 SYSTEMPATH\CodeIgniter.php(914): App\Controllers\Mahasiswa->__construct()
 2 SYSTEMPATH\CodeIgniter.php(493): CodeIgniter\CodeIgniter->createController()
 3 SYSTEMPATH\CodeIgniter.php(361): CodeIgniter\CodeIgniter->handleRequest(null, Object(Config\Cache), false)
 4 FCPATH\index.php(79): CodeIgniter\CodeIgniter->run()
 5 SYSTEMPATH\Commands\Server\rewrite.php(47): require_once('C:\\xampp\\htdocs\\ProgramWeb\\public\\index.php')
WARNING - 2024-03-19 07:54:12 --> [DEPRECATED] Creation of dynamic property App\Controllers\Mahasiswa::$data is deprecated in APPPATH\Controllers\Mahasiswa.php on line 19.
 1 SYSTEMPATH\CodeIgniter.php(914): App\Controllers\Mahasiswa->__construct()
 2 SYSTEMPATH\CodeIgniter.php(493): CodeIgniter\CodeIgniter->createController()
 3 SYSTEMPATH\CodeIgniter.php(361): CodeIgniter\CodeIgniter->handleRequest(null, Object(Config\Cache), false)
 4 FCPATH\index.php(79): CodeIgniter\CodeIgniter->run()
 5 SYSTEMPATH\Commands\Server\rewrite.php(47): require_once('C:\\xampp\\htdocs\\ProgramWeb\\public\\index.php')
WARNING - 2024-03-19 07:54:38 --> [DEPRECATED] Creation of dynamic property App\Controllers\Mahasiswa::$data is deprecated in APPPATH\Controllers\Mahasiswa.php on line 19.
 1 SYSTEMPATH\CodeIgniter.php(914): App\Controllers\Mahasiswa->__construct()
 2 SYSTEMPATH\CodeIgniter.php(493): CodeIgniter\CodeIgniter->createController()
 3 SYSTEMPATH\CodeIgniter.php(361): CodeIgniter\CodeIgniter->handleRequest(null, Object(Config\Cache), false)
 4 FCPATH\index.php(79): CodeIgniter\CodeIgniter->run()
 5 SYSTEMPATH\Commands\Server\rewrite.php(47): require_once('C:\\xampp\\htdocs\\ProgramWeb\\public\\index.php')
WARNING - 2024-03-19 07:54:38 --> [DEPRECATED] Creation of dynamic property App\Controllers\Mahasiswa::$data is deprecated in APPPATH\Controllers\Mahasiswa.php on line 19.
 1 SYSTEMPATH\CodeIgniter.php(914): App\Controllers\Mahasiswa->__construct()
 2 SYSTEMPATH\CodeIgniter.php(493): CodeIgniter\CodeIgniter->createController()
 3 SYSTEMPATH\CodeIgniter.php(361): CodeIgniter\CodeIgniter->handleRequest(null, Object(Config\Cache), false)
 4 FCPATH\index.php(79): CodeIgniter\CodeIgniter->run()
 5 SYSTEMPATH\Commands\Server\rewrite.php(47): require_once('C:\\xampp\\htdocs\\ProgramWeb\\public\\index.php')
WARNING - 2024-03-19 07:55:31 --> [DEPRECATED] Creation of dynamic property App\Controllers\Mahasiswa::$data is deprecated in APPPATH\Controllers\Mahasiswa.php on line 19.
 1 SYSTEMPATH\CodeIgniter.php(914): App\Controllers\Mahasiswa->__construct()
 2 SYSTEMPATH\CodeIgniter.php(493): CodeIgniter\CodeIgniter->createController()
 3 SYSTEMPATH\CodeIgniter.php(361): CodeIgniter\CodeIgniter->handleRequest(null, Object(Config\Cache), false)
 4 FCPATH\index.php(79): CodeIgniter\CodeIgniter->run()
 5 SYSTEMPATH\Commands\Server\rewrite.php(47): require_once('C:\\xampp\\htdocs\\ProgramWeb\\public\\index.php')
WARNING - 2024-03-19 07:56:41 --> [DEPRECATED] Creation of dynamic property App\Controllers\Mahasiswa::$data is deprecated in APPPATH\Controllers\Mahasiswa.php on line 19.
 1 SYSTEMPATH\CodeIgniter.php(914): App\Controllers\Mahasiswa->__construct()
 2 SYSTEMPATH\CodeIgniter.php(493): CodeIgniter\CodeIgniter->createController()
 3 SYSTEMPATH\CodeIgniter.php(361): CodeIgniter\CodeIgniter->handleRequest(null, Object(Config\Cache), false)
 4 FCPATH\index.php(79): CodeIgniter\CodeIgniter->run()
 5 SYSTEMPATH\Commands\Server\rewrite.php(47): require_once('C:\\xampp\\htdocs\\ProgramWeb\\public\\index.php')
WARNING - 2024-03-19 08:04:31 --> [DEPRECATED] Creation of dynamic property App\Controllers\Mahasiswa::$data is deprecated in APPPATH\Controllers\Mahasiswa.php on line 19.
 1 SYSTEMPATH\CodeIgniter.php(914): App\Controllers\Mahasiswa->__construct()
 2 SYSTEMPATH\CodeIgniter.php(493): CodeIgniter\CodeIgniter->createController()
 3 SYSTEMPATH\CodeIgniter.php(361): CodeIgniter\CodeIgniter->handleRequest(null, Object(Config\Cache), false)
 4 FCPATH\index.php(79): CodeIgniter\CodeIgniter->run()
 5 SYSTEMPATH\Commands\Server\rewrite.php(47): require_once('C:\\xampp\\htdocs\\ProgramWeb\\public\\index.php')
CRITICAL - 2024-03-19 08:04:31 --> Undefined array key "kode_prodi"
in APPPATH\Views\layouts\master\mahasiswa\view-mahasiswa.php on line 201.
 1 APPPATH\Views\layouts\master\mahasiswa\view-mahasiswa.php(201): CodeIgniter\Debug\Exceptions->errorHandler(2, 'Undefined array key "kode_prodi"', 'C:\\xampp\\htdocs\\ProgramWeb\\app\\Views\\layouts\\master\\mahasiswa\\view-mahasiswa.php', 201)
 2 SYSTEMPATH\View\View.php(228): include('C:\\xampp\\htdocs\\ProgramWeb\\app\\Views\\layouts\\master\\mahasiswa\\view-mahasiswa.php')
 3 SYSTEMPATH\View\View.php(231): CodeIgniter\View\View->CodeIgniter\View\{closure}()
 4 SYSTEMPATH\Common.php(1190): CodeIgniter\View\View->render('layouts/master/mahasiswa/view-mahasiswa', [], true)
 5 APPPATH\Controllers\Mahasiswa.php(26): view('layouts/master/mahasiswa/view-mahasiswa', [...])
 6 SYSTEMPATH\CodeIgniter.php(942): App\Controllers\Mahasiswa->index()
 7 SYSTEMPATH\CodeIgniter.php(502): CodeIgniter\CodeIgniter->runController(Object(App\Controllers\Mahasiswa))
 8 SYSTEMPATH\CodeIgniter.php(361): CodeIgniter\CodeIgniter->handleRequest(null, Object(Config\Cache), false)
 9 FCPATH\index.php(79): CodeIgniter\CodeIgniter->run()
10 SYSTEMPATH\Commands\Server\rewrite.php(47): require_once('C:\\xampp\\htdocs\\ProgramWeb\\public\\index.php')
WARNING - 2024-03-19 08:05:43 --> [DEPRECATED] Creation of dynamic property App\Controllers\Mahasiswa::$data is deprecated in APPPATH\Controllers\Mahasiswa.php on line 19.
 1 SYSTEMPATH\CodeIgniter.php(914): App\Controllers\Mahasiswa->__construct()
 2 SYSTEMPATH\CodeIgniter.php(493): CodeIgniter\CodeIgniter->createController()
 3 SYSTEMPATH\CodeIgniter.php(361): CodeIgniter\CodeIgniter->handleRequest(null, Object(Config\Cache), false)
 4 FCPATH\index.php(79): CodeIgniter\CodeIgniter->run()
 5 SYSTEMPATH\Commands\Server\rewrite.php(47): require_once('C:\\xampp\\htdocs\\ProgramWeb\\public\\index.php')
WARNING - 2024-03-19 08:06:16 --> [DEPRECATED] Creation of dynamic property App\Controllers\Mahasiswa::$data is deprecated in APPPATH\Controllers\Mahasiswa.php on line 19.
 1 SYSTEMPATH\CodeIgniter.php(914): App\Controllers\Mahasiswa->__construct()
 2 SYSTEMPATH\CodeIgniter.php(493): CodeIgniter\CodeIgniter->createController()
 3 SYSTEMPATH\CodeIgniter.php(361): CodeIgniter\CodeIgniter->handleRequest(null, Object(Config\Cache), false)
 4 FCPATH\index.php(79): CodeIgniter\CodeIgniter->run()
 5 SYSTEMPATH\Commands\Server\rewrite.php(47): require_once('C:\\xampp\\htdocs\\ProgramWeb\\public\\index.php')
WARNING - 2024-03-19 08:06:27 --> [DEPRECATED] Creation of dynamic property App\Controllers\Mahasiswa::$data is deprecated in APPPATH\Controllers\Mahasiswa.php on line 19.
 1 SYSTEMPATH\CodeIgniter.php(914): App\Controllers\Mahasiswa->__construct()
 2 SYSTEMPATH\CodeIgniter.php(493): CodeIgniter\CodeIgniter->createController()
 3 SYSTEMPATH\CodeIgniter.php(361): CodeIgniter\CodeIgniter->handleRequest(null, Object(Config\Cache), false)
 4 FCPATH\index.php(79): CodeIgniter\CodeIgniter->run()
 5 SYSTEMPATH\Commands\Server\rewrite.php(47): require_once('C:\\xampp\\htdocs\\ProgramWeb\\public\\index.php')
WARNING - 2024-03-19 08:07:59 --> [DEPRECATED] Creation of dynamic property App\Controllers\Mahasiswa::$data is deprecated in APPPATH\Controllers\Mahasiswa.php on line 19.
 1 SYSTEMPATH\CodeIgniter.php(914): App\Controllers\Mahasiswa->__construct()
 2 SYSTEMPATH\CodeIgniter.php(493): CodeIgniter\CodeIgniter->createController()
 3 SYSTEMPATH\CodeIgniter.php(361): CodeIgniter\CodeIgniter->handleRequest(null, Object(Config\Cache), false)
 4 FCPATH\index.php(79): CodeIgniter\CodeIgniter->run()
 5 SYSTEMPATH\Commands\Server\rewrite.php(47): require_once('C:\\xampp\\htdocs\\ProgramWeb\\public\\index.php')
WARNING - 2024-03-19 08:09:17 --> [DEPRECATED] Creation of dynamic property App\Controllers\Mahasiswa::$data is deprecated in APPPATH\Controllers\Mahasiswa.php on line 19.
 1 SYSTEMPATH\CodeIgniter.php(914): App\Controllers\Mahasiswa->__construct()
 2 SYSTEMPATH\CodeIgniter.php(493): CodeIgniter\CodeIgniter->createController()
 3 SYSTEMPATH\CodeIgniter.php(361): CodeIgniter\CodeIgniter->handleRequest(null, Object(Config\Cache), false)
 4 FCPATH\index.php(79): CodeIgniter\CodeIgniter->run()
 5 SYSTEMPATH\Commands\Server\rewrite.php(47): require_once('C:\\xampp\\htdocs\\ProgramWeb\\public\\index.php')
WARNING - 2024-03-19 08:17:41 --> [DEPRECATED] Creation of dynamic property App\Controllers\Mahasiswa::$data is deprecated in APPPATH\Controllers\Mahasiswa.php on line 19.
 1 SYSTEMPATH\CodeIgniter.php(914): App\Controllers\Mahasiswa->__construct()
 2 SYSTEMPATH\CodeIgniter.php(493): CodeIgniter\CodeIgniter->createController()
 3 SYSTEMPATH\CodeIgniter.php(361): CodeIgniter\CodeIgniter->handleRequest(null, Object(Config\Cache), false)
 4 FCPATH\index.php(79): CodeIgniter\CodeIgniter->run()
 5 SYSTEMPATH\Commands\Server\rewrite.php(47): require_once('C:\\xampp\\htdocs\\ProgramWeb\\public\\index.php')
