WARNING - 2024-03-18 00:40:59 --> [DEPRECATED] Creation of dynamic property App\Controllers\Mahasiswa::$data is deprecated in APPPATH\Controllers\Mahasiswa.php on line 19.
 1 SYSTEMPATH\CodeIgniter.php(914): App\Controllers\Mahasiswa->__construct()
 2 SYSTEMPATH\CodeIgniter.php(493): CodeIgniter\CodeIgniter->createController()
 3 SYSTEMPATH\CodeIgniter.php(361): CodeIgniter\CodeIgniter->handleRequest(null, Object(Config\Cache), false)
 4 FCPATH\index.php(79): CodeIgniter\CodeIgniter->run()
 5 SYSTEMPATH\Commands\Server\rewrite.php(47): require_once('C:\\xampp\\htdocs\\ProgramWeb\\public\\index.php')
WARNING - 2024-03-18 00:42:35 --> [DEPRECATED] Creation of dynamic property App\Controllers\Mahasiswa::$data is deprecated in APPPATH\Controllers\Mahasiswa.php on line 19.
 1 SYSTEMPATH\CodeIgniter.php(914): App\Controllers\Mahasiswa->__construct()
 2 SYSTEMPATH\CodeIgniter.php(493): CodeIgniter\CodeIgniter->createController()
 3 SYSTEMPATH\CodeIgniter.php(361): CodeIgniter\CodeIgniter->handleRequest(null, Object(Config\Cache), false)
 4 FCPATH\index.php(79): CodeIgniter\CodeIgniter->run()
 5 SYSTEMPATH\Commands\Server\rewrite.php(47): require_once('C:\\xampp\\htdocs\\ProgramWeb\\public\\index.php')
WARNING - 2024-03-18 00:42:39 --> [DEPRECATED] Creation of dynamic property App\Controllers\Mahasiswa::$data is deprecated in APPPATH\Controllers\Mahasiswa.php on line 19.
 1 SYSTEMPATH\CodeIgniter.php(914): App\Controllers\Mahasiswa->__construct()
 2 SYSTEMPATH\CodeIgniter.php(493): CodeIgniter\CodeIgniter->createController()
 3 SYSTEMPATH\CodeIgniter.php(361): CodeIgniter\CodeIgniter->handleRequest(null, Object(Config\Cache), false)
 4 FCPATH\index.php(79): CodeIgniter\CodeIgniter->run()
 5 SYSTEMPATH\Commands\Server\rewrite.php(47): require_once('C:\\xampp\\htdocs\\ProgramWeb\\public\\index.php')
WARNING - 2024-03-18 00:43:59 --> [DEPRECATED] Creation of dynamic property App\Controllers\Mahasiswa::$data is deprecated in APPPATH\Controllers\Mahasiswa.php on line 19.
 1 SYSTEMPATH\CodeIgniter.php(914): App\Controllers\Mahasiswa->__construct()
 2 SYSTEMPATH\CodeIgniter.php(493): CodeIgniter\CodeIgniter->createController()
 3 SYSTEMPATH\CodeIgniter.php(361): CodeIgniter\CodeIgniter->handleRequest(null, Object(Config\Cache), false)
 4 FCPATH\index.php(79): CodeIgniter\CodeIgniter->run()
 5 SYSTEMPATH\Commands\Server\rewrite.php(47): require_once('C:\\xampp\\htdocs\\ProgramWeb\\public\\index.php')
WARNING - 2024-03-18 00:44:49 --> [DEPRECATED] Creation of dynamic property App\Controllers\Mahasiswa::$data is deprecated in APPPATH\Controllers\Mahasiswa.php on line 19.
 1 SYSTEMPATH\CodeIgniter.php(914): App\Controllers\Mahasiswa->__construct()
 2 SYSTEMPATH\CodeIgniter.php(493): CodeIgniter\CodeIgniter->createController()
 3 SYSTEMPATH\CodeIgniter.php(361): CodeIgniter\CodeIgniter->handleRequest(null, Object(Config\Cache), false)
 4 FCPATH\index.php(79): CodeIgniter\CodeIgniter->run()
 5 SYSTEMPATH\Commands\Server\rewrite.php(47): require_once('C:\\xampp\\htdocs\\ProgramWeb\\public\\index.php')
WARNING - 2024-03-18 00:44:49 --> [DEPRECATED] Creation of dynamic property App\Controllers\Mahasiswa::$data is deprecated in APPPATH\Controllers\Mahasiswa.php on line 19.
 1 SYSTEMPATH\CodeIgniter.php(914): App\Controllers\Mahasiswa->__construct()
 2 SYSTEMPATH\CodeIgniter.php(493): CodeIgniter\CodeIgniter->createController()
 3 SYSTEMPATH\CodeIgniter.php(361): CodeIgniter\CodeIgniter->handleRequest(null, Object(Config\Cache), false)
 4 FCPATH\index.php(79): CodeIgniter\CodeIgniter->run()
 5 SYSTEMPATH\Commands\Server\rewrite.php(47): require_once('C:\\xampp\\htdocs\\ProgramWeb\\public\\index.php')
WARNING - 2024-03-18 00:56:20 --> [DEPRECATED] Creation of dynamic property App\Controllers\Mahasiswa::$data is deprecated in APPPATH\Controllers\Mahasiswa.php on line 19.
 1 SYSTEMPATH\CodeIgniter.php(914): App\Controllers\Mahasiswa->__construct()
 2 SYSTEMPATH\CodeIgniter.php(493): CodeIgniter\CodeIgniter->createController()
 3 SYSTEMPATH\CodeIgniter.php(361): CodeIgniter\CodeIgniter->handleRequest(null, Object(Config\Cache), false)
 4 FCPATH\index.php(79): CodeIgniter\CodeIgniter->run()
 5 SYSTEMPATH\Commands\Server\rewrite.php(47): require_once('C:\\xampp\\htdocs\\ProgramWeb\\public\\index.php')
WARNING - 2024-03-18 00:59:30 --> [DEPRECATED] Creation of dynamic property App\Controllers\Mahasiswa::$data is deprecated in APPPATH\Controllers\Mahasiswa.php on line 19.
 1 SYSTEMPATH\CodeIgniter.php(914): App\Controllers\Mahasiswa->__construct()
 2 SYSTEMPATH\CodeIgniter.php(493): CodeIgniter\CodeIgniter->createController()
 3 SYSTEMPATH\CodeIgniter.php(361): CodeIgniter\CodeIgniter->handleRequest(null, Object(Config\Cache), false)
 4 FCPATH\index.php(79): CodeIgniter\CodeIgniter->run()
 5 SYSTEMPATH\Commands\Server\rewrite.php(47): require_once('C:\\xampp\\htdocs\\ProgramWeb\\public\\index.php')
CRITICAL - 2024-03-18 00:59:30 --> Undefined array key "nim"
in APPPATH\Views\layouts\master\v_mahasiswa.php on line 170.
 1 APPPATH\Views\layouts\master\v_mahasiswa.php(170): CodeIgniter\Debug\Exceptions->errorHandler(2, 'Undefined array key "nim"', 'C:\\xampp\\htdocs\\ProgramWeb\\app\\Views\\layouts\\master\\v_mahasiswa.php', 170)
 2 SYSTEMPATH\View\View.php(228): include('C:\\xampp\\htdocs\\ProgramWeb\\app\\Views\\layouts\\master\\v_mahasiswa.php')
 3 SYSTEMPATH\View\View.php(231): CodeIgniter\View\View->CodeIgniter\View\{closure}()
 4 SYSTEMPATH\Common.php(1190): CodeIgniter\View\View->render('layouts/master/v_mahasiswa', [], true)
 5 APPPATH\Controllers\Mahasiswa.php(28): view('layouts/master/v_mahasiswa', [...])
 6 SYSTEMPATH\CodeIgniter.php(942): App\Controllers\Mahasiswa->index()
 7 SYSTEMPATH\CodeIgniter.php(502): CodeIgniter\CodeIgniter->runController(Object(App\Controllers\Mahasiswa))
 8 SYSTEMPATH\CodeIgniter.php(361): CodeIgniter\CodeIgniter->handleRequest(null, Object(Config\Cache), false)
 9 FCPATH\index.php(79): CodeIgniter\CodeIgniter->run()
10 SYSTEMPATH\Commands\Server\rewrite.php(47): require_once('C:\\xampp\\htdocs\\ProgramWeb\\public\\index.php')
CRITICAL - 2024-03-18 01:02:01 --> syntax error, unexpected token ")", expecting variable
in APPPATH\Controllers\Mahasiswa.php on line 58.
 1 SYSTEMPATH\Autoloader\Autoloader.php(291): CodeIgniter\Autoloader\Autoloader->includeFile('C:\\xampp\\htdocs\\ProgramWeb\\app\\Controllers\\Mahasiswa.php')
 2 SYSTEMPATH\Autoloader\Autoloader.php(269): CodeIgniter\Autoloader\Autoloader->loadInNamespace('App\\Controllers\\Mahasiswa')
 3 [internal function]: CodeIgniter\Autoloader\Autoloader->loadClass('App\\Controllers\\Mahasiswa')
 4 SYSTEMPATH\CodeIgniter.php(900): class_exists('\\App\\Controllers\\Mahasiswa', true)
 5 SYSTEMPATH\CodeIgniter.php(489): CodeIgniter\CodeIgniter->startController()
 6 SYSTEMPATH\CodeIgniter.php(361): CodeIgniter\CodeIgniter->handleRequest(null, Object(Config\Cache), false)
 7 FCPATH\index.php(79): CodeIgniter\CodeIgniter->run()
 8 SYSTEMPATH\Commands\Server\rewrite.php(47): require_once('C:\\xampp\\htdocs\\ProgramWeb\\public\\index.php')
WARNING - 2024-03-18 01:08:13 --> [DEPRECATED] Creation of dynamic property App\Controllers\Mahasiswa::$data is deprecated in APPPATH\Controllers\Mahasiswa.php on line 19.
 1 SYSTEMPATH\CodeIgniter.php(914): App\Controllers\Mahasiswa->__construct()
 2 SYSTEMPATH\CodeIgniter.php(493): CodeIgniter\CodeIgniter->createController()
 3 SYSTEMPATH\CodeIgniter.php(361): CodeIgniter\CodeIgniter->handleRequest(null, Object(Config\Cache), false)
 4 FCPATH\index.php(79): CodeIgniter\CodeIgniter->run()
 5 SYSTEMPATH\Commands\Server\rewrite.php(47): require_once('C:\\xampp\\htdocs\\ProgramWeb\\public\\index.php')
CRITICAL - 2024-03-18 01:08:13 --> Undefined array key "nim"
in APPPATH\Views\layouts\master\mahasiswa\v_mahasiswa.php on line 170.
 1 APPPATH\Views\layouts\master\mahasiswa\v_mahasiswa.php(170): CodeIgniter\Debug\Exceptions->errorHandler(2, 'Undefined array key "nim"', 'C:\\xampp\\htdocs\\ProgramWeb\\app\\Views\\layouts\\master\\mahasiswa\\v_mahasiswa.php', 170)
 2 SYSTEMPATH\View\View.php(228): include('C:\\xampp\\htdocs\\ProgramWeb\\app\\Views\\layouts\\master\\mahasiswa\\v_mahasiswa.php')
 3 SYSTEMPATH\View\View.php(231): CodeIgniter\View\View->CodeIgniter\View\{closure}()
 4 SYSTEMPATH\Common.php(1190): CodeIgniter\View\View->render('layouts/master/mahasiswa/v_mahasiswa', [], true)
 5 APPPATH\Controllers\Mahasiswa.php(28): view('layouts/master/mahasiswa/v_mahasiswa', [...])
 6 SYSTEMPATH\CodeIgniter.php(942): App\Controllers\Mahasiswa->index()
 7 SYSTEMPATH\CodeIgniter.php(502): CodeIgniter\CodeIgniter->runController(Object(App\Controllers\Mahasiswa))
 8 SYSTEMPATH\CodeIgniter.php(361): CodeIgniter\CodeIgniter->handleRequest(null, Object(Config\Cache), false)
 9 FCPATH\index.php(79): CodeIgniter\CodeIgniter->run()
10 SYSTEMPATH\Commands\Server\rewrite.php(47): require_once('C:\\xampp\\htdocs\\ProgramWeb\\public\\index.php')
WARNING - 2024-03-18 01:08:57 --> [DEPRECATED] Creation of dynamic property App\Controllers\Mahasiswa::$data is deprecated in APPPATH\Controllers\Mahasiswa.php on line 19.
 1 SYSTEMPATH\CodeIgniter.php(914): App\Controllers\Mahasiswa->__construct()
 2 SYSTEMPATH\CodeIgniter.php(493): CodeIgniter\CodeIgniter->createController()
 3 SYSTEMPATH\CodeIgniter.php(361): CodeIgniter\CodeIgniter->handleRequest(null, Object(Config\Cache), false)
 4 FCPATH\index.php(79): CodeIgniter\CodeIgniter->run()
 5 SYSTEMPATH\Commands\Server\rewrite.php(47): require_once('C:\\xampp\\htdocs\\ProgramWeb\\public\\index.php')
CRITICAL - 2024-03-18 01:08:57 --> Undefined array key "nim"
in APPPATH\Views\layouts\master\mahasiswa\v_mahasiswa.php on line 170.
 1 APPPATH\Views\layouts\master\mahasiswa\v_mahasiswa.php(170): CodeIgniter\Debug\Exceptions->errorHandler(2, 'Undefined array key "nim"', 'C:\\xampp\\htdocs\\ProgramWeb\\app\\Views\\layouts\\master\\mahasiswa\\v_mahasiswa.php', 170)
 2 SYSTEMPATH\View\View.php(228): include('C:\\xampp\\htdocs\\ProgramWeb\\app\\Views\\layouts\\master\\mahasiswa\\v_mahasiswa.php')
 3 SYSTEMPATH\View\View.php(231): CodeIgniter\View\View->CodeIgniter\View\{closure}()
 4 SYSTEMPATH\Common.php(1190): CodeIgniter\View\View->render('layouts/master/mahasiswa/v_mahasiswa', [], true)
 5 APPPATH\Controllers\Mahasiswa.php(28): view('layouts/master/mahasiswa/v_mahasiswa', [...])
 6 SYSTEMPATH\CodeIgniter.php(942): App\Controllers\Mahasiswa->index()
 7 SYSTEMPATH\CodeIgniter.php(502): CodeIgniter\CodeIgniter->runController(Object(App\Controllers\Mahasiswa))
 8 SYSTEMPATH\CodeIgniter.php(361): CodeIgniter\CodeIgniter->handleRequest(null, Object(Config\Cache), false)
 9 FCPATH\index.php(79): CodeIgniter\CodeIgniter->run()
10 SYSTEMPATH\Commands\Server\rewrite.php(47): require_once('C:\\xampp\\htdocs\\ProgramWeb\\public\\index.php')
WARNING - 2024-03-18 01:08:58 --> [DEPRECATED] Creation of dynamic property App\Controllers\Mahasiswa::$data is deprecated in APPPATH\Controllers\Mahasiswa.php on line 19.
 1 SYSTEMPATH\CodeIgniter.php(914): App\Controllers\Mahasiswa->__construct()
 2 SYSTEMPATH\CodeIgniter.php(493): CodeIgniter\CodeIgniter->createController()
 3 SYSTEMPATH\CodeIgniter.php(361): CodeIgniter\CodeIgniter->handleRequest(null, Object(Config\Cache), false)
 4 FCPATH\index.php(79): CodeIgniter\CodeIgniter->run()
 5 SYSTEMPATH\Commands\Server\rewrite.php(47): require_once('C:\\xampp\\htdocs\\ProgramWeb\\public\\index.php')
CRITICAL - 2024-03-18 01:08:58 --> Undefined array key "nim"
in APPPATH\Views\layouts\master\mahasiswa\v_mahasiswa.php on line 170.
 1 APPPATH\Views\layouts\master\mahasiswa\v_mahasiswa.php(170): CodeIgniter\Debug\Exceptions->errorHandler(2, 'Undefined array key "nim"', 'C:\\xampp\\htdocs\\ProgramWeb\\app\\Views\\layouts\\master\\mahasiswa\\v_mahasiswa.php', 170)
 2 SYSTEMPATH\View\View.php(228): include('C:\\xampp\\htdocs\\ProgramWeb\\app\\Views\\layouts\\master\\mahasiswa\\v_mahasiswa.php')
 3 SYSTEMPATH\View\View.php(231): CodeIgniter\View\View->CodeIgniter\View\{closure}()
 4 SYSTEMPATH\Common.php(1190): CodeIgniter\View\View->render('layouts/master/mahasiswa/v_mahasiswa', [], true)
 5 APPPATH\Controllers\Mahasiswa.php(28): view('layouts/master/mahasiswa/v_mahasiswa', [...])
 6 SYSTEMPATH\CodeIgniter.php(942): App\Controllers\Mahasiswa->index()
 7 SYSTEMPATH\CodeIgniter.php(502): CodeIgniter\CodeIgniter->runController(Object(App\Controllers\Mahasiswa))
 8 SYSTEMPATH\CodeIgniter.php(361): CodeIgniter\CodeIgniter->handleRequest(null, Object(Config\Cache), false)
 9 FCPATH\index.php(79): CodeIgniter\CodeIgniter->run()
10 SYSTEMPATH\Commands\Server\rewrite.php(47): require_once('C:\\xampp\\htdocs\\ProgramWeb\\public\\index.php')
WARNING - 2024-03-18 01:08:59 --> [DEPRECATED] Creation of dynamic property App\Controllers\Mahasiswa::$data is deprecated in APPPATH\Controllers\Mahasiswa.php on line 19.
 1 SYSTEMPATH\CodeIgniter.php(914): App\Controllers\Mahasiswa->__construct()
 2 SYSTEMPATH\CodeIgniter.php(493): CodeIgniter\CodeIgniter->createController()
 3 SYSTEMPATH\CodeIgniter.php(361): CodeIgniter\CodeIgniter->handleRequest(null, Object(Config\Cache), false)
 4 FCPATH\index.php(79): CodeIgniter\CodeIgniter->run()
 5 SYSTEMPATH\Commands\Server\rewrite.php(47): require_once('C:\\xampp\\htdocs\\ProgramWeb\\public\\index.php')
CRITICAL - 2024-03-18 01:08:59 --> Undefined array key "nim"
in APPPATH\Views\layouts\master\mahasiswa\v_mahasiswa.php on line 170.
 1 APPPATH\Views\layouts\master\mahasiswa\v_mahasiswa.php(170): CodeIgniter\Debug\Exceptions->errorHandler(2, 'Undefined array key "nim"', 'C:\\xampp\\htdocs\\ProgramWeb\\app\\Views\\layouts\\master\\mahasiswa\\v_mahasiswa.php', 170)
 2 SYSTEMPATH\View\View.php(228): include('C:\\xampp\\htdocs\\ProgramWeb\\app\\Views\\layouts\\master\\mahasiswa\\v_mahasiswa.php')
 3 SYSTEMPATH\View\View.php(231): CodeIgniter\View\View->CodeIgniter\View\{closure}()
 4 SYSTEMPATH\Common.php(1190): CodeIgniter\View\View->render('layouts/master/mahasiswa/v_mahasiswa', [], true)
 5 APPPATH\Controllers\Mahasiswa.php(28): view('layouts/master/mahasiswa/v_mahasiswa', [...])
 6 SYSTEMPATH\CodeIgniter.php(942): App\Controllers\Mahasiswa->index()
 7 SYSTEMPATH\CodeIgniter.php(502): CodeIgniter\CodeIgniter->runController(Object(App\Controllers\Mahasiswa))
 8 SYSTEMPATH\CodeIgniter.php(361): CodeIgniter\CodeIgniter->handleRequest(null, Object(Config\Cache), false)
 9 FCPATH\index.php(79): CodeIgniter\CodeIgniter->run()
10 SYSTEMPATH\Commands\Server\rewrite.php(47): require_once('C:\\xampp\\htdocs\\ProgramWeb\\public\\index.php')
WARNING - 2024-03-18 01:08:59 --> [DEPRECATED] Creation of dynamic property App\Controllers\Mahasiswa::$data is deprecated in APPPATH\Controllers\Mahasiswa.php on line 19.
 1 SYSTEMPATH\CodeIgniter.php(914): App\Controllers\Mahasiswa->__construct()
 2 SYSTEMPATH\CodeIgniter.php(493): CodeIgniter\CodeIgniter->createController()
 3 SYSTEMPATH\CodeIgniter.php(361): CodeIgniter\CodeIgniter->handleRequest(null, Object(Config\Cache), false)
 4 FCPATH\index.php(79): CodeIgniter\CodeIgniter->run()
 5 SYSTEMPATH\Commands\Server\rewrite.php(47): require_once('C:\\xampp\\htdocs\\ProgramWeb\\public\\index.php')
CRITICAL - 2024-03-18 01:08:59 --> Undefined array key "nim"
in APPPATH\Views\layouts\master\mahasiswa\v_mahasiswa.php on line 170.
 1 APPPATH\Views\layouts\master\mahasiswa\v_mahasiswa.php(170): CodeIgniter\Debug\Exceptions->errorHandler(2, 'Undefined array key "nim"', 'C:\\xampp\\htdocs\\ProgramWeb\\app\\Views\\layouts\\master\\mahasiswa\\v_mahasiswa.php', 170)
 2 SYSTEMPATH\View\View.php(228): include('C:\\xampp\\htdocs\\ProgramWeb\\app\\Views\\layouts\\master\\mahasiswa\\v_mahasiswa.php')
 3 SYSTEMPATH\View\View.php(231): CodeIgniter\View\View->CodeIgniter\View\{closure}()
 4 SYSTEMPATH\Common.php(1190): CodeIgniter\View\View->render('layouts/master/mahasiswa/v_mahasiswa', [], true)
 5 APPPATH\Controllers\Mahasiswa.php(28): view('layouts/master/mahasiswa/v_mahasiswa', [...])
 6 SYSTEMPATH\CodeIgniter.php(942): App\Controllers\Mahasiswa->index()
 7 SYSTEMPATH\CodeIgniter.php(502): CodeIgniter\CodeIgniter->runController(Object(App\Controllers\Mahasiswa))
 8 SYSTEMPATH\CodeIgniter.php(361): CodeIgniter\CodeIgniter->handleRequest(null, Object(Config\Cache), false)
 9 FCPATH\index.php(79): CodeIgniter\CodeIgniter->run()
10 SYSTEMPATH\Commands\Server\rewrite.php(47): require_once('C:\\xampp\\htdocs\\ProgramWeb\\public\\index.php')
WARNING - 2024-03-18 01:09:42 --> [DEPRECATED] Creation of dynamic property App\Controllers\Mahasiswa::$data is deprecated in APPPATH\Controllers\Mahasiswa.php on line 19.
 1 SYSTEMPATH\CodeIgniter.php(914): App\Controllers\Mahasiswa->__construct()
 2 SYSTEMPATH\CodeIgniter.php(493): CodeIgniter\CodeIgniter->createController()
 3 SYSTEMPATH\CodeIgniter.php(361): CodeIgniter\CodeIgniter->handleRequest(null, Object(Config\Cache), false)
 4 FCPATH\index.php(79): CodeIgniter\CodeIgniter->run()
 5 SYSTEMPATH\Commands\Server\rewrite.php(47): require_once('C:\\xampp\\htdocs\\ProgramWeb\\public\\index.php')
WARNING - 2024-03-18 01:10:44 --> [DEPRECATED] Creation of dynamic property App\Controllers\Mahasiswa::$data is deprecated in APPPATH\Controllers\Mahasiswa.php on line 19.
 1 SYSTEMPATH\CodeIgniter.php(914): App\Controllers\Mahasiswa->__construct()
 2 SYSTEMPATH\CodeIgniter.php(493): CodeIgniter\CodeIgniter->createController()
 3 SYSTEMPATH\CodeIgniter.php(361): CodeIgniter\CodeIgniter->handleRequest(null, Object(Config\Cache), false)
 4 FCPATH\index.php(79): CodeIgniter\CodeIgniter->run()
 5 SYSTEMPATH\Commands\Server\rewrite.php(47): require_once('C:\\xampp\\htdocs\\ProgramWeb\\public\\index.php')
CRITICAL - 2024-03-18 01:10:44 --> Invalid file: "layouts/master/mahasiswa/v_mahasiswa.php"
in SYSTEMPATH\Exceptions\FrameworkException.php on line 39.
 1 SYSTEMPATH\View\View.php(216): CodeIgniter\Exceptions\FrameworkException::forInvalidFile('layouts/master/mahasiswa/v_mahasiswa.php')
 2 SYSTEMPATH\Common.php(1190): CodeIgniter\View\View->render('layouts/master/mahasiswa/v_mahasiswa', [], true)
 3 APPPATH\Controllers\Mahasiswa.php(28): view('layouts/master/mahasiswa/v_mahasiswa', [...])
 4 SYSTEMPATH\CodeIgniter.php(942): App\Controllers\Mahasiswa->index()
 5 SYSTEMPATH\CodeIgniter.php(502): CodeIgniter\CodeIgniter->runController(Object(App\Controllers\Mahasiswa))
 6 SYSTEMPATH\CodeIgniter.php(361): CodeIgniter\CodeIgniter->handleRequest(null, Object(Config\Cache), false)
 7 FCPATH\index.php(79): CodeIgniter\CodeIgniter->run()
 8 SYSTEMPATH\Commands\Server\rewrite.php(47): require_once('C:\\xampp\\htdocs\\ProgramWeb\\public\\index.php')
WARNING - 2024-03-18 01:10:57 --> [DEPRECATED] Creation of dynamic property App\Controllers\Mahasiswa::$data is deprecated in APPPATH\Controllers\Mahasiswa.php on line 19.
 1 SYSTEMPATH\CodeIgniter.php(914): App\Controllers\Mahasiswa->__construct()
 2 SYSTEMPATH\CodeIgniter.php(493): CodeIgniter\CodeIgniter->createController()
 3 SYSTEMPATH\CodeIgniter.php(361): CodeIgniter\CodeIgniter->handleRequest(null, Object(Config\Cache), false)
 4 FCPATH\index.php(79): CodeIgniter\CodeIgniter->run()
 5 SYSTEMPATH\Commands\Server\rewrite.php(47): require_once('C:\\xampp\\htdocs\\ProgramWeb\\public\\index.php')
CRITICAL - 2024-03-18 01:10:57 --> Undefined array key "nim"
in APPPATH\Views\layouts\master\v_mahasiswa.php on line 170.
 1 APPPATH\Views\layouts\master\v_mahasiswa.php(170): CodeIgniter\Debug\Exceptions->errorHandler(2, 'Undefined array key "nim"', 'C:\\xampp\\htdocs\\ProgramWeb\\app\\Views\\layouts\\master\\v_mahasiswa.php', 170)
 2 SYSTEMPATH\View\View.php(228): include('C:\\xampp\\htdocs\\ProgramWeb\\app\\Views\\layouts\\master\\v_mahasiswa.php')
 3 SYSTEMPATH\View\View.php(231): CodeIgniter\View\View->CodeIgniter\View\{closure}()
 4 SYSTEMPATH\Common.php(1190): CodeIgniter\View\View->render('layouts/master/v_mahasiswa', [], true)
 5 APPPATH\Controllers\Mahasiswa.php(28): view('layouts/master/v_mahasiswa', [...])
 6 SYSTEMPATH\CodeIgniter.php(942): App\Controllers\Mahasiswa->index()
 7 SYSTEMPATH\CodeIgniter.php(502): CodeIgniter\CodeIgniter->runController(Object(App\Controllers\Mahasiswa))
 8 SYSTEMPATH\CodeIgniter.php(361): CodeIgniter\CodeIgniter->handleRequest(null, Object(Config\Cache), false)
 9 FCPATH\index.php(79): CodeIgniter\CodeIgniter->run()
10 SYSTEMPATH\Commands\Server\rewrite.php(47): require_once('C:\\xampp\\htdocs\\ProgramWeb\\public\\index.php')
WARNING - 2024-03-18 01:19:18 --> [DEPRECATED] Creation of dynamic property App\Controllers\Mahasiswa::$data is deprecated in APPPATH\Controllers\Mahasiswa.php on line 19.
 1 SYSTEMPATH\CodeIgniter.php(914): App\Controllers\Mahasiswa->__construct()
 2 SYSTEMPATH\CodeIgniter.php(493): CodeIgniter\CodeIgniter->createController()
 3 SYSTEMPATH\CodeIgniter.php(361): CodeIgniter\CodeIgniter->handleRequest(null, Object(Config\Cache), false)
 4 FCPATH\index.php(79): CodeIgniter\CodeIgniter->run()
 5 SYSTEMPATH\Commands\Server\rewrite.php(47): require_once('C:\\xampp\\htdocs\\ProgramWeb\\public\\index.php')
CRITICAL - 2024-03-18 01:19:18 --> Undefined array key "nim"
in APPPATH\Views\layouts\master\v_mahasiswa.php on line 170.
 1 APPPATH\Views\layouts\master\v_mahasiswa.php(170): CodeIgniter\Debug\Exceptions->errorHandler(2, 'Undefined array key "nim"', 'C:\\xampp\\htdocs\\ProgramWeb\\app\\Views\\layouts\\master\\v_mahasiswa.php', 170)
 2 SYSTEMPATH\View\View.php(228): include('C:\\xampp\\htdocs\\ProgramWeb\\app\\Views\\layouts\\master\\v_mahasiswa.php')
 3 SYSTEMPATH\View\View.php(231): CodeIgniter\View\View->CodeIgniter\View\{closure}()
 4 SYSTEMPATH\Common.php(1190): CodeIgniter\View\View->render('layouts/master/v_mahasiswa', [], true)
 5 APPPATH\Controllers\Mahasiswa.php(28): view('layouts/master/v_mahasiswa', [...])
 6 SYSTEMPATH\CodeIgniter.php(942): App\Controllers\Mahasiswa->index()
 7 SYSTEMPATH\CodeIgniter.php(502): CodeIgniter\CodeIgniter->runController(Object(App\Controllers\Mahasiswa))
 8 SYSTEMPATH\CodeIgniter.php(361): CodeIgniter\CodeIgniter->handleRequest(null, Object(Config\Cache), false)
 9 FCPATH\index.php(79): CodeIgniter\CodeIgniter->run()
10 SYSTEMPATH\Commands\Server\rewrite.php(47): require_once('C:\\xampp\\htdocs\\ProgramWeb\\public\\index.php')
WARNING - 2024-03-18 01:23:42 --> [DEPRECATED] Creation of dynamic property App\Controllers\Mahasiswa::$data is deprecated in APPPATH\Controllers\Mahasiswa.php on line 19.
 1 SYSTEMPATH\CodeIgniter.php(914): App\Controllers\Mahasiswa->__construct()
 2 SYSTEMPATH\CodeIgniter.php(493): CodeIgniter\CodeIgniter->createController()
 3 SYSTEMPATH\CodeIgniter.php(361): CodeIgniter\CodeIgniter->handleRequest(null, Object(Config\Cache), false)
 4 FCPATH\index.php(79): CodeIgniter\CodeIgniter->run()
 5 SYSTEMPATH\Commands\Server\rewrite.php(47): require_once('C:\\xampp\\htdocs\\ProgramWeb\\public\\index.php')
CRITICAL - 2024-03-18 01:23:42 --> Undefined array key "nim"
in APPPATH\Views\layouts\master\v_mahasiswa.php on line 170.
 1 APPPATH\Views\layouts\master\v_mahasiswa.php(170): CodeIgniter\Debug\Exceptions->errorHandler(2, 'Undefined array key "nim"', 'C:\\xampp\\htdocs\\ProgramWeb\\app\\Views\\layouts\\master\\v_mahasiswa.php', 170)
 2 SYSTEMPATH\View\View.php(228): include('C:\\xampp\\htdocs\\ProgramWeb\\app\\Views\\layouts\\master\\v_mahasiswa.php')
 3 SYSTEMPATH\View\View.php(231): CodeIgniter\View\View->CodeIgniter\View\{closure}()
 4 SYSTEMPATH\Common.php(1190): CodeIgniter\View\View->render('layouts/master/v_mahasiswa', [], true)
 5 APPPATH\Controllers\Mahasiswa.php(28): view('layouts/master/v_mahasiswa', [...])
 6 SYSTEMPATH\CodeIgniter.php(942): App\Controllers\Mahasiswa->index()
 7 SYSTEMPATH\CodeIgniter.php(502): CodeIgniter\CodeIgniter->runController(Object(App\Controllers\Mahasiswa))
 8 SYSTEMPATH\CodeIgniter.php(361): CodeIgniter\CodeIgniter->handleRequest(null, Object(Config\Cache), false)
 9 FCPATH\index.php(79): CodeIgniter\CodeIgniter->run()
10 SYSTEMPATH\Commands\Server\rewrite.php(47): require_once('C:\\xampp\\htdocs\\ProgramWeb\\public\\index.php')
WARNING - 2024-03-18 01:23:44 --> [DEPRECATED] Creation of dynamic property App\Controllers\Mahasiswa::$data is deprecated in APPPATH\Controllers\Mahasiswa.php on line 19.
 1 SYSTEMPATH\CodeIgniter.php(914): App\Controllers\Mahasiswa->__construct()
 2 SYSTEMPATH\CodeIgniter.php(493): CodeIgniter\CodeIgniter->createController()
 3 SYSTEMPATH\CodeIgniter.php(361): CodeIgniter\CodeIgniter->handleRequest(null, Object(Config\Cache), false)
 4 FCPATH\index.php(79): CodeIgniter\CodeIgniter->run()
 5 SYSTEMPATH\Commands\Server\rewrite.php(47): require_once('C:\\xampp\\htdocs\\ProgramWeb\\public\\index.php')
CRITICAL - 2024-03-18 01:23:44 --> Undefined array key "nim"
in APPPATH\Views\layouts\master\v_mahasiswa.php on line 170.
 1 APPPATH\Views\layouts\master\v_mahasiswa.php(170): CodeIgniter\Debug\Exceptions->errorHandler(2, 'Undefined array key "nim"', 'C:\\xampp\\htdocs\\ProgramWeb\\app\\Views\\layouts\\master\\v_mahasiswa.php', 170)
 2 SYSTEMPATH\View\View.php(228): include('C:\\xampp\\htdocs\\ProgramWeb\\app\\Views\\layouts\\master\\v_mahasiswa.php')
 3 SYSTEMPATH\View\View.php(231): CodeIgniter\View\View->CodeIgniter\View\{closure}()
 4 SYSTEMPATH\Common.php(1190): CodeIgniter\View\View->render('layouts/master/v_mahasiswa', [], true)
 5 APPPATH\Controllers\Mahasiswa.php(28): view('layouts/master/v_mahasiswa', [...])
 6 SYSTEMPATH\CodeIgniter.php(942): App\Controllers\Mahasiswa->index()
 7 SYSTEMPATH\CodeIgniter.php(502): CodeIgniter\CodeIgniter->runController(Object(App\Controllers\Mahasiswa))
 8 SYSTEMPATH\CodeIgniter.php(361): CodeIgniter\CodeIgniter->handleRequest(null, Object(Config\Cache), false)
 9 FCPATH\index.php(79): CodeIgniter\CodeIgniter->run()
10 SYSTEMPATH\Commands\Server\rewrite.php(47): require_once('C:\\xampp\\htdocs\\ProgramWeb\\public\\index.php')
WARNING - 2024-03-18 01:23:45 --> [DEPRECATED] Creation of dynamic property App\Controllers\Mahasiswa::$data is deprecated in APPPATH\Controllers\Mahasiswa.php on line 19.
 1 SYSTEMPATH\CodeIgniter.php(914): App\Controllers\Mahasiswa->__construct()
 2 SYSTEMPATH\CodeIgniter.php(493): CodeIgniter\CodeIgniter->createController()
 3 SYSTEMPATH\CodeIgniter.php(361): CodeIgniter\CodeIgniter->handleRequest(null, Object(Config\Cache), false)
 4 FCPATH\index.php(79): CodeIgniter\CodeIgniter->run()
 5 SYSTEMPATH\Commands\Server\rewrite.php(47): require_once('C:\\xampp\\htdocs\\ProgramWeb\\public\\index.php')
CRITICAL - 2024-03-18 01:23:45 --> Undefined array key "nim"
in APPPATH\Views\layouts\master\v_mahasiswa.php on line 170.
 1 APPPATH\Views\layouts\master\v_mahasiswa.php(170): CodeIgniter\Debug\Exceptions->errorHandler(2, 'Undefined array key "nim"', 'C:\\xampp\\htdocs\\ProgramWeb\\app\\Views\\layouts\\master\\v_mahasiswa.php', 170)
 2 SYSTEMPATH\View\View.php(228): include('C:\\xampp\\htdocs\\ProgramWeb\\app\\Views\\layouts\\master\\v_mahasiswa.php')
 3 SYSTEMPATH\View\View.php(231): CodeIgniter\View\View->CodeIgniter\View\{closure}()
 4 SYSTEMPATH\Common.php(1190): CodeIgniter\View\View->render('layouts/master/v_mahasiswa', [], true)
 5 APPPATH\Controllers\Mahasiswa.php(28): view('layouts/master/v_mahasiswa', [...])
 6 SYSTEMPATH\CodeIgniter.php(942): App\Controllers\Mahasiswa->index()
 7 SYSTEMPATH\CodeIgniter.php(502): CodeIgniter\CodeIgniter->runController(Object(App\Controllers\Mahasiswa))
 8 SYSTEMPATH\CodeIgniter.php(361): CodeIgniter\CodeIgniter->handleRequest(null, Object(Config\Cache), false)
 9 FCPATH\index.php(79): CodeIgniter\CodeIgniter->run()
10 SYSTEMPATH\Commands\Server\rewrite.php(47): require_once('C:\\xampp\\htdocs\\ProgramWeb\\public\\index.php')
WARNING - 2024-03-18 01:23:46 --> [DEPRECATED] Creation of dynamic property App\Controllers\Mahasiswa::$data is deprecated in APPPATH\Controllers\Mahasiswa.php on line 19.
 1 SYSTEMPATH\CodeIgniter.php(914): App\Controllers\Mahasiswa->__construct()
 2 SYSTEMPATH\CodeIgniter.php(493): CodeIgniter\CodeIgniter->createController()
 3 SYSTEMPATH\CodeIgniter.php(361): CodeIgniter\CodeIgniter->handleRequest(null, Object(Config\Cache), false)
 4 FCPATH\index.php(79): CodeIgniter\CodeIgniter->run()
 5 SYSTEMPATH\Commands\Server\rewrite.php(47): require_once('C:\\xampp\\htdocs\\ProgramWeb\\public\\index.php')
CRITICAL - 2024-03-18 01:23:46 --> Undefined array key "nim"
in APPPATH\Views\layouts\master\v_mahasiswa.php on line 170.
 1 APPPATH\Views\layouts\master\v_mahasiswa.php(170): CodeIgniter\Debug\Exceptions->errorHandler(2, 'Undefined array key "nim"', 'C:\\xampp\\htdocs\\ProgramWeb\\app\\Views\\layouts\\master\\v_mahasiswa.php', 170)
 2 SYSTEMPATH\View\View.php(228): include('C:\\xampp\\htdocs\\ProgramWeb\\app\\Views\\layouts\\master\\v_mahasiswa.php')
 3 SYSTEMPATH\View\View.php(231): CodeIgniter\View\View->CodeIgniter\View\{closure}()
 4 SYSTEMPATH\Common.php(1190): CodeIgniter\View\View->render('layouts/master/v_mahasiswa', [], true)
 5 APPPATH\Controllers\Mahasiswa.php(28): view('layouts/master/v_mahasiswa', [...])
 6 SYSTEMPATH\CodeIgniter.php(942): App\Controllers\Mahasiswa->index()
 7 SYSTEMPATH\CodeIgniter.php(502): CodeIgniter\CodeIgniter->runController(Object(App\Controllers\Mahasiswa))
 8 SYSTEMPATH\CodeIgniter.php(361): CodeIgniter\CodeIgniter->handleRequest(null, Object(Config\Cache), false)
 9 FCPATH\index.php(79): CodeIgniter\CodeIgniter->run()
10 SYSTEMPATH\Commands\Server\rewrite.php(47): require_once('C:\\xampp\\htdocs\\ProgramWeb\\public\\index.php')
WARNING - 2024-03-18 02:41:28 --> [DEPRECATED] Creation of dynamic property App\Controllers\Mahasiswa::$data is deprecated in APPPATH\Controllers\Mahasiswa.php on line 19.
 1 SYSTEMPATH\CodeIgniter.php(914): App\Controllers\Mahasiswa->__construct()
 2 SYSTEMPATH\CodeIgniter.php(493): CodeIgniter\CodeIgniter->createController()
 3 SYSTEMPATH\CodeIgniter.php(361): CodeIgniter\CodeIgniter->handleRequest(null, Object(Config\Cache), false)
 4 FCPATH\index.php(79): CodeIgniter\CodeIgniter->run()
 5 SYSTEMPATH\Commands\Server\rewrite.php(47): require_once('C:\\xampp\\htdocs\\ProgramWeb\\public\\index.php')
CRITICAL - 2024-03-18 02:41:28 --> Undefined array key "nim"
in APPPATH\Views\layouts\master\v_mahasiswa.php on line 170.
 1 APPPATH\Views\layouts\master\v_mahasiswa.php(170): CodeIgniter\Debug\Exceptions->errorHandler(2, 'Undefined array key "nim"', 'C:\\xampp\\htdocs\\ProgramWeb\\app\\Views\\layouts\\master\\v_mahasiswa.php', 170)
 2 SYSTEMPATH\View\View.php(228): include('C:\\xampp\\htdocs\\ProgramWeb\\app\\Views\\layouts\\master\\v_mahasiswa.php')
 3 SYSTEMPATH\View\View.php(231): CodeIgniter\View\View->CodeIgniter\View\{closure}()
 4 SYSTEMPATH\Common.php(1190): CodeIgniter\View\View->render('layouts/master/v_mahasiswa', [], true)
 5 APPPATH\Controllers\Mahasiswa.php(27): view('layouts/master/v_mahasiswa', [...])
 6 SYSTEMPATH\CodeIgniter.php(942): App\Controllers\Mahasiswa->index()
 7 SYSTEMPATH\CodeIgniter.php(502): CodeIgniter\CodeIgniter->runController(Object(App\Controllers\Mahasiswa))
 8 SYSTEMPATH\CodeIgniter.php(361): CodeIgniter\CodeIgniter->handleRequest(null, Object(Config\Cache), false)
 9 FCPATH\index.php(79): CodeIgniter\CodeIgniter->run()
10 SYSTEMPATH\Commands\Server\rewrite.php(47): require_once('C:\\xampp\\htdocs\\ProgramWeb\\public\\index.php')
WARNING - 2024-03-18 02:41:31 --> [DEPRECATED] Creation of dynamic property App\Controllers\Mahasiswa::$data is deprecated in APPPATH\Controllers\Mahasiswa.php on line 19.
 1 SYSTEMPATH\CodeIgniter.php(914): App\Controllers\Mahasiswa->__construct()
 2 SYSTEMPATH\CodeIgniter.php(493): CodeIgniter\CodeIgniter->createController()
 3 SYSTEMPATH\CodeIgniter.php(361): CodeIgniter\CodeIgniter->handleRequest(null, Object(Config\Cache), false)
 4 FCPATH\index.php(79): CodeIgniter\CodeIgniter->run()
 5 SYSTEMPATH\Commands\Server\rewrite.php(47): require_once('C:\\xampp\\htdocs\\ProgramWeb\\public\\index.php')
CRITICAL - 2024-03-18 02:41:31 --> Undefined array key "nim"
in APPPATH\Views\layouts\master\v_mahasiswa.php on line 170.
 1 APPPATH\Views\layouts\master\v_mahasiswa.php(170): CodeIgniter\Debug\Exceptions->errorHandler(2, 'Undefined array key "nim"', 'C:\\xampp\\htdocs\\ProgramWeb\\app\\Views\\layouts\\master\\v_mahasiswa.php', 170)
 2 SYSTEMPATH\View\View.php(228): include('C:\\xampp\\htdocs\\ProgramWeb\\app\\Views\\layouts\\master\\v_mahasiswa.php')
 3 SYSTEMPATH\View\View.php(231): CodeIgniter\View\View->CodeIgniter\View\{closure}()
 4 SYSTEMPATH\Common.php(1190): CodeIgniter\View\View->render('layouts/master/v_mahasiswa', [], true)
 5 APPPATH\Controllers\Mahasiswa.php(27): view('layouts/master/v_mahasiswa', [...])
 6 SYSTEMPATH\CodeIgniter.php(942): App\Controllers\Mahasiswa->index()
 7 SYSTEMPATH\CodeIgniter.php(502): CodeIgniter\CodeIgniter->runController(Object(App\Controllers\Mahasiswa))
 8 SYSTEMPATH\CodeIgniter.php(361): CodeIgniter\CodeIgniter->handleRequest(null, Object(Config\Cache), false)
 9 FCPATH\index.php(79): CodeIgniter\CodeIgniter->run()
10 SYSTEMPATH\Commands\Server\rewrite.php(47): require_once('C:\\xampp\\htdocs\\ProgramWeb\\public\\index.php')
WARNING - 2024-03-18 02:41:32 --> [DEPRECATED] Creation of dynamic property App\Controllers\Mahasiswa::$data is deprecated in APPPATH\Controllers\Mahasiswa.php on line 19.
 1 SYSTEMPATH\CodeIgniter.php(914): App\Controllers\Mahasiswa->__construct()
 2 SYSTEMPATH\CodeIgniter.php(493): CodeIgniter\CodeIgniter->createController()
 3 SYSTEMPATH\CodeIgniter.php(361): CodeIgniter\CodeIgniter->handleRequest(null, Object(Config\Cache), false)
 4 FCPATH\index.php(79): CodeIgniter\CodeIgniter->run()
 5 SYSTEMPATH\Commands\Server\rewrite.php(47): require_once('C:\\xampp\\htdocs\\ProgramWeb\\public\\index.php')
CRITICAL - 2024-03-18 02:41:32 --> Undefined array key "nim"
in APPPATH\Views\layouts\master\v_mahasiswa.php on line 170.
 1 APPPATH\Views\layouts\master\v_mahasiswa.php(170): CodeIgniter\Debug\Exceptions->errorHandler(2, 'Undefined array key "nim"', 'C:\\xampp\\htdocs\\ProgramWeb\\app\\Views\\layouts\\master\\v_mahasiswa.php', 170)
 2 SYSTEMPATH\View\View.php(228): include('C:\\xampp\\htdocs\\ProgramWeb\\app\\Views\\layouts\\master\\v_mahasiswa.php')
 3 SYSTEMPATH\View\View.php(231): CodeIgniter\View\View->CodeIgniter\View\{closure}()
 4 SYSTEMPATH\Common.php(1190): CodeIgniter\View\View->render('layouts/master/v_mahasiswa', [], true)
 5 APPPATH\Controllers\Mahasiswa.php(27): view('layouts/master/v_mahasiswa', [...])
 6 SYSTEMPATH\CodeIgniter.php(942): App\Controllers\Mahasiswa->index()
 7 SYSTEMPATH\CodeIgniter.php(502): CodeIgniter\CodeIgniter->runController(Object(App\Controllers\Mahasiswa))
 8 SYSTEMPATH\CodeIgniter.php(361): CodeIgniter\CodeIgniter->handleRequest(null, Object(Config\Cache), false)
 9 FCPATH\index.php(79): CodeIgniter\CodeIgniter->run()
10 SYSTEMPATH\Commands\Server\rewrite.php(47): require_once('C:\\xampp\\htdocs\\ProgramWeb\\public\\index.php')
WARNING - 2024-03-18 02:42:06 --> [DEPRECATED] Creation of dynamic property App\Controllers\Mahasiswa::$data is deprecated in APPPATH\Controllers\Mahasiswa.php on line 19.
 1 SYSTEMPATH\CodeIgniter.php(914): App\Controllers\Mahasiswa->__construct()
 2 SYSTEMPATH\CodeIgniter.php(493): CodeIgniter\CodeIgniter->createController()
 3 SYSTEMPATH\CodeIgniter.php(361): CodeIgniter\CodeIgniter->handleRequest(null, Object(Config\Cache), false)
 4 FCPATH\index.php(79): CodeIgniter\CodeIgniter->run()
 5 SYSTEMPATH\Commands\Server\rewrite.php(47): require_once('C:\\xampp\\htdocs\\ProgramWeb\\public\\index.php')
CRITICAL - 2024-03-18 02:42:06 --> Undefined array key "nama"
in APPPATH\Views\layouts\master\v_mahasiswa.php on line 174.
 1 APPPATH\Views\layouts\master\v_mahasiswa.php(174): CodeIgniter\Debug\Exceptions->errorHandler(2, 'Undefined array key "nama"', 'C:\\xampp\\htdocs\\ProgramWeb\\app\\Views\\layouts\\master\\v_mahasiswa.php', 174)
 2 SYSTEMPATH\View\View.php(228): include('C:\\xampp\\htdocs\\ProgramWeb\\app\\Views\\layouts\\master\\v_mahasiswa.php')
 3 SYSTEMPATH\View\View.php(231): CodeIgniter\View\View->CodeIgniter\View\{closure}()
 4 SYSTEMPATH\Common.php(1190): CodeIgniter\View\View->render('layouts/master/v_mahasiswa', [], true)
 5 APPPATH\Controllers\Mahasiswa.php(27): view('layouts/master/v_mahasiswa', [...])
 6 SYSTEMPATH\CodeIgniter.php(942): App\Controllers\Mahasiswa->index()
 7 SYSTEMPATH\CodeIgniter.php(502): CodeIgniter\CodeIgniter->runController(Object(App\Controllers\Mahasiswa))
 8 SYSTEMPATH\CodeIgniter.php(361): CodeIgniter\CodeIgniter->handleRequest(null, Object(Config\Cache), false)
 9 FCPATH\index.php(79): CodeIgniter\CodeIgniter->run()
10 SYSTEMPATH\Commands\Server\rewrite.php(47): require_once('C:\\xampp\\htdocs\\ProgramWeb\\public\\index.php')
WARNING - 2024-03-18 02:42:18 --> [DEPRECATED] Creation of dynamic property App\Controllers\Mahasiswa::$data is deprecated in APPPATH\Controllers\Mahasiswa.php on line 19.
 1 SYSTEMPATH\CodeIgniter.php(914): App\Controllers\Mahasiswa->__construct()
 2 SYSTEMPATH\CodeIgniter.php(493): CodeIgniter\CodeIgniter->createController()
 3 SYSTEMPATH\CodeIgniter.php(361): CodeIgniter\CodeIgniter->handleRequest(null, Object(Config\Cache), false)
 4 FCPATH\index.php(79): CodeIgniter\CodeIgniter->run()
 5 SYSTEMPATH\Commands\Server\rewrite.php(47): require_once('C:\\xampp\\htdocs\\ProgramWeb\\public\\index.php')
CRITICAL - 2024-03-18 02:42:18 --> Undefined array key "alamat"
in APPPATH\Views\layouts\master\v_mahasiswa.php on line 178.
 1 APPPATH\Views\layouts\master\v_mahasiswa.php(178): CodeIgniter\Debug\Exceptions->errorHandler(2, 'Undefined array key "alamat"', 'C:\\xampp\\htdocs\\ProgramWeb\\app\\Views\\layouts\\master\\v_mahasiswa.php', 178)
 2 SYSTEMPATH\View\View.php(228): include('C:\\xampp\\htdocs\\ProgramWeb\\app\\Views\\layouts\\master\\v_mahasiswa.php')
 3 SYSTEMPATH\View\View.php(231): CodeIgniter\View\View->CodeIgniter\View\{closure}()
 4 SYSTEMPATH\Common.php(1190): CodeIgniter\View\View->render('layouts/master/v_mahasiswa', [], true)
 5 APPPATH\Controllers\Mahasiswa.php(27): view('layouts/master/v_mahasiswa', [...])
 6 SYSTEMPATH\CodeIgniter.php(942): App\Controllers\Mahasiswa->index()
 7 SYSTEMPATH\CodeIgniter.php(502): CodeIgniter\CodeIgniter->runController(Object(App\Controllers\Mahasiswa))
 8 SYSTEMPATH\CodeIgniter.php(361): CodeIgniter\CodeIgniter->handleRequest(null, Object(Config\Cache), false)
 9 FCPATH\index.php(79): CodeIgniter\CodeIgniter->run()
10 SYSTEMPATH\Commands\Server\rewrite.php(47): require_once('C:\\xampp\\htdocs\\ProgramWeb\\public\\index.php')
WARNING - 2024-03-18 02:42:41 --> [DEPRECATED] Creation of dynamic property App\Controllers\Mahasiswa::$data is deprecated in APPPATH\Controllers\Mahasiswa.php on line 19.
 1 SYSTEMPATH\CodeIgniter.php(914): App\Controllers\Mahasiswa->__construct()
 2 SYSTEMPATH\CodeIgniter.php(493): CodeIgniter\CodeIgniter->createController()
 3 SYSTEMPATH\CodeIgniter.php(361): CodeIgniter\CodeIgniter->handleRequest(null, Object(Config\Cache), false)
 4 FCPATH\index.php(79): CodeIgniter\CodeIgniter->run()
 5 SYSTEMPATH\Commands\Server\rewrite.php(47): require_once('C:\\xampp\\htdocs\\ProgramWeb\\public\\index.php')
CRITICAL - 2024-03-18 02:42:41 --> Undefined array key "id_jurusan"
in APPPATH\Views\layouts\master\v_mahasiswa.php on line 192.
 1 APPPATH\Views\layouts\master\v_mahasiswa.php(192): CodeIgniter\Debug\Exceptions->errorHandler(2, 'Undefined array key "id_jurusan"', 'C:\\xampp\\htdocs\\ProgramWeb\\app\\Views\\layouts\\master\\v_mahasiswa.php', 192)
 2 SYSTEMPATH\View\View.php(228): include('C:\\xampp\\htdocs\\ProgramWeb\\app\\Views\\layouts\\master\\v_mahasiswa.php')
 3 SYSTEMPATH\View\View.php(231): CodeIgniter\View\View->CodeIgniter\View\{closure}()
 4 SYSTEMPATH\Common.php(1190): CodeIgniter\View\View->render('layouts/master/v_mahasiswa', [], true)
 5 APPPATH\Controllers\Mahasiswa.php(27): view('layouts/master/v_mahasiswa', [...])
 6 SYSTEMPATH\CodeIgniter.php(942): App\Controllers\Mahasiswa->index()
 7 SYSTEMPATH\CodeIgniter.php(502): CodeIgniter\CodeIgniter->runController(Object(App\Controllers\Mahasiswa))
 8 SYSTEMPATH\CodeIgniter.php(361): CodeIgniter\CodeIgniter->handleRequest(null, Object(Config\Cache), false)
 9 FCPATH\index.php(79): CodeIgniter\CodeIgniter->run()
10 SYSTEMPATH\Commands\Server\rewrite.php(47): require_once('C:\\xampp\\htdocs\\ProgramWeb\\public\\index.php')
WARNING - 2024-03-18 02:42:59 --> [DEPRECATED] Creation of dynamic property App\Controllers\Mahasiswa::$data is deprecated in APPPATH\Controllers\Mahasiswa.php on line 19.
 1 SYSTEMPATH\CodeIgniter.php(914): App\Controllers\Mahasiswa->__construct()
 2 SYSTEMPATH\CodeIgniter.php(493): CodeIgniter\CodeIgniter->createController()
 3 SYSTEMPATH\CodeIgniter.php(361): CodeIgniter\CodeIgniter->handleRequest(null, Object(Config\Cache), false)
 4 FCPATH\index.php(79): CodeIgniter\CodeIgniter->run()
 5 SYSTEMPATH\Commands\Server\rewrite.php(47): require_once('C:\\xampp\\htdocs\\ProgramWeb\\public\\index.php')
CRITICAL - 2024-03-18 02:42:59 --> Undefined array key "id_jurusan"
in APPPATH\Views\layouts\master\v_mahasiswa.php on line 192.
 1 APPPATH\Views\layouts\master\v_mahasiswa.php(192): CodeIgniter\Debug\Exceptions->errorHandler(2, 'Undefined array key "id_jurusan"', 'C:\\xampp\\htdocs\\ProgramWeb\\app\\Views\\layouts\\master\\v_mahasiswa.php', 192)
 2 SYSTEMPATH\View\View.php(228): include('C:\\xampp\\htdocs\\ProgramWeb\\app\\Views\\layouts\\master\\v_mahasiswa.php')
 3 SYSTEMPATH\View\View.php(231): CodeIgniter\View\View->CodeIgniter\View\{closure}()
 4 SYSTEMPATH\Common.php(1190): CodeIgniter\View\View->render('layouts/master/v_mahasiswa', [], true)
 5 APPPATH\Controllers\Mahasiswa.php(27): view('layouts/master/v_mahasiswa', [...])
 6 SYSTEMPATH\CodeIgniter.php(942): App\Controllers\Mahasiswa->index()
 7 SYSTEMPATH\CodeIgniter.php(502): CodeIgniter\CodeIgniter->runController(Object(App\Controllers\Mahasiswa))
 8 SYSTEMPATH\CodeIgniter.php(361): CodeIgniter\CodeIgniter->handleRequest(null, Object(Config\Cache), false)
 9 FCPATH\index.php(79): CodeIgniter\CodeIgniter->run()
10 SYSTEMPATH\Commands\Server\rewrite.php(47): require_once('C:\\xampp\\htdocs\\ProgramWeb\\public\\index.php')
WARNING - 2024-03-18 02:43:00 --> [DEPRECATED] Creation of dynamic property App\Controllers\Mahasiswa::$data is deprecated in APPPATH\Controllers\Mahasiswa.php on line 19.
 1 SYSTEMPATH\CodeIgniter.php(914): App\Controllers\Mahasiswa->__construct()
 2 SYSTEMPATH\CodeIgniter.php(493): CodeIgniter\CodeIgniter->createController()
 3 SYSTEMPATH\CodeIgniter.php(361): CodeIgniter\CodeIgniter->handleRequest(null, Object(Config\Cache), false)
 4 FCPATH\index.php(79): CodeIgniter\CodeIgniter->run()
 5 SYSTEMPATH\Commands\Server\rewrite.php(47): require_once('C:\\xampp\\htdocs\\ProgramWeb\\public\\index.php')
CRITICAL - 2024-03-18 02:43:00 --> Undefined array key "id_jurusan"
in APPPATH\Views\layouts\master\v_mahasiswa.php on line 192.
 1 APPPATH\Views\layouts\master\v_mahasiswa.php(192): CodeIgniter\Debug\Exceptions->errorHandler(2, 'Undefined array key "id_jurusan"', 'C:\\xampp\\htdocs\\ProgramWeb\\app\\Views\\layouts\\master\\v_mahasiswa.php', 192)
 2 SYSTEMPATH\View\View.php(228): include('C:\\xampp\\htdocs\\ProgramWeb\\app\\Views\\layouts\\master\\v_mahasiswa.php')
 3 SYSTEMPATH\View\View.php(231): CodeIgniter\View\View->CodeIgniter\View\{closure}()
 4 SYSTEMPATH\Common.php(1190): CodeIgniter\View\View->render('layouts/master/v_mahasiswa', [], true)
 5 APPPATH\Controllers\Mahasiswa.php(27): view('layouts/master/v_mahasiswa', [...])
 6 SYSTEMPATH\CodeIgniter.php(942): App\Controllers\Mahasiswa->index()
 7 SYSTEMPATH\CodeIgniter.php(502): CodeIgniter\CodeIgniter->runController(Object(App\Controllers\Mahasiswa))
 8 SYSTEMPATH\CodeIgniter.php(361): CodeIgniter\CodeIgniter->handleRequest(null, Object(Config\Cache), false)
 9 FCPATH\index.php(79): CodeIgniter\CodeIgniter->run()
10 SYSTEMPATH\Commands\Server\rewrite.php(47): require_once('C:\\xampp\\htdocs\\ProgramWeb\\public\\index.php')
WARNING - 2024-03-18 03:35:09 --> [DEPRECATED] Creation of dynamic property App\Controllers\Mahasiswa::$data is deprecated in APPPATH\Controllers\Mahasiswa.php on line 19.
 1 SYSTEMPATH\CodeIgniter.php(914): App\Controllers\Mahasiswa->__construct()
 2 SYSTEMPATH\CodeIgniter.php(493): CodeIgniter\CodeIgniter->createController()
 3 SYSTEMPATH\CodeIgniter.php(361): CodeIgniter\CodeIgniter->handleRequest(null, Object(Config\Cache), false)
 4 FCPATH\index.php(79): CodeIgniter\CodeIgniter->run()
 5 SYSTEMPATH\Commands\Server\rewrite.php(47): require_once('C:\\xampp\\htdocs\\ProgramWeb\\public\\index.php')
CRITICAL - 2024-03-18 03:35:09 --> Undefined array key "id_jurusan"
in APPPATH\Views\layouts\master\v_mahasiswa.php on line 192.
 1 APPPATH\Views\layouts\master\v_mahasiswa.php(192): CodeIgniter\Debug\Exceptions->errorHandler(2, 'Undefined array key "id_jurusan"', 'C:\\xampp\\htdocs\\ProgramWeb\\app\\Views\\layouts\\master\\v_mahasiswa.php', 192)
 2 SYSTEMPATH\View\View.php(228): include('C:\\xampp\\htdocs\\ProgramWeb\\app\\Views\\layouts\\master\\v_mahasiswa.php')
 3 SYSTEMPATH\View\View.php(231): CodeIgniter\View\View->CodeIgniter\View\{closure}()
 4 SYSTEMPATH\Common.php(1190): CodeIgniter\View\View->render('layouts/master/v_mahasiswa', [], true)
 5 APPPATH\Controllers\Mahasiswa.php(27): view('layouts/master/v_mahasiswa', [...])
 6 SYSTEMPATH\CodeIgniter.php(942): App\Controllers\Mahasiswa->index()
 7 SYSTEMPATH\CodeIgniter.php(502): CodeIgniter\CodeIgniter->runController(Object(App\Controllers\Mahasiswa))
 8 SYSTEMPATH\CodeIgniter.php(361): CodeIgniter\CodeIgniter->handleRequest(null, Object(Config\Cache), false)
 9 FCPATH\index.php(79): CodeIgniter\CodeIgniter->run()
10 SYSTEMPATH\Commands\Server\rewrite.php(47): require_once('C:\\xampp\\htdocs\\ProgramWeb\\public\\index.php')
WARNING - 2024-03-18 03:35:11 --> [DEPRECATED] Creation of dynamic property App\Controllers\Mahasiswa::$data is deprecated in APPPATH\Controllers\Mahasiswa.php on line 19.
 1 SYSTEMPATH\CodeIgniter.php(914): App\Controllers\Mahasiswa->__construct()
 2 SYSTEMPATH\CodeIgniter.php(493): CodeIgniter\CodeIgniter->createController()
 3 SYSTEMPATH\CodeIgniter.php(361): CodeIgniter\CodeIgniter->handleRequest(null, Object(Config\Cache), false)
 4 FCPATH\index.php(79): CodeIgniter\CodeIgniter->run()
 5 SYSTEMPATH\Commands\Server\rewrite.php(47): require_once('C:\\xampp\\htdocs\\ProgramWeb\\public\\index.php')
CRITICAL - 2024-03-18 03:35:11 --> Undefined array key "id_jurusan"
in APPPATH\Views\layouts\master\v_mahasiswa.php on line 192.
 1 APPPATH\Views\layouts\master\v_mahasiswa.php(192): CodeIgniter\Debug\Exceptions->errorHandler(2, 'Undefined array key "id_jurusan"', 'C:\\xampp\\htdocs\\ProgramWeb\\app\\Views\\layouts\\master\\v_mahasiswa.php', 192)
 2 SYSTEMPATH\View\View.php(228): include('C:\\xampp\\htdocs\\ProgramWeb\\app\\Views\\layouts\\master\\v_mahasiswa.php')
 3 SYSTEMPATH\View\View.php(231): CodeIgniter\View\View->CodeIgniter\View\{closure}()
 4 SYSTEMPATH\Common.php(1190): CodeIgniter\View\View->render('layouts/master/v_mahasiswa', [], true)
 5 APPPATH\Controllers\Mahasiswa.php(27): view('layouts/master/v_mahasiswa', [...])
 6 SYSTEMPATH\CodeIgniter.php(942): App\Controllers\Mahasiswa->index()
 7 SYSTEMPATH\CodeIgniter.php(502): CodeIgniter\CodeIgniter->runController(Object(App\Controllers\Mahasiswa))
 8 SYSTEMPATH\CodeIgniter.php(361): CodeIgniter\CodeIgniter->handleRequest(null, Object(Config\Cache), false)
 9 FCPATH\index.php(79): CodeIgniter\CodeIgniter->run()
10 SYSTEMPATH\Commands\Server\rewrite.php(47): require_once('C:\\xampp\\htdocs\\ProgramWeb\\public\\index.php')
WARNING - 2024-03-18 03:35:48 --> [DEPRECATED] Creation of dynamic property App\Controllers\Mahasiswa::$data is deprecated in APPPATH\Controllers\Mahasiswa.php on line 19.
 1 SYSTEMPATH\CodeIgniter.php(914): App\Controllers\Mahasiswa->__construct()
 2 SYSTEMPATH\CodeIgniter.php(493): CodeIgniter\CodeIgniter->createController()
 3 SYSTEMPATH\CodeIgniter.php(361): CodeIgniter\CodeIgniter->handleRequest(null, Object(Config\Cache), false)
 4 FCPATH\index.php(79): CodeIgniter\CodeIgniter->run()
 5 SYSTEMPATH\Commands\Server\rewrite.php(47): require_once('C:\\xampp\\htdocs\\ProgramWeb\\public\\index.php')
CRITICAL - 2024-03-18 03:35:48 --> Undefined array key "id_jurusan"
in APPPATH\Views\layouts\master\v_mahasiswa.php on line 192.
 1 APPPATH\Views\layouts\master\v_mahasiswa.php(192): CodeIgniter\Debug\Exceptions->errorHandler(2, 'Undefined array key "id_jurusan"', 'C:\\xampp\\htdocs\\ProgramWeb\\app\\Views\\layouts\\master\\v_mahasiswa.php', 192)
 2 SYSTEMPATH\View\View.php(228): include('C:\\xampp\\htdocs\\ProgramWeb\\app\\Views\\layouts\\master\\v_mahasiswa.php')
 3 SYSTEMPATH\View\View.php(231): CodeIgniter\View\View->CodeIgniter\View\{closure}()
 4 SYSTEMPATH\Common.php(1190): CodeIgniter\View\View->render('layouts/master/v_mahasiswa', [], true)
 5 APPPATH\Controllers\Mahasiswa.php(27): view('layouts/master/v_mahasiswa', [...])
 6 SYSTEMPATH\CodeIgniter.php(942): App\Controllers\Mahasiswa->index()
 7 SYSTEMPATH\CodeIgniter.php(502): CodeIgniter\CodeIgniter->runController(Object(App\Controllers\Mahasiswa))
 8 SYSTEMPATH\CodeIgniter.php(361): CodeIgniter\CodeIgniter->handleRequest(null, Object(Config\Cache), false)
 9 FCPATH\index.php(79): CodeIgniter\CodeIgniter->run()
10 SYSTEMPATH\Commands\Server\rewrite.php(47): require_once('C:\\xampp\\htdocs\\ProgramWeb\\public\\index.php')
WARNING - 2024-03-18 03:36:17 --> [DEPRECATED] Creation of dynamic property App\Controllers\Mahasiswa::$data is deprecated in APPPATH\Controllers\Mahasiswa.php on line 19.
 1 SYSTEMPATH\CodeIgniter.php(914): App\Controllers\Mahasiswa->__construct()
 2 SYSTEMPATH\CodeIgniter.php(493): CodeIgniter\CodeIgniter->createController()
 3 SYSTEMPATH\CodeIgniter.php(361): CodeIgniter\CodeIgniter->handleRequest(null, Object(Config\Cache), false)
 4 FCPATH\index.php(79): CodeIgniter\CodeIgniter->run()
 5 SYSTEMPATH\Commands\Server\rewrite.php(47): require_once('C:\\xampp\\htdocs\\ProgramWeb\\public\\index.php')
CRITICAL - 2024-03-18 03:36:17 --> Undefined array key "id_jurusan"
in APPPATH\Views\layouts\master\v_mahasiswa.php on line 192.
 1 APPPATH\Views\layouts\master\v_mahasiswa.php(192): CodeIgniter\Debug\Exceptions->errorHandler(2, 'Undefined array key "id_jurusan"', 'C:\\xampp\\htdocs\\ProgramWeb\\app\\Views\\layouts\\master\\v_mahasiswa.php', 192)
 2 SYSTEMPATH\View\View.php(228): include('C:\\xampp\\htdocs\\ProgramWeb\\app\\Views\\layouts\\master\\v_mahasiswa.php')
 3 SYSTEMPATH\View\View.php(231): CodeIgniter\View\View->CodeIgniter\View\{closure}()
 4 SYSTEMPATH\Common.php(1190): CodeIgniter\View\View->render('layouts/master/v_mahasiswa', [], true)
 5 APPPATH\Controllers\Mahasiswa.php(27): view('layouts/master/v_mahasiswa', [...])
 6 SYSTEMPATH\CodeIgniter.php(942): App\Controllers\Mahasiswa->index()
 7 SYSTEMPATH\CodeIgniter.php(502): CodeIgniter\CodeIgniter->runController(Object(App\Controllers\Mahasiswa))
 8 SYSTEMPATH\CodeIgniter.php(361): CodeIgniter\CodeIgniter->handleRequest(null, Object(Config\Cache), false)
 9 FCPATH\index.php(79): CodeIgniter\CodeIgniter->run()
10 SYSTEMPATH\Commands\Server\rewrite.php(47): require_once('C:\\xampp\\htdocs\\ProgramWeb\\public\\index.php')
WARNING - 2024-03-18 03:36:18 --> [DEPRECATED] Creation of dynamic property App\Controllers\Mahasiswa::$data is deprecated in APPPATH\Controllers\Mahasiswa.php on line 19.
 1 SYSTEMPATH\CodeIgniter.php(914): App\Controllers\Mahasiswa->__construct()
 2 SYSTEMPATH\CodeIgniter.php(493): CodeIgniter\CodeIgniter->createController()
 3 SYSTEMPATH\CodeIgniter.php(361): CodeIgniter\CodeIgniter->handleRequest(null, Object(Config\Cache), false)
 4 FCPATH\index.php(79): CodeIgniter\CodeIgniter->run()
 5 SYSTEMPATH\Commands\Server\rewrite.php(47): require_once('C:\\xampp\\htdocs\\ProgramWeb\\public\\index.php')
CRITICAL - 2024-03-18 03:36:18 --> Undefined array key "id_jurusan"
in APPPATH\Views\layouts\master\v_mahasiswa.php on line 192.
 1 APPPATH\Views\layouts\master\v_mahasiswa.php(192): CodeIgniter\Debug\Exceptions->errorHandler(2, 'Undefined array key "id_jurusan"', 'C:\\xampp\\htdocs\\ProgramWeb\\app\\Views\\layouts\\master\\v_mahasiswa.php', 192)
 2 SYSTEMPATH\View\View.php(228): include('C:\\xampp\\htdocs\\ProgramWeb\\app\\Views\\layouts\\master\\v_mahasiswa.php')
 3 SYSTEMPATH\View\View.php(231): CodeIgniter\View\View->CodeIgniter\View\{closure}()
 4 SYSTEMPATH\Common.php(1190): CodeIgniter\View\View->render('layouts/master/v_mahasiswa', [], true)
 5 APPPATH\Controllers\Mahasiswa.php(27): view('layouts/master/v_mahasiswa', [...])
 6 SYSTEMPATH\CodeIgniter.php(942): App\Controllers\Mahasiswa->index()
 7 SYSTEMPATH\CodeIgniter.php(502): CodeIgniter\CodeIgniter->runController(Object(App\Controllers\Mahasiswa))
 8 SYSTEMPATH\CodeIgniter.php(361): CodeIgniter\CodeIgniter->handleRequest(null, Object(Config\Cache), false)
 9 FCPATH\index.php(79): CodeIgniter\CodeIgniter->run()
10 SYSTEMPATH\Commands\Server\rewrite.php(47): require_once('C:\\xampp\\htdocs\\ProgramWeb\\public\\index.php')
WARNING - 2024-03-18 03:36:58 --> [DEPRECATED] Creation of dynamic property App\Controllers\Mahasiswa::$data is deprecated in APPPATH\Controllers\Mahasiswa.php on line 19.
 1 SYSTEMPATH\CodeIgniter.php(914): App\Controllers\Mahasiswa->__construct()
 2 SYSTEMPATH\CodeIgniter.php(493): CodeIgniter\CodeIgniter->createController()
 3 SYSTEMPATH\CodeIgniter.php(361): CodeIgniter\CodeIgniter->handleRequest(null, Object(Config\Cache), false)
 4 FCPATH\index.php(79): CodeIgniter\CodeIgniter->run()
 5 SYSTEMPATH\Commands\Server\rewrite.php(47): require_once('C:\\xampp\\htdocs\\ProgramWeb\\public\\index.php')
CRITICAL - 2024-03-18 03:36:58 --> Undefined array key "id_jurusan"
in APPPATH\Views\layouts\master\v_mahasiswa.php on line 192.
 1 APPPATH\Views\layouts\master\v_mahasiswa.php(192): CodeIgniter\Debug\Exceptions->errorHandler(2, 'Undefined array key "id_jurusan"', 'C:\\xampp\\htdocs\\ProgramWeb\\app\\Views\\layouts\\master\\v_mahasiswa.php', 192)
 2 SYSTEMPATH\View\View.php(228): include('C:\\xampp\\htdocs\\ProgramWeb\\app\\Views\\layouts\\master\\v_mahasiswa.php')
 3 SYSTEMPATH\View\View.php(231): CodeIgniter\View\View->CodeIgniter\View\{closure}()
 4 SYSTEMPATH\Common.php(1190): CodeIgniter\View\View->render('layouts/master/v_mahasiswa', [], true)
 5 APPPATH\Controllers\Mahasiswa.php(27): view('layouts/master/v_mahasiswa', [...])
 6 SYSTEMPATH\CodeIgniter.php(942): App\Controllers\Mahasiswa->index()
 7 SYSTEMPATH\CodeIgniter.php(502): CodeIgniter\CodeIgniter->runController(Object(App\Controllers\Mahasiswa))
 8 SYSTEMPATH\CodeIgniter.php(361): CodeIgniter\CodeIgniter->handleRequest(null, Object(Config\Cache), false)
 9 FCPATH\index.php(79): CodeIgniter\CodeIgniter->run()
10 SYSTEMPATH\Commands\Server\rewrite.php(47): require_once('C:\\xampp\\htdocs\\ProgramWeb\\public\\index.php')
WARNING - 2024-03-18 03:38:14 --> [DEPRECATED] Creation of dynamic property App\Controllers\Mahasiswa::$data is deprecated in APPPATH\Controllers\Mahasiswa.php on line 19.
 1 SYSTEMPATH\CodeIgniter.php(914): App\Controllers\Mahasiswa->__construct()
 2 SYSTEMPATH\CodeIgniter.php(493): CodeIgniter\CodeIgniter->createController()
 3 SYSTEMPATH\CodeIgniter.php(361): CodeIgniter\CodeIgniter->handleRequest(null, Object(Config\Cache), false)
 4 FCPATH\index.php(79): CodeIgniter\CodeIgniter->run()
 5 SYSTEMPATH\Commands\Server\rewrite.php(47): require_once('C:\\xampp\\htdocs\\ProgramWeb\\public\\index.php')
CRITICAL - 2024-03-18 03:38:14 --> Undefined array key "kode_prodi"
in APPPATH\Views\layouts\master\v_mahasiswa.php on line 203.
 1 APPPATH\Views\layouts\master\v_mahasiswa.php(203): CodeIgniter\Debug\Exceptions->errorHandler(2, 'Undefined array key "kode_prodi"', 'C:\\xampp\\htdocs\\ProgramWeb\\app\\Views\\layouts\\master\\v_mahasiswa.php', 203)
 2 SYSTEMPATH\View\View.php(228): include('C:\\xampp\\htdocs\\ProgramWeb\\app\\Views\\layouts\\master\\v_mahasiswa.php')
 3 SYSTEMPATH\View\View.php(231): CodeIgniter\View\View->CodeIgniter\View\{closure}()
 4 SYSTEMPATH\Common.php(1190): CodeIgniter\View\View->render('layouts/master/v_mahasiswa', [], true)
 5 APPPATH\Controllers\Mahasiswa.php(27): view('layouts/master/v_mahasiswa', [...])
 6 SYSTEMPATH\CodeIgniter.php(942): App\Controllers\Mahasiswa->index()
 7 SYSTEMPATH\CodeIgniter.php(502): CodeIgniter\CodeIgniter->runController(Object(App\Controllers\Mahasiswa))
 8 SYSTEMPATH\CodeIgniter.php(361): CodeIgniter\CodeIgniter->handleRequest(null, Object(Config\Cache), false)
 9 FCPATH\index.php(79): CodeIgniter\CodeIgniter->run()
10 SYSTEMPATH\Commands\Server\rewrite.php(47): require_once('C:\\xampp\\htdocs\\ProgramWeb\\public\\index.php')
WARNING - 2024-03-18 03:38:25 --> [DEPRECATED] Creation of dynamic property App\Controllers\Mahasiswa::$data is deprecated in APPPATH\Controllers\Mahasiswa.php on line 19.
 1 SYSTEMPATH\CodeIgniter.php(914): App\Controllers\Mahasiswa->__construct()
 2 SYSTEMPATH\CodeIgniter.php(493): CodeIgniter\CodeIgniter->createController()
 3 SYSTEMPATH\CodeIgniter.php(361): CodeIgniter\CodeIgniter->handleRequest(null, Object(Config\Cache), false)
 4 FCPATH\index.php(79): CodeIgniter\CodeIgniter->run()
 5 SYSTEMPATH\Commands\Server\rewrite.php(47): require_once('C:\\xampp\\htdocs\\ProgramWeb\\public\\index.php')
CRITICAL - 2024-03-18 03:38:25 --> Undefined array key "kode_prodi"
in APPPATH\Views\layouts\master\v_mahasiswa.php on line 203.
 1 APPPATH\Views\layouts\master\v_mahasiswa.php(203): CodeIgniter\Debug\Exceptions->errorHandler(2, 'Undefined array key "kode_prodi"', 'C:\\xampp\\htdocs\\ProgramWeb\\app\\Views\\layouts\\master\\v_mahasiswa.php', 203)
 2 SYSTEMPATH\View\View.php(228): include('C:\\xampp\\htdocs\\ProgramWeb\\app\\Views\\layouts\\master\\v_mahasiswa.php')
 3 SYSTEMPATH\View\View.php(231): CodeIgniter\View\View->CodeIgniter\View\{closure}()
 4 SYSTEMPATH\Common.php(1190): CodeIgniter\View\View->render('layouts/master/v_mahasiswa', [], true)
 5 APPPATH\Controllers\Mahasiswa.php(27): view('layouts/master/v_mahasiswa', [...])
 6 SYSTEMPATH\CodeIgniter.php(942): App\Controllers\Mahasiswa->index()
 7 SYSTEMPATH\CodeIgniter.php(502): CodeIgniter\CodeIgniter->runController(Object(App\Controllers\Mahasiswa))
 8 SYSTEMPATH\CodeIgniter.php(361): CodeIgniter\CodeIgniter->handleRequest(null, Object(Config\Cache), false)
 9 FCPATH\index.php(79): CodeIgniter\CodeIgniter->run()
10 SYSTEMPATH\Commands\Server\rewrite.php(47): require_once('C:\\xampp\\htdocs\\ProgramWeb\\public\\index.php')
WARNING - 2024-03-18 03:38:27 --> [DEPRECATED] Creation of dynamic property App\Controllers\Mahasiswa::$data is deprecated in APPPATH\Controllers\Mahasiswa.php on line 19.
 1 SYSTEMPATH\CodeIgniter.php(914): App\Controllers\Mahasiswa->__construct()
 2 SYSTEMPATH\CodeIgniter.php(493): CodeIgniter\CodeIgniter->createController()
 3 SYSTEMPATH\CodeIgniter.php(361): CodeIgniter\CodeIgniter->handleRequest(null, Object(Config\Cache), false)
 4 FCPATH\index.php(79): CodeIgniter\CodeIgniter->run()
 5 SYSTEMPATH\Commands\Server\rewrite.php(47): require_once('C:\\xampp\\htdocs\\ProgramWeb\\public\\index.php')
CRITICAL - 2024-03-18 03:38:27 --> Undefined array key "kode_prodi"
in APPPATH\Views\layouts\master\v_mahasiswa.php on line 203.
 1 APPPATH\Views\layouts\master\v_mahasiswa.php(203): CodeIgniter\Debug\Exceptions->errorHandler(2, 'Undefined array key "kode_prodi"', 'C:\\xampp\\htdocs\\ProgramWeb\\app\\Views\\layouts\\master\\v_mahasiswa.php', 203)
 2 SYSTEMPATH\View\View.php(228): include('C:\\xampp\\htdocs\\ProgramWeb\\app\\Views\\layouts\\master\\v_mahasiswa.php')
 3 SYSTEMPATH\View\View.php(231): CodeIgniter\View\View->CodeIgniter\View\{closure}()
 4 SYSTEMPATH\Common.php(1190): CodeIgniter\View\View->render('layouts/master/v_mahasiswa', [], true)
 5 APPPATH\Controllers\Mahasiswa.php(27): view('layouts/master/v_mahasiswa', [...])
 6 SYSTEMPATH\CodeIgniter.php(942): App\Controllers\Mahasiswa->index()
 7 SYSTEMPATH\CodeIgniter.php(502): CodeIgniter\CodeIgniter->runController(Object(App\Controllers\Mahasiswa))
 8 SYSTEMPATH\CodeIgniter.php(361): CodeIgniter\CodeIgniter->handleRequest(null, Object(Config\Cache), false)
 9 FCPATH\index.php(79): CodeIgniter\CodeIgniter->run()
10 SYSTEMPATH\Commands\Server\rewrite.php(47): require_once('C:\\xampp\\htdocs\\ProgramWeb\\public\\index.php')
WARNING - 2024-03-18 03:39:15 --> [DEPRECATED] Creation of dynamic property App\Controllers\Mahasiswa::$data is deprecated in APPPATH\Controllers\Mahasiswa.php on line 19.
 1 SYSTEMPATH\CodeIgniter.php(914): App\Controllers\Mahasiswa->__construct()
 2 SYSTEMPATH\CodeIgniter.php(493): CodeIgniter\CodeIgniter->createController()
 3 SYSTEMPATH\CodeIgniter.php(361): CodeIgniter\CodeIgniter->handleRequest(null, Object(Config\Cache), false)
 4 FCPATH\index.php(79): CodeIgniter\CodeIgniter->run()
 5 SYSTEMPATH\Commands\Server\rewrite.php(47): require_once('C:\\xampp\\htdocs\\ProgramWeb\\public\\index.php')
CRITICAL - 2024-03-18 03:39:15 --> Undefined array key "kode_prodi"
in APPPATH\Views\layouts\master\v_mahasiswa.php on line 203.
 1 APPPATH\Views\layouts\master\v_mahasiswa.php(203): CodeIgniter\Debug\Exceptions->errorHandler(2, 'Undefined array key "kode_prodi"', 'C:\\xampp\\htdocs\\ProgramWeb\\app\\Views\\layouts\\master\\v_mahasiswa.php', 203)
 2 SYSTEMPATH\View\View.php(228): include('C:\\xampp\\htdocs\\ProgramWeb\\app\\Views\\layouts\\master\\v_mahasiswa.php')
 3 SYSTEMPATH\View\View.php(231): CodeIgniter\View\View->CodeIgniter\View\{closure}()
 4 SYSTEMPATH\Common.php(1190): CodeIgniter\View\View->render('layouts/master/v_mahasiswa', [], true)
 5 APPPATH\Controllers\Mahasiswa.php(27): view('layouts/master/v_mahasiswa', [...])
 6 SYSTEMPATH\CodeIgniter.php(942): App\Controllers\Mahasiswa->index()
 7 SYSTEMPATH\CodeIgniter.php(502): CodeIgniter\CodeIgniter->runController(Object(App\Controllers\Mahasiswa))
 8 SYSTEMPATH\CodeIgniter.php(361): CodeIgniter\CodeIgniter->handleRequest(null, Object(Config\Cache), false)
 9 FCPATH\index.php(79): CodeIgniter\CodeIgniter->run()
10 SYSTEMPATH\Commands\Server\rewrite.php(47): require_once('C:\\xampp\\htdocs\\ProgramWeb\\public\\index.php')
WARNING - 2024-03-18 03:39:24 --> [DEPRECATED] Creation of dynamic property App\Controllers\Mahasiswa::$data is deprecated in APPPATH\Controllers\Mahasiswa.php on line 19.
 1 SYSTEMPATH\CodeIgniter.php(914): App\Controllers\Mahasiswa->__construct()
 2 SYSTEMPATH\CodeIgniter.php(493): CodeIgniter\CodeIgniter->createController()
 3 SYSTEMPATH\CodeIgniter.php(361): CodeIgniter\CodeIgniter->handleRequest(null, Object(Config\Cache), false)
 4 FCPATH\index.php(79): CodeIgniter\CodeIgniter->run()
 5 SYSTEMPATH\Commands\Server\rewrite.php(47): require_once('C:\\xampp\\htdocs\\ProgramWeb\\public\\index.php')
CRITICAL - 2024-03-18 03:39:24 --> Undefined array key "kode_prodi"
in APPPATH\Views\layouts\master\v_mahasiswa.php on line 203.
 1 APPPATH\Views\layouts\master\v_mahasiswa.php(203): CodeIgniter\Debug\Exceptions->errorHandler(2, 'Undefined array key "kode_prodi"', 'C:\\xampp\\htdocs\\ProgramWeb\\app\\Views\\layouts\\master\\v_mahasiswa.php', 203)
 2 SYSTEMPATH\View\View.php(228): include('C:\\xampp\\htdocs\\ProgramWeb\\app\\Views\\layouts\\master\\v_mahasiswa.php')
 3 SYSTEMPATH\View\View.php(231): CodeIgniter\View\View->CodeIgniter\View\{closure}()
 4 SYSTEMPATH\Common.php(1190): CodeIgniter\View\View->render('layouts/master/v_mahasiswa', [], true)
 5 APPPATH\Controllers\Mahasiswa.php(27): view('layouts/master/v_mahasiswa', [...])
 6 SYSTEMPATH\CodeIgniter.php(942): App\Controllers\Mahasiswa->index()
 7 SYSTEMPATH\CodeIgniter.php(502): CodeIgniter\CodeIgniter->runController(Object(App\Controllers\Mahasiswa))
 8 SYSTEMPATH\CodeIgniter.php(361): CodeIgniter\CodeIgniter->handleRequest(null, Object(Config\Cache), false)
 9 FCPATH\index.php(79): CodeIgniter\CodeIgniter->run()
10 SYSTEMPATH\Commands\Server\rewrite.php(47): require_once('C:\\xampp\\htdocs\\ProgramWeb\\public\\index.php')
WARNING - 2024-03-18 03:40:05 --> [DEPRECATED] Creation of dynamic property App\Controllers\Mahasiswa::$data is deprecated in APPPATH\Controllers\Mahasiswa.php on line 19.
 1 SYSTEMPATH\CodeIgniter.php(914): App\Controllers\Mahasiswa->__construct()
 2 SYSTEMPATH\CodeIgniter.php(493): CodeIgniter\CodeIgniter->createController()
 3 SYSTEMPATH\CodeIgniter.php(361): CodeIgniter\CodeIgniter->handleRequest(null, Object(Config\Cache), false)
 4 FCPATH\index.php(79): CodeIgniter\CodeIgniter->run()
 5 SYSTEMPATH\Commands\Server\rewrite.php(47): require_once('C:\\xampp\\htdocs\\ProgramWeb\\public\\index.php')
CRITICAL - 2024-03-18 03:40:05 --> Undefined array key "id_jurusan"
in APPPATH\Views\layouts\master\v_mahasiswa.php on line 192.
 1 APPPATH\Views\layouts\master\v_mahasiswa.php(192): CodeIgniter\Debug\Exceptions->errorHandler(2, 'Undefined array key "id_jurusan"', 'C:\\xampp\\htdocs\\ProgramWeb\\app\\Views\\layouts\\master\\v_mahasiswa.php', 192)
 2 SYSTEMPATH\View\View.php(228): include('C:\\xampp\\htdocs\\ProgramWeb\\app\\Views\\layouts\\master\\v_mahasiswa.php')
 3 SYSTEMPATH\View\View.php(231): CodeIgniter\View\View->CodeIgniter\View\{closure}()
 4 SYSTEMPATH\Common.php(1190): CodeIgniter\View\View->render('layouts/master/v_mahasiswa', [], true)
 5 APPPATH\Controllers\Mahasiswa.php(27): view('layouts/master/v_mahasiswa', [...])
 6 SYSTEMPATH\CodeIgniter.php(942): App\Controllers\Mahasiswa->index()
 7 SYSTEMPATH\CodeIgniter.php(502): CodeIgniter\CodeIgniter->runController(Object(App\Controllers\Mahasiswa))
 8 SYSTEMPATH\CodeIgniter.php(361): CodeIgniter\CodeIgniter->handleRequest(null, Object(Config\Cache), false)
 9 FCPATH\index.php(79): CodeIgniter\CodeIgniter->run()
10 SYSTEMPATH\Commands\Server\rewrite.php(47): require_once('C:\\xampp\\htdocs\\ProgramWeb\\public\\index.php')
WARNING - 2024-03-18 03:41:06 --> [DEPRECATED] Creation of dynamic property App\Controllers\Mahasiswa::$data is deprecated in APPPATH\Controllers\Mahasiswa.php on line 19.
 1 SYSTEMPATH\CodeIgniter.php(914): App\Controllers\Mahasiswa->__construct()
 2 SYSTEMPATH\CodeIgniter.php(493): CodeIgniter\CodeIgniter->createController()
 3 SYSTEMPATH\CodeIgniter.php(361): CodeIgniter\CodeIgniter->handleRequest(null, Object(Config\Cache), false)
 4 FCPATH\index.php(79): CodeIgniter\CodeIgniter->run()
 5 SYSTEMPATH\Commands\Server\rewrite.php(47): require_once('C:\\xampp\\htdocs\\ProgramWeb\\public\\index.php')
CRITICAL - 2024-03-18 03:41:06 --> Undefined array key "kode_prodi"
in APPPATH\Views\layouts\master\v_mahasiswa.php on line 203.
 1 APPPATH\Views\layouts\master\v_mahasiswa.php(203): CodeIgniter\Debug\Exceptions->errorHandler(2, 'Undefined array key "kode_prodi"', 'C:\\xampp\\htdocs\\ProgramWeb\\app\\Views\\layouts\\master\\v_mahasiswa.php', 203)
 2 SYSTEMPATH\View\View.php(228): include('C:\\xampp\\htdocs\\ProgramWeb\\app\\Views\\layouts\\master\\v_mahasiswa.php')
 3 SYSTEMPATH\View\View.php(231): CodeIgniter\View\View->CodeIgniter\View\{closure}()
 4 SYSTEMPATH\Common.php(1190): CodeIgniter\View\View->render('layouts/master/v_mahasiswa', [], true)
 5 APPPATH\Controllers\Mahasiswa.php(27): view('layouts/master/v_mahasiswa', [...])
 6 SYSTEMPATH\CodeIgniter.php(942): App\Controllers\Mahasiswa->index()
 7 SYSTEMPATH\CodeIgniter.php(502): CodeIgniter\CodeIgniter->runController(Object(App\Controllers\Mahasiswa))
 8 SYSTEMPATH\CodeIgniter.php(361): CodeIgniter\CodeIgniter->handleRequest(null, Object(Config\Cache), false)
 9 FCPATH\index.php(79): CodeIgniter\CodeIgniter->run()
10 SYSTEMPATH\Commands\Server\rewrite.php(47): require_once('C:\\xampp\\htdocs\\ProgramWeb\\public\\index.php')
WARNING - 2024-03-18 03:41:08 --> [DEPRECATED] Creation of dynamic property App\Controllers\Mahasiswa::$data is deprecated in APPPATH\Controllers\Mahasiswa.php on line 19.
 1 SYSTEMPATH\CodeIgniter.php(914): App\Controllers\Mahasiswa->__construct()
 2 SYSTEMPATH\CodeIgniter.php(493): CodeIgniter\CodeIgniter->createController()
 3 SYSTEMPATH\CodeIgniter.php(361): CodeIgniter\CodeIgniter->handleRequest(null, Object(Config\Cache), false)
 4 FCPATH\index.php(79): CodeIgniter\CodeIgniter->run()
 5 SYSTEMPATH\Commands\Server\rewrite.php(47): require_once('C:\\xampp\\htdocs\\ProgramWeb\\public\\index.php')
CRITICAL - 2024-03-18 03:41:08 --> Undefined array key "kode_prodi"
in APPPATH\Views\layouts\master\v_mahasiswa.php on line 203.
 1 APPPATH\Views\layouts\master\v_mahasiswa.php(203): CodeIgniter\Debug\Exceptions->errorHandler(2, 'Undefined array key "kode_prodi"', 'C:\\xampp\\htdocs\\ProgramWeb\\app\\Views\\layouts\\master\\v_mahasiswa.php', 203)
 2 SYSTEMPATH\View\View.php(228): include('C:\\xampp\\htdocs\\ProgramWeb\\app\\Views\\layouts\\master\\v_mahasiswa.php')
 3 SYSTEMPATH\View\View.php(231): CodeIgniter\View\View->CodeIgniter\View\{closure}()
 4 SYSTEMPATH\Common.php(1190): CodeIgniter\View\View->render('layouts/master/v_mahasiswa', [], true)
 5 APPPATH\Controllers\Mahasiswa.php(27): view('layouts/master/v_mahasiswa', [...])
 6 SYSTEMPATH\CodeIgniter.php(942): App\Controllers\Mahasiswa->index()
 7 SYSTEMPATH\CodeIgniter.php(502): CodeIgniter\CodeIgniter->runController(Object(App\Controllers\Mahasiswa))
 8 SYSTEMPATH\CodeIgniter.php(361): CodeIgniter\CodeIgniter->handleRequest(null, Object(Config\Cache), false)
 9 FCPATH\index.php(79): CodeIgniter\CodeIgniter->run()
10 SYSTEMPATH\Commands\Server\rewrite.php(47): require_once('C:\\xampp\\htdocs\\ProgramWeb\\public\\index.php')
WARNING - 2024-03-18 03:43:12 --> [DEPRECATED] Creation of dynamic property App\Controllers\Mahasiswa::$data is deprecated in APPPATH\Controllers\Mahasiswa.php on line 19.
 1 SYSTEMPATH\CodeIgniter.php(914): App\Controllers\Mahasiswa->__construct()
 2 SYSTEMPATH\CodeIgniter.php(493): CodeIgniter\CodeIgniter->createController()
 3 SYSTEMPATH\CodeIgniter.php(361): CodeIgniter\CodeIgniter->handleRequest(null, Object(Config\Cache), false)
 4 FCPATH\index.php(79): CodeIgniter\CodeIgniter->run()
 5 SYSTEMPATH\Commands\Server\rewrite.php(47): require_once('C:\\xampp\\htdocs\\ProgramWeb\\public\\index.php')
CRITICAL - 2024-03-18 03:43:12 --> Undefined array key "kode_prodi"
in APPPATH\Views\layouts\master\v_mahasiswa.php on line 203.
 1 APPPATH\Views\layouts\master\v_mahasiswa.php(203): CodeIgniter\Debug\Exceptions->errorHandler(2, 'Undefined array key "kode_prodi"', 'C:\\xampp\\htdocs\\ProgramWeb\\app\\Views\\layouts\\master\\v_mahasiswa.php', 203)
 2 SYSTEMPATH\View\View.php(228): include('C:\\xampp\\htdocs\\ProgramWeb\\app\\Views\\layouts\\master\\v_mahasiswa.php')
 3 SYSTEMPATH\View\View.php(231): CodeIgniter\View\View->CodeIgniter\View\{closure}()
 4 SYSTEMPATH\Common.php(1190): CodeIgniter\View\View->render('layouts/master/v_mahasiswa', [], true)
 5 APPPATH\Controllers\Mahasiswa.php(27): view('layouts/master/v_mahasiswa', [...])
 6 SYSTEMPATH\CodeIgniter.php(942): App\Controllers\Mahasiswa->index()
 7 SYSTEMPATH\CodeIgniter.php(502): CodeIgniter\CodeIgniter->runController(Object(App\Controllers\Mahasiswa))
 8 SYSTEMPATH\CodeIgniter.php(361): CodeIgniter\CodeIgniter->handleRequest(null, Object(Config\Cache), false)
 9 FCPATH\index.php(79): CodeIgniter\CodeIgniter->run()
10 SYSTEMPATH\Commands\Server\rewrite.php(47): require_once('C:\\xampp\\htdocs\\ProgramWeb\\public\\index.php')
WARNING - 2024-03-18 03:45:23 --> [DEPRECATED] Creation of dynamic property App\Controllers\Mahasiswa::$data is deprecated in APPPATH\Controllers\Mahasiswa.php on line 19.
 1 SYSTEMPATH\CodeIgniter.php(914): App\Controllers\Mahasiswa->__construct()
 2 SYSTEMPATH\CodeIgniter.php(493): CodeIgniter\CodeIgniter->createController()
 3 SYSTEMPATH\CodeIgniter.php(361): CodeIgniter\CodeIgniter->handleRequest(null, Object(Config\Cache), false)
 4 FCPATH\index.php(79): CodeIgniter\CodeIgniter->run()
 5 SYSTEMPATH\Commands\Server\rewrite.php(47): require_once('C:\\xampp\\htdocs\\ProgramWeb\\public\\index.php')
CRITICAL - 2024-03-18 03:45:23 --> Cannot use object of type stdClass as array
in APPPATH\Views\layouts\master\v_mahasiswa.php on line 65.
 1 SYSTEMPATH\View\View.php(228): include()
 2 SYSTEMPATH\View\View.php(231): CodeIgniter\View\View->CodeIgniter\View\{closure}()
 3 SYSTEMPATH\Common.php(1190): CodeIgniter\View\View->render('layouts/master/v_mahasiswa', [], true)
 4 APPPATH\Controllers\Mahasiswa.php(26): view('layouts/master/v_mahasiswa', [...])
 5 SYSTEMPATH\CodeIgniter.php(942): App\Controllers\Mahasiswa->index()
 6 SYSTEMPATH\CodeIgniter.php(502): CodeIgniter\CodeIgniter->runController(Object(App\Controllers\Mahasiswa))
 7 SYSTEMPATH\CodeIgniter.php(361): CodeIgniter\CodeIgniter->handleRequest(null, Object(Config\Cache), false)
 8 FCPATH\index.php(79): CodeIgniter\CodeIgniter->run()
 9 SYSTEMPATH\Commands\Server\rewrite.php(47): require_once('C:\\xampp\\htdocs\\ProgramWeb\\public\\index.php')
WARNING - 2024-03-18 03:47:12 --> [DEPRECATED] Creation of dynamic property App\Controllers\Mahasiswa::$data is deprecated in APPPATH\Controllers\Mahasiswa.php on line 19.
 1 SYSTEMPATH\CodeIgniter.php(914): App\Controllers\Mahasiswa->__construct()
 2 SYSTEMPATH\CodeIgniter.php(493): CodeIgniter\CodeIgniter->createController()
 3 SYSTEMPATH\CodeIgniter.php(361): CodeIgniter\CodeIgniter->handleRequest(null, Object(Config\Cache), false)
 4 FCPATH\index.php(79): CodeIgniter\CodeIgniter->run()
 5 SYSTEMPATH\Commands\Server\rewrite.php(47): require_once('C:\\xampp\\htdocs\\ProgramWeb\\public\\index.php')
CRITICAL - 2024-03-18 03:47:12 --> Undefined array key "kode_prodi"
in APPPATH\Views\layouts\master\v_mahasiswa.php on line 201.
 1 APPPATH\Views\layouts\master\v_mahasiswa.php(201): CodeIgniter\Debug\Exceptions->errorHandler(2, 'Undefined array key "kode_prodi"', 'C:\\xampp\\htdocs\\ProgramWeb\\app\\Views\\layouts\\master\\v_mahasiswa.php', 201)
 2 SYSTEMPATH\View\View.php(228): include('C:\\xampp\\htdocs\\ProgramWeb\\app\\Views\\layouts\\master\\v_mahasiswa.php')
 3 SYSTEMPATH\View\View.php(231): CodeIgniter\View\View->CodeIgniter\View\{closure}()
 4 SYSTEMPATH\Common.php(1190): CodeIgniter\View\View->render('layouts/master/v_mahasiswa', [], true)
 5 APPPATH\Controllers\Mahasiswa.php(26): view('layouts/master/v_mahasiswa', [...])
 6 SYSTEMPATH\CodeIgniter.php(942): App\Controllers\Mahasiswa->index()
 7 SYSTEMPATH\CodeIgniter.php(502): CodeIgniter\CodeIgniter->runController(Object(App\Controllers\Mahasiswa))
 8 SYSTEMPATH\CodeIgniter.php(361): CodeIgniter\CodeIgniter->handleRequest(null, Object(Config\Cache), false)
 9 FCPATH\index.php(79): CodeIgniter\CodeIgniter->run()
10 SYSTEMPATH\Commands\Server\rewrite.php(47): require_once('C:\\xampp\\htdocs\\ProgramWeb\\public\\index.php')
WARNING - 2024-03-18 03:48:33 --> [DEPRECATED] Creation of dynamic property App\Controllers\Mahasiswa::$data is deprecated in APPPATH\Controllers\Mahasiswa.php on line 19.
 1 SYSTEMPATH\CodeIgniter.php(914): App\Controllers\Mahasiswa->__construct()
 2 SYSTEMPATH\CodeIgniter.php(493): CodeIgniter\CodeIgniter->createController()
 3 SYSTEMPATH\CodeIgniter.php(361): CodeIgniter\CodeIgniter->handleRequest(null, Object(Config\Cache), false)
 4 FCPATH\index.php(79): CodeIgniter\CodeIgniter->run()
 5 SYSTEMPATH\Commands\Server\rewrite.php(47): require_once('C:\\xampp\\htdocs\\ProgramWeb\\public\\index.php')
CRITICAL - 2024-03-18 03:48:33 --> Undefined array key "kode_prodi"
in APPPATH\Views\layouts\master\v_mahasiswa.php on line 201.
 1 APPPATH\Views\layouts\master\v_mahasiswa.php(201): CodeIgniter\Debug\Exceptions->errorHandler(2, 'Undefined array key "kode_prodi"', 'C:\\xampp\\htdocs\\ProgramWeb\\app\\Views\\layouts\\master\\v_mahasiswa.php', 201)
 2 SYSTEMPATH\View\View.php(228): include('C:\\xampp\\htdocs\\ProgramWeb\\app\\Views\\layouts\\master\\v_mahasiswa.php')
 3 SYSTEMPATH\View\View.php(231): CodeIgniter\View\View->CodeIgniter\View\{closure}()
 4 SYSTEMPATH\Common.php(1190): CodeIgniter\View\View->render('layouts/master/v_mahasiswa', [], true)
 5 APPPATH\Controllers\Mahasiswa.php(26): view('layouts/master/v_mahasiswa', [...])
 6 SYSTEMPATH\CodeIgniter.php(942): App\Controllers\Mahasiswa->index()
 7 SYSTEMPATH\CodeIgniter.php(502): CodeIgniter\CodeIgniter->runController(Object(App\Controllers\Mahasiswa))
 8 SYSTEMPATH\CodeIgniter.php(361): CodeIgniter\CodeIgniter->handleRequest(null, Object(Config\Cache), false)
 9 FCPATH\index.php(79): CodeIgniter\CodeIgniter->run()
10 SYSTEMPATH\Commands\Server\rewrite.php(47): require_once('C:\\xampp\\htdocs\\ProgramWeb\\public\\index.php')
WARNING - 2024-03-18 03:48:34 --> [DEPRECATED] Creation of dynamic property App\Controllers\Mahasiswa::$data is deprecated in APPPATH\Controllers\Mahasiswa.php on line 19.
 1 SYSTEMPATH\CodeIgniter.php(914): App\Controllers\Mahasiswa->__construct()
 2 SYSTEMPATH\CodeIgniter.php(493): CodeIgniter\CodeIgniter->createController()
 3 SYSTEMPATH\CodeIgniter.php(361): CodeIgniter\CodeIgniter->handleRequest(null, Object(Config\Cache), false)
 4 FCPATH\index.php(79): CodeIgniter\CodeIgniter->run()
 5 SYSTEMPATH\Commands\Server\rewrite.php(47): require_once('C:\\xampp\\htdocs\\ProgramWeb\\public\\index.php')
CRITICAL - 2024-03-18 03:48:34 --> Undefined array key "kode_prodi"
in APPPATH\Views\layouts\master\v_mahasiswa.php on line 201.
 1 APPPATH\Views\layouts\master\v_mahasiswa.php(201): CodeIgniter\Debug\Exceptions->errorHandler(2, 'Undefined array key "kode_prodi"', 'C:\\xampp\\htdocs\\ProgramWeb\\app\\Views\\layouts\\master\\v_mahasiswa.php', 201)
 2 SYSTEMPATH\View\View.php(228): include('C:\\xampp\\htdocs\\ProgramWeb\\app\\Views\\layouts\\master\\v_mahasiswa.php')
 3 SYSTEMPATH\View\View.php(231): CodeIgniter\View\View->CodeIgniter\View\{closure}()
 4 SYSTEMPATH\Common.php(1190): CodeIgniter\View\View->render('layouts/master/v_mahasiswa', [], true)
 5 APPPATH\Controllers\Mahasiswa.php(26): view('layouts/master/v_mahasiswa', [...])
 6 SYSTEMPATH\CodeIgniter.php(942): App\Controllers\Mahasiswa->index()
 7 SYSTEMPATH\CodeIgniter.php(502): CodeIgniter\CodeIgniter->runController(Object(App\Controllers\Mahasiswa))
 8 SYSTEMPATH\CodeIgniter.php(361): CodeIgniter\CodeIgniter->handleRequest(null, Object(Config\Cache), false)
 9 FCPATH\index.php(79): CodeIgniter\CodeIgniter->run()
10 SYSTEMPATH\Commands\Server\rewrite.php(47): require_once('C:\\xampp\\htdocs\\ProgramWeb\\public\\index.php')
WARNING - 2024-03-18 03:49:22 --> [DEPRECATED] Creation of dynamic property App\Controllers\Mahasiswa::$data is deprecated in APPPATH\Controllers\Mahasiswa.php on line 19.
 1 SYSTEMPATH\CodeIgniter.php(914): App\Controllers\Mahasiswa->__construct()
 2 SYSTEMPATH\CodeIgniter.php(493): CodeIgniter\CodeIgniter->createController()
 3 SYSTEMPATH\CodeIgniter.php(361): CodeIgniter\CodeIgniter->handleRequest(null, Object(Config\Cache), false)
 4 FCPATH\index.php(79): CodeIgniter\CodeIgniter->run()
 5 SYSTEMPATH\Commands\Server\rewrite.php(47): require_once('C:\\xampp\\htdocs\\ProgramWeb\\public\\index.php')
CRITICAL - 2024-03-18 03:49:22 --> Undefined array key "kode_prodi"
in APPPATH\Views\layouts\master\v_mahasiswa.php on line 201.
 1 APPPATH\Views\layouts\master\v_mahasiswa.php(201): CodeIgniter\Debug\Exceptions->errorHandler(2, 'Undefined array key "kode_prodi"', 'C:\\xampp\\htdocs\\ProgramWeb\\app\\Views\\layouts\\master\\v_mahasiswa.php', 201)
 2 SYSTEMPATH\View\View.php(228): include('C:\\xampp\\htdocs\\ProgramWeb\\app\\Views\\layouts\\master\\v_mahasiswa.php')
 3 SYSTEMPATH\View\View.php(231): CodeIgniter\View\View->CodeIgniter\View\{closure}()
 4 SYSTEMPATH\Common.php(1190): CodeIgniter\View\View->render('layouts/master/v_mahasiswa', [], true)
 5 APPPATH\Controllers\Mahasiswa.php(26): view('layouts/master/v_mahasiswa', [...])
 6 SYSTEMPATH\CodeIgniter.php(942): App\Controllers\Mahasiswa->index()
 7 SYSTEMPATH\CodeIgniter.php(502): CodeIgniter\CodeIgniter->runController(Object(App\Controllers\Mahasiswa))
 8 SYSTEMPATH\CodeIgniter.php(361): CodeIgniter\CodeIgniter->handleRequest(null, Object(Config\Cache), false)
 9 FCPATH\index.php(79): CodeIgniter\CodeIgniter->run()
10 SYSTEMPATH\Commands\Server\rewrite.php(47): require_once('C:\\xampp\\htdocs\\ProgramWeb\\public\\index.php')
WARNING - 2024-03-18 03:50:30 --> [DEPRECATED] Creation of dynamic property App\Controllers\Mahasiswa::$data is deprecated in APPPATH\Controllers\Mahasiswa.php on line 19.
 1 SYSTEMPATH\CodeIgniter.php(914): App\Controllers\Mahasiswa->__construct()
 2 SYSTEMPATH\CodeIgniter.php(493): CodeIgniter\CodeIgniter->createController()
 3 SYSTEMPATH\CodeIgniter.php(361): CodeIgniter\CodeIgniter->handleRequest(null, Object(Config\Cache), false)
 4 FCPATH\index.php(79): CodeIgniter\CodeIgniter->run()
 5 SYSTEMPATH\Commands\Server\rewrite.php(47): require_once('C:\\xampp\\htdocs\\ProgramWeb\\public\\index.php')
CRITICAL - 2024-03-18 03:50:30 --> Undefined array key "kode_prodi"
in APPPATH\Views\layouts\master\v_mahasiswa.php on line 201.
 1 APPPATH\Views\layouts\master\v_mahasiswa.php(201): CodeIgniter\Debug\Exceptions->errorHandler(2, 'Undefined array key "kode_prodi"', 'C:\\xampp\\htdocs\\ProgramWeb\\app\\Views\\layouts\\master\\v_mahasiswa.php', 201)
 2 SYSTEMPATH\View\View.php(228): include('C:\\xampp\\htdocs\\ProgramWeb\\app\\Views\\layouts\\master\\v_mahasiswa.php')
 3 SYSTEMPATH\View\View.php(231): CodeIgniter\View\View->CodeIgniter\View\{closure}()
 4 SYSTEMPATH\Common.php(1190): CodeIgniter\View\View->render('layouts/master/v_mahasiswa', [], true)
 5 APPPATH\Controllers\Mahasiswa.php(26): view('layouts/master/v_mahasiswa', [...])
 6 SYSTEMPATH\CodeIgniter.php(942): App\Controllers\Mahasiswa->index()
 7 SYSTEMPATH\CodeIgniter.php(502): CodeIgniter\CodeIgniter->runController(Object(App\Controllers\Mahasiswa))
 8 SYSTEMPATH\CodeIgniter.php(361): CodeIgniter\CodeIgniter->handleRequest(null, Object(Config\Cache), false)
 9 FCPATH\index.php(79): CodeIgniter\CodeIgniter->run()
10 SYSTEMPATH\Commands\Server\rewrite.php(47): require_once('C:\\xampp\\htdocs\\ProgramWeb\\public\\index.php')
WARNING - 2024-03-18 03:50:45 --> [DEPRECATED] Creation of dynamic property App\Controllers\Mahasiswa::$data is deprecated in APPPATH\Controllers\Mahasiswa.php on line 19.
 1 SYSTEMPATH\CodeIgniter.php(914): App\Controllers\Mahasiswa->__construct()
 2 SYSTEMPATH\CodeIgniter.php(493): CodeIgniter\CodeIgniter->createController()
 3 SYSTEMPATH\CodeIgniter.php(361): CodeIgniter\CodeIgniter->handleRequest(null, Object(Config\Cache), false)
 4 FCPATH\index.php(79): CodeIgniter\CodeIgniter->run()
 5 SYSTEMPATH\Commands\Server\rewrite.php(47): require_once('C:\\xampp\\htdocs\\ProgramWeb\\public\\index.php')
WARNING - 2024-03-18 07:25:20 --> [DEPRECATED] Creation of dynamic property App\Controllers\Mahasiswa::$data is deprecated in APPPATH\Controllers\Mahasiswa.php on line 19.
 1 SYSTEMPATH\CodeIgniter.php(914): App\Controllers\Mahasiswa->__construct()
 2 SYSTEMPATH\CodeIgniter.php(493): CodeIgniter\CodeIgniter->createController()
 3 SYSTEMPATH\CodeIgniter.php(361): CodeIgniter\CodeIgniter->handleRequest(null, Object(Config\Cache), false)
 4 FCPATH\index.php(79): CodeIgniter\CodeIgniter->run()
 5 SYSTEMPATH\Commands\Server\rewrite.php(47): require_once('C:\\xampp\\htdocs\\ProgramWeb\\public\\index.php')
CRITICAL - 2024-03-18 07:25:20 --> Undefined array key "kode_prodi"
in APPPATH\Views\layouts\master\v_mahasiswa.php on line 201.
 1 APPPATH\Views\layouts\master\v_mahasiswa.php(201): CodeIgniter\Debug\Exceptions->errorHandler(2, 'Undefined array key "kode_prodi"', 'C:\\xampp\\htdocs\\ProgramWeb\\app\\Views\\layouts\\master\\v_mahasiswa.php', 201)
 2 SYSTEMPATH\View\View.php(228): include('C:\\xampp\\htdocs\\ProgramWeb\\app\\Views\\layouts\\master\\v_mahasiswa.php')
 3 SYSTEMPATH\View\View.php(231): CodeIgniter\View\View->CodeIgniter\View\{closure}()
 4 SYSTEMPATH\Common.php(1190): CodeIgniter\View\View->render('layouts/master/v_mahasiswa', [], true)
 5 APPPATH\Controllers\Mahasiswa.php(26): view('layouts/master/v_mahasiswa', [...])
 6 SYSTEMPATH\CodeIgniter.php(942): App\Controllers\Mahasiswa->index()
 7 SYSTEMPATH\CodeIgniter.php(502): CodeIgniter\CodeIgniter->runController(Object(App\Controllers\Mahasiswa))
 8 SYSTEMPATH\CodeIgniter.php(361): CodeIgniter\CodeIgniter->handleRequest(null, Object(Config\Cache), false)
 9 FCPATH\index.php(79): CodeIgniter\CodeIgniter->run()
10 SYSTEMPATH\Commands\Server\rewrite.php(47): require_once('C:\\xampp\\htdocs\\ProgramWeb\\public\\index.php')
WARNING - 2024-03-18 07:28:28 --> [DEPRECATED] Creation of dynamic property App\Controllers\Mahasiswa::$data is deprecated in APPPATH\Controllers\Mahasiswa.php on line 19.
 1 SYSTEMPATH\CodeIgniter.php(914): App\Controllers\Mahasiswa->__construct()
 2 SYSTEMPATH\CodeIgniter.php(493): CodeIgniter\CodeIgniter->createController()
 3 SYSTEMPATH\CodeIgniter.php(361): CodeIgniter\CodeIgniter->handleRequest(null, Object(Config\Cache), false)
 4 FCPATH\index.php(79): CodeIgniter\CodeIgniter->run()
 5 SYSTEMPATH\Commands\Server\rewrite.php(47): require_once('C:\\xampp\\htdocs\\ProgramWeb\\public\\index.php')
CRITICAL - 2024-03-18 07:28:28 --> Undefined array key "kode_prodi"
in APPPATH\Views\layouts\master\v_mahasiswa.php on line 201.
 1 APPPATH\Views\layouts\master\v_mahasiswa.php(201): CodeIgniter\Debug\Exceptions->errorHandler(2, 'Undefined array key "kode_prodi"', 'C:\\xampp\\htdocs\\ProgramWeb\\app\\Views\\layouts\\master\\v_mahasiswa.php', 201)
 2 SYSTEMPATH\View\View.php(228): include('C:\\xampp\\htdocs\\ProgramWeb\\app\\Views\\layouts\\master\\v_mahasiswa.php')
 3 SYSTEMPATH\View\View.php(231): CodeIgniter\View\View->CodeIgniter\View\{closure}()
 4 SYSTEMPATH\Common.php(1190): CodeIgniter\View\View->render('layouts/master/v_mahasiswa', [], true)
 5 APPPATH\Controllers\Mahasiswa.php(26): view('layouts/master/v_mahasiswa', [...])
 6 SYSTEMPATH\CodeIgniter.php(942): App\Controllers\Mahasiswa->index()
 7 SYSTEMPATH\CodeIgniter.php(502): CodeIgniter\CodeIgniter->runController(Object(App\Controllers\Mahasiswa))
 8 SYSTEMPATH\CodeIgniter.php(361): CodeIgniter\CodeIgniter->handleRequest(null, Object(Config\Cache), false)
 9 FCPATH\index.php(79): CodeIgniter\CodeIgniter->run()
10 SYSTEMPATH\Commands\Server\rewrite.php(47): require_once('C:\\xampp\\htdocs\\ProgramWeb\\public\\index.php')
WARNING - 2024-03-18 07:28:31 --> [DEPRECATED] Creation of dynamic property App\Controllers\Mahasiswa::$data is deprecated in APPPATH\Controllers\Mahasiswa.php on line 19.
 1 SYSTEMPATH\CodeIgniter.php(914): App\Controllers\Mahasiswa->__construct()
 2 SYSTEMPATH\CodeIgniter.php(493): CodeIgniter\CodeIgniter->createController()
 3 SYSTEMPATH\CodeIgniter.php(361): CodeIgniter\CodeIgniter->handleRequest(null, Object(Config\Cache), false)
 4 FCPATH\index.php(79): CodeIgniter\CodeIgniter->run()
 5 SYSTEMPATH\Commands\Server\rewrite.php(47): require_once('C:\\xampp\\htdocs\\ProgramWeb\\public\\index.php')
CRITICAL - 2024-03-18 07:28:31 --> Undefined array key "kode_prodi"
in APPPATH\Views\layouts\master\v_mahasiswa.php on line 201.
 1 APPPATH\Views\layouts\master\v_mahasiswa.php(201): CodeIgniter\Debug\Exceptions->errorHandler(2, 'Undefined array key "kode_prodi"', 'C:\\xampp\\htdocs\\ProgramWeb\\app\\Views\\layouts\\master\\v_mahasiswa.php', 201)
 2 SYSTEMPATH\View\View.php(228): include('C:\\xampp\\htdocs\\ProgramWeb\\app\\Views\\layouts\\master\\v_mahasiswa.php')
 3 SYSTEMPATH\View\View.php(231): CodeIgniter\View\View->CodeIgniter\View\{closure}()
 4 SYSTEMPATH\Common.php(1190): CodeIgniter\View\View->render('layouts/master/v_mahasiswa', [], true)
 5 APPPATH\Controllers\Mahasiswa.php(26): view('layouts/master/v_mahasiswa', [...])
 6 SYSTEMPATH\CodeIgniter.php(942): App\Controllers\Mahasiswa->index()
 7 SYSTEMPATH\CodeIgniter.php(502): CodeIgniter\CodeIgniter->runController(Object(App\Controllers\Mahasiswa))
 8 SYSTEMPATH\CodeIgniter.php(361): CodeIgniter\CodeIgniter->handleRequest(null, Object(Config\Cache), false)
 9 FCPATH\index.php(79): CodeIgniter\CodeIgniter->run()
10 SYSTEMPATH\Commands\Server\rewrite.php(47): require_once('C:\\xampp\\htdocs\\ProgramWeb\\public\\index.php')
WARNING - 2024-03-18 07:30:39 --> [DEPRECATED] Creation of dynamic property App\Controllers\Mahasiswa::$data is deprecated in APPPATH\Controllers\Mahasiswa.php on line 19.
 1 SYSTEMPATH\CodeIgniter.php(914): App\Controllers\Mahasiswa->__construct()
 2 SYSTEMPATH\CodeIgniter.php(493): CodeIgniter\CodeIgniter->createController()
 3 SYSTEMPATH\CodeIgniter.php(361): CodeIgniter\CodeIgniter->handleRequest(null, Object(Config\Cache), false)
 4 FCPATH\index.php(79): CodeIgniter\CodeIgniter->run()
 5 SYSTEMPATH\Commands\Server\rewrite.php(47): require_once('C:\\xampp\\htdocs\\ProgramWeb\\public\\index.php')
CRITICAL - 2024-03-18 07:30:39 --> Undefined array key "kode_prodi"
in APPPATH\Views\layouts\master\v_mahasiswa.php on line 201.
 1 APPPATH\Views\layouts\master\v_mahasiswa.php(201): CodeIgniter\Debug\Exceptions->errorHandler(2, 'Undefined array key "kode_prodi"', 'C:\\xampp\\htdocs\\ProgramWeb\\app\\Views\\layouts\\master\\v_mahasiswa.php', 201)
 2 SYSTEMPATH\View\View.php(228): include('C:\\xampp\\htdocs\\ProgramWeb\\app\\Views\\layouts\\master\\v_mahasiswa.php')
 3 SYSTEMPATH\View\View.php(231): CodeIgniter\View\View->CodeIgniter\View\{closure}()
 4 SYSTEMPATH\Common.php(1190): CodeIgniter\View\View->render('layouts/master/v_mahasiswa', [], true)
 5 APPPATH\Controllers\Mahasiswa.php(26): view('layouts/master/v_mahasiswa', [...])
 6 SYSTEMPATH\CodeIgniter.php(942): App\Controllers\Mahasiswa->index()
 7 SYSTEMPATH\CodeIgniter.php(502): CodeIgniter\CodeIgniter->runController(Object(App\Controllers\Mahasiswa))
 8 SYSTEMPATH\CodeIgniter.php(361): CodeIgniter\CodeIgniter->handleRequest(null, Object(Config\Cache), false)
 9 FCPATH\index.php(79): CodeIgniter\CodeIgniter->run()
10 SYSTEMPATH\Commands\Server\rewrite.php(47): require_once('C:\\xampp\\htdocs\\ProgramWeb\\public\\index.php')
WARNING - 2024-03-18 07:30:42 --> [DEPRECATED] Creation of dynamic property App\Controllers\Mahasiswa::$data is deprecated in APPPATH\Controllers\Mahasiswa.php on line 19.
 1 SYSTEMPATH\CodeIgniter.php(914): App\Controllers\Mahasiswa->__construct()
 2 SYSTEMPATH\CodeIgniter.php(493): CodeIgniter\CodeIgniter->createController()
 3 SYSTEMPATH\CodeIgniter.php(361): CodeIgniter\CodeIgniter->handleRequest(null, Object(Config\Cache), false)
 4 FCPATH\index.php(79): CodeIgniter\CodeIgniter->run()
 5 SYSTEMPATH\Commands\Server\rewrite.php(47): require_once('C:\\xampp\\htdocs\\ProgramWeb\\public\\index.php')
CRITICAL - 2024-03-18 07:30:42 --> Undefined array key "kode_prodi"
in APPPATH\Views\layouts\master\v_mahasiswa.php on line 201.
 1 APPPATH\Views\layouts\master\v_mahasiswa.php(201): CodeIgniter\Debug\Exceptions->errorHandler(2, 'Undefined array key "kode_prodi"', 'C:\\xampp\\htdocs\\ProgramWeb\\app\\Views\\layouts\\master\\v_mahasiswa.php', 201)
 2 SYSTEMPATH\View\View.php(228): include('C:\\xampp\\htdocs\\ProgramWeb\\app\\Views\\layouts\\master\\v_mahasiswa.php')
 3 SYSTEMPATH\View\View.php(231): CodeIgniter\View\View->CodeIgniter\View\{closure}()
 4 SYSTEMPATH\Common.php(1190): CodeIgniter\View\View->render('layouts/master/v_mahasiswa', [], true)
 5 APPPATH\Controllers\Mahasiswa.php(26): view('layouts/master/v_mahasiswa', [...])
 6 SYSTEMPATH\CodeIgniter.php(942): App\Controllers\Mahasiswa->index()
 7 SYSTEMPATH\CodeIgniter.php(502): CodeIgniter\CodeIgniter->runController(Object(App\Controllers\Mahasiswa))
 8 SYSTEMPATH\CodeIgniter.php(361): CodeIgniter\CodeIgniter->handleRequest(null, Object(Config\Cache), false)
 9 FCPATH\index.php(79): CodeIgniter\CodeIgniter->run()
10 SYSTEMPATH\Commands\Server\rewrite.php(47): require_once('C:\\xampp\\htdocs\\ProgramWeb\\public\\index.php')
WARNING - 2024-03-18 07:33:31 --> [DEPRECATED] Creation of dynamic property App\Controllers\Mahasiswa::$data is deprecated in APPPATH\Controllers\Mahasiswa.php on line 19.
 1 SYSTEMPATH\CodeIgniter.php(914): App\Controllers\Mahasiswa->__construct()
 2 SYSTEMPATH\CodeIgniter.php(493): CodeIgniter\CodeIgniter->createController()
 3 SYSTEMPATH\CodeIgniter.php(361): CodeIgniter\CodeIgniter->handleRequest(null, Object(Config\Cache), false)
 4 FCPATH\index.php(79): CodeIgniter\CodeIgniter->run()
 5 SYSTEMPATH\Commands\Server\rewrite.php(47): require_once('C:\\xampp\\htdocs\\ProgramWeb\\public\\index.php')
