WARNING - 2024-03-15 16:15:28 --> [DEPRECATED] Creation of dynamic property App\Controllers\Mahasiswa::$data is deprecated in APPPATH\Controllers\Mahasiswa.php on line 19.
 1 SYSTEMPATH\CodeIgniter.php(914): App\Controllers\Mahasiswa->__construct()
 2 SYSTEMPATH\CodeIgniter.php(493): CodeIgniter\CodeIgniter->createController()
 3 SYSTEMPATH\CodeIgniter.php(361): CodeIgniter\CodeIgniter->handleRequest(null, Object(Config\Cache), false)
 4 FCPATH\index.php(79): CodeIgniter\CodeIgniter->run()
 5 SYSTEMPATH\Commands\Server\rewrite.php(47): require_once('C:\\xampp\\htdocs\\ProgramWeb\\public\\index.php')
WARNING - 2024-03-15 16:22:37 --> [DEPRECATED] Creation of dynamic property App\Controllers\Mahasiswa::$data is deprecated in APPPATH\Controllers\Mahasiswa.php on line 19.
 1 SYSTEMPATH\CodeIgniter.php(914): App\Controllers\Mahasiswa->__construct()
 2 SYSTEMPATH\CodeIgniter.php(493): CodeIgniter\CodeIgniter->createController()
 3 SYSTEMPATH\CodeIgniter.php(361): CodeIgniter\CodeIgniter->handleRequest(null, Object(Config\Cache), false)
 4 FCPATH\index.php(79): CodeIgniter\CodeIgniter->run()
 5 SYSTEMPATH\Commands\Server\rewrite.php(47): require_once('C:\\xampp\\htdocs\\ProgramWeb\\public\\index.php')
CRITICAL - 2024-03-15 16:22:37 --> Undefined variable $prodiOptions
in APPPATH\Views\layouts\master\v_mahasiswa.php on line 250.
 1 APPPATH\Views\layouts\master\v_mahasiswa.php(250): CodeIgniter\Debug\Exceptions->errorHandler(2, 'Undefined variable $prodiOptions', 'C:\\xampp\\htdocs\\ProgramWeb\\app\\Views\\layouts\\master\\v_mahasiswa.php', 250)
 2 SYSTEMPATH\View\View.php(228): include('C:\\xampp\\htdocs\\ProgramWeb\\app\\Views\\layouts\\master\\v_mahasiswa.php')
 3 SYSTEMPATH\View\View.php(231): CodeIgniter\View\View->CodeIgniter\View\{closure}()
 4 SYSTEMPATH\Common.php(1190): CodeIgniter\View\View->render('layouts/master/v_mahasiswa', [], true)
 5 APPPATH\Controllers\Mahasiswa.php(27): view('layouts/master/v_mahasiswa', [...])
 6 SYSTEMPATH\CodeIgniter.php(942): App\Controllers\Mahasiswa->index()
 7 SYSTEMPATH\CodeIgniter.php(502): CodeIgniter\CodeIgniter->runController(Object(App\Controllers\Mahasiswa))
 8 SYSTEMPATH\CodeIgniter.php(361): CodeIgniter\CodeIgniter->handleRequest(null, Object(Config\Cache), false)
 9 FCPATH\index.php(79): CodeIgniter\CodeIgniter->run()
10 SYSTEMPATH\Commands\Server\rewrite.php(47): require_once('C:\\xampp\\htdocs\\ProgramWeb\\public\\index.php')
WARNING - 2024-03-15 16:23:02 --> [DEPRECATED] Creation of dynamic property App\Controllers\Mahasiswa::$data is deprecated in APPPATH\Controllers\Mahasiswa.php on line 19.
 1 SYSTEMPATH\CodeIgniter.php(914): App\Controllers\Mahasiswa->__construct()
 2 SYSTEMPATH\CodeIgniter.php(493): CodeIgniter\CodeIgniter->createController()
 3 SYSTEMPATH\CodeIgniter.php(361): CodeIgniter\CodeIgniter->handleRequest(null, Object(Config\Cache), false)
 4 FCPATH\index.php(79): CodeIgniter\CodeIgniter->run()
 5 SYSTEMPATH\Commands\Server\rewrite.php(47): require_once('C:\\xampp\\htdocs\\ProgramWeb\\public\\index.php')
WARNING - 2024-03-15 16:24:56 --> [DEPRECATED] Creation of dynamic property App\Controllers\Mahasiswa::$data is deprecated in APPPATH\Controllers\Mahasiswa.php on line 19.
 1 SYSTEMPATH\CodeIgniter.php(914): App\Controllers\Mahasiswa->__construct()
 2 SYSTEMPATH\CodeIgniter.php(493): CodeIgniter\CodeIgniter->createController()
 3 SYSTEMPATH\CodeIgniter.php(361): CodeIgniter\CodeIgniter->handleRequest(null, Object(Config\Cache), false)
 4 FCPATH\index.php(79): CodeIgniter\CodeIgniter->run()
 5 SYSTEMPATH\Commands\Server\rewrite.php(47): require_once('C:\\xampp\\htdocs\\ProgramWeb\\public\\index.php')
CRITICAL - 2024-03-15 16:24:56 --> Undefined variable $prodiOptions
in APPPATH\Views\layouts\master\v_mahasiswa.php on line 253.
 1 APPPATH\Views\layouts\master\v_mahasiswa.php(253): CodeIgniter\Debug\Exceptions->errorHandler(2, 'Undefined variable $prodiOptions', 'C:\\xampp\\htdocs\\ProgramWeb\\app\\Views\\layouts\\master\\v_mahasiswa.php', 253)
 2 SYSTEMPATH\View\View.php(228): include('C:\\xampp\\htdocs\\ProgramWeb\\app\\Views\\layouts\\master\\v_mahasiswa.php')
 3 SYSTEMPATH\View\View.php(231): CodeIgniter\View\View->CodeIgniter\View\{closure}()
 4 SYSTEMPATH\Common.php(1190): CodeIgniter\View\View->render('layouts/master/v_mahasiswa', [], true)
 5 APPPATH\Controllers\Mahasiswa.php(27): view('layouts/master/v_mahasiswa', [...])
 6 SYSTEMPATH\CodeIgniter.php(942): App\Controllers\Mahasiswa->index()
 7 SYSTEMPATH\CodeIgniter.php(502): CodeIgniter\CodeIgniter->runController(Object(App\Controllers\Mahasiswa))
 8 SYSTEMPATH\CodeIgniter.php(361): CodeIgniter\CodeIgniter->handleRequest(null, Object(Config\Cache), false)
 9 FCPATH\index.php(79): CodeIgniter\CodeIgniter->run()
10 SYSTEMPATH\Commands\Server\rewrite.php(47): require_once('C:\\xampp\\htdocs\\ProgramWeb\\public\\index.php')
WARNING - 2024-03-15 16:28:18 --> [DEPRECATED] Creation of dynamic property App\Controllers\Mahasiswa::$data is deprecated in APPPATH\Controllers\Mahasiswa.php on line 19.
 1 SYSTEMPATH\CodeIgniter.php(914): App\Controllers\Mahasiswa->__construct()
 2 SYSTEMPATH\CodeIgniter.php(493): CodeIgniter\CodeIgniter->createController()
 3 SYSTEMPATH\CodeIgniter.php(361): CodeIgniter\CodeIgniter->handleRequest(null, Object(Config\Cache), false)
 4 FCPATH\index.php(79): CodeIgniter\CodeIgniter->run()
 5 SYSTEMPATH\Commands\Server\rewrite.php(47): require_once('C:\\xampp\\htdocs\\ProgramWeb\\public\\index.php')
CRITICAL - 2024-03-15 16:28:18 --> Undefined variable $prodi
in APPPATH\Views\layouts\master\v_mahasiswa.php on line 141.
 1 APPPATH\Views\layouts\master\v_mahasiswa.php(141): CodeIgniter\Debug\Exceptions->errorHandler(2, 'Undefined variable $prodi', 'C:\\xampp\\htdocs\\ProgramWeb\\app\\Views\\layouts\\master\\v_mahasiswa.php', 141)
 2 SYSTEMPATH\View\View.php(228): include('C:\\xampp\\htdocs\\ProgramWeb\\app\\Views\\layouts\\master\\v_mahasiswa.php')
 3 SYSTEMPATH\View\View.php(231): CodeIgniter\View\View->CodeIgniter\View\{closure}()
 4 SYSTEMPATH\Common.php(1190): CodeIgniter\View\View->render('layouts/master/v_mahasiswa', [], true)
 5 APPPATH\Controllers\Mahasiswa.php(34): view('layouts/master/v_mahasiswa', [...])
 6 SYSTEMPATH\CodeIgniter.php(942): App\Controllers\Mahasiswa->index()
 7 SYSTEMPATH\CodeIgniter.php(502): CodeIgniter\CodeIgniter->runController(Object(App\Controllers\Mahasiswa))
 8 SYSTEMPATH\CodeIgniter.php(361): CodeIgniter\CodeIgniter->handleRequest(null, Object(Config\Cache), false)
 9 FCPATH\index.php(79): CodeIgniter\CodeIgniter->run()
10 SYSTEMPATH\Commands\Server\rewrite.php(47): require_once('C:\\xampp\\htdocs\\ProgramWeb\\public\\index.php')
WARNING - 2024-03-15 16:28:21 --> [DEPRECATED] Creation of dynamic property App\Controllers\Mahasiswa::$data is deprecated in APPPATH\Controllers\Mahasiswa.php on line 19.
 1 SYSTEMPATH\CodeIgniter.php(914): App\Controllers\Mahasiswa->__construct()
 2 SYSTEMPATH\CodeIgniter.php(493): CodeIgniter\CodeIgniter->createController()
 3 SYSTEMPATH\CodeIgniter.php(361): CodeIgniter\CodeIgniter->handleRequest(null, Object(Config\Cache), false)
 4 FCPATH\index.php(79): CodeIgniter\CodeIgniter->run()
 5 SYSTEMPATH\Commands\Server\rewrite.php(47): require_once('C:\\xampp\\htdocs\\ProgramWeb\\public\\index.php')
CRITICAL - 2024-03-15 16:28:21 --> Undefined variable $prodi
in APPPATH\Views\layouts\master\v_mahasiswa.php on line 141.
 1 APPPATH\Views\layouts\master\v_mahasiswa.php(141): CodeIgniter\Debug\Exceptions->errorHandler(2, 'Undefined variable $prodi', 'C:\\xampp\\htdocs\\ProgramWeb\\app\\Views\\layouts\\master\\v_mahasiswa.php', 141)
 2 SYSTEMPATH\View\View.php(228): include('C:\\xampp\\htdocs\\ProgramWeb\\app\\Views\\layouts\\master\\v_mahasiswa.php')
 3 SYSTEMPATH\View\View.php(231): CodeIgniter\View\View->CodeIgniter\View\{closure}()
 4 SYSTEMPATH\Common.php(1190): CodeIgniter\View\View->render('layouts/master/v_mahasiswa', [], true)
 5 APPPATH\Controllers\Mahasiswa.php(34): view('layouts/master/v_mahasiswa', [...])
 6 SYSTEMPATH\CodeIgniter.php(942): App\Controllers\Mahasiswa->index()
 7 SYSTEMPATH\CodeIgniter.php(502): CodeIgniter\CodeIgniter->runController(Object(App\Controllers\Mahasiswa))
 8 SYSTEMPATH\CodeIgniter.php(361): CodeIgniter\CodeIgniter->handleRequest(null, Object(Config\Cache), false)
 9 FCPATH\index.php(79): CodeIgniter\CodeIgniter->run()
10 SYSTEMPATH\Commands\Server\rewrite.php(47): require_once('C:\\xampp\\htdocs\\ProgramWeb\\public\\index.php')
WARNING - 2024-03-15 16:30:14 --> [DEPRECATED] Creation of dynamic property App\Controllers\Mahasiswa::$data is deprecated in APPPATH\Controllers\Mahasiswa.php on line 19.
 1 SYSTEMPATH\CodeIgniter.php(914): App\Controllers\Mahasiswa->__construct()
 2 SYSTEMPATH\CodeIgniter.php(493): CodeIgniter\CodeIgniter->createController()
 3 SYSTEMPATH\CodeIgniter.php(361): CodeIgniter\CodeIgniter->handleRequest(null, Object(Config\Cache), false)
 4 FCPATH\index.php(79): CodeIgniter\CodeIgniter->run()
 5 SYSTEMPATH\Commands\Server\rewrite.php(47): require_once('C:\\xampp\\htdocs\\ProgramWeb\\public\\index.php')
CRITICAL - 2024-03-15 16:30:14 --> Call to undefined method App\Models\M_prodi::getAllProdi
in SYSTEMPATH\Model.php on line 873.
 1 APPPATH\Controllers\Mahasiswa.php(32): CodeIgniter\Model->__call('getAllProdi', [])
 2 SYSTEMPATH\CodeIgniter.php(914): App\Controllers\Mahasiswa->__construct()
 3 SYSTEMPATH\CodeIgniter.php(493): CodeIgniter\CodeIgniter->createController()
 4 SYSTEMPATH\CodeIgniter.php(361): CodeIgniter\CodeIgniter->handleRequest(null, Object(Config\Cache), false)
 5 FCPATH\index.php(79): CodeIgniter\CodeIgniter->run()
 6 SYSTEMPATH\Commands\Server\rewrite.php(47): require_once('C:\\xampp\\htdocs\\ProgramWeb\\public\\index.php')
WARNING - 2024-03-15 16:32:44 --> [DEPRECATED] Creation of dynamic property App\Controllers\Mahasiswa::$data is deprecated in APPPATH\Controllers\Mahasiswa.php on line 19.
 1 SYSTEMPATH\CodeIgniter.php(914): App\Controllers\Mahasiswa->__construct()
 2 SYSTEMPATH\CodeIgniter.php(493): CodeIgniter\CodeIgniter->createController()
 3 SYSTEMPATH\CodeIgniter.php(361): CodeIgniter\CodeIgniter->handleRequest(null, Object(Config\Cache), false)
 4 FCPATH\index.php(79): CodeIgniter\CodeIgniter->run()
 5 SYSTEMPATH\Commands\Server\rewrite.php(47): require_once('C:\\xampp\\htdocs\\ProgramWeb\\public\\index.php')
CRITICAL - 2024-03-15 16:32:44 --> Undefined variable $prodiOptions
in APPPATH\Views\layouts\master\v_mahasiswa.php on line 253.
 1 APPPATH\Views\layouts\master\v_mahasiswa.php(253): CodeIgniter\Debug\Exceptions->errorHandler(2, 'Undefined variable $prodiOptions', 'C:\\xampp\\htdocs\\ProgramWeb\\app\\Views\\layouts\\master\\v_mahasiswa.php', 253)
 2 SYSTEMPATH\View\View.php(228): include('C:\\xampp\\htdocs\\ProgramWeb\\app\\Views\\layouts\\master\\v_mahasiswa.php')
 3 SYSTEMPATH\View\View.php(231): CodeIgniter\View\View->CodeIgniter\View\{closure}()
 4 SYSTEMPATH\Common.php(1190): CodeIgniter\View\View->render('layouts/master/v_mahasiswa', [], true)
 5 APPPATH\Controllers\Mahasiswa.php(29): view('layouts/master/v_mahasiswa', [...])
 6 SYSTEMPATH\CodeIgniter.php(942): App\Controllers\Mahasiswa->index()
 7 SYSTEMPATH\CodeIgniter.php(502): CodeIgniter\CodeIgniter->runController(Object(App\Controllers\Mahasiswa))
 8 SYSTEMPATH\CodeIgniter.php(361): CodeIgniter\CodeIgniter->handleRequest(null, Object(Config\Cache), false)
 9 FCPATH\index.php(79): CodeIgniter\CodeIgniter->run()
10 SYSTEMPATH\Commands\Server\rewrite.php(47): require_once('C:\\xampp\\htdocs\\ProgramWeb\\public\\index.php')
WARNING - 2024-03-15 16:34:07 --> [DEPRECATED] Creation of dynamic property App\Controllers\Mahasiswa::$data is deprecated in APPPATH\Controllers\Mahasiswa.php on line 19.
 1 SYSTEMPATH\CodeIgniter.php(914): App\Controllers\Mahasiswa->__construct()
 2 SYSTEMPATH\CodeIgniter.php(493): CodeIgniter\CodeIgniter->createController()
 3 SYSTEMPATH\CodeIgniter.php(361): CodeIgniter\CodeIgniter->handleRequest(null, Object(Config\Cache), false)
 4 FCPATH\index.php(79): CodeIgniter\CodeIgniter->run()
 5 SYSTEMPATH\Commands\Server\rewrite.php(47): require_once('C:\\xampp\\htdocs\\ProgramWeb\\public\\index.php')
CRITICAL - 2024-03-15 16:34:07 --> Undefined variable $prodi
in APPPATH\Views\layouts\master\v_mahasiswa.php on line 141.
 1 APPPATH\Views\layouts\master\v_mahasiswa.php(141): CodeIgniter\Debug\Exceptions->errorHandler(2, 'Undefined variable $prodi', 'C:\\xampp\\htdocs\\ProgramWeb\\app\\Views\\layouts\\master\\v_mahasiswa.php', 141)
 2 SYSTEMPATH\View\View.php(228): include('C:\\xampp\\htdocs\\ProgramWeb\\app\\Views\\layouts\\master\\v_mahasiswa.php')
 3 SYSTEMPATH\View\View.php(231): CodeIgniter\View\View->CodeIgniter\View\{closure}()
 4 SYSTEMPATH\Common.php(1190): CodeIgniter\View\View->render('layouts/master/v_mahasiswa', [], true)
 5 APPPATH\Controllers\Mahasiswa.php(42): view('layouts/master/v_mahasiswa', [...])
 6 SYSTEMPATH\CodeIgniter.php(942): App\Controllers\Mahasiswa->index()
 7 SYSTEMPATH\CodeIgniter.php(502): CodeIgniter\CodeIgniter->runController(Object(App\Controllers\Mahasiswa))
 8 SYSTEMPATH\CodeIgniter.php(361): CodeIgniter\CodeIgniter->handleRequest(null, Object(Config\Cache), false)
 9 FCPATH\index.php(79): CodeIgniter\CodeIgniter->run()
10 SYSTEMPATH\Commands\Server\rewrite.php(47): require_once('C:\\xampp\\htdocs\\ProgramWeb\\public\\index.php')
WARNING - 2024-03-15 16:35:16 --> [DEPRECATED] Creation of dynamic property App\Controllers\Mahasiswa::$data is deprecated in APPPATH\Controllers\Mahasiswa.php on line 19.
 1 SYSTEMPATH\CodeIgniter.php(914): App\Controllers\Mahasiswa->__construct()
 2 SYSTEMPATH\CodeIgniter.php(493): CodeIgniter\CodeIgniter->createController()
 3 SYSTEMPATH\CodeIgniter.php(361): CodeIgniter\CodeIgniter->handleRequest(null, Object(Config\Cache), false)
 4 FCPATH\index.php(79): CodeIgniter\CodeIgniter->run()
 5 SYSTEMPATH\Commands\Server\rewrite.php(47): require_once('C:\\xampp\\htdocs\\ProgramWeb\\public\\index.php')
WARNING - 2024-03-15 16:37:26 --> [DEPRECATED] Creation of dynamic property App\Controllers\Mahasiswa::$data is deprecated in APPPATH\Controllers\Mahasiswa.php on line 19.
 1 SYSTEMPATH\CodeIgniter.php(914): App\Controllers\Mahasiswa->__construct()
 2 SYSTEMPATH\CodeIgniter.php(493): CodeIgniter\CodeIgniter->createController()
 3 SYSTEMPATH\CodeIgniter.php(361): CodeIgniter\CodeIgniter->handleRequest(null, Object(Config\Cache), false)
 4 FCPATH\index.php(79): CodeIgniter\CodeIgniter->run()
 5 SYSTEMPATH\Commands\Server\rewrite.php(47): require_once('C:\\xampp\\htdocs\\ProgramWeb\\public\\index.php')
WARNING - 2024-03-15 16:37:47 --> [DEPRECATED] Creation of dynamic property App\Controllers\Mahasiswa::$data is deprecated in APPPATH\Controllers\Mahasiswa.php on line 19.
 1 SYSTEMPATH\CodeIgniter.php(914): App\Controllers\Mahasiswa->__construct()
 2 SYSTEMPATH\CodeIgniter.php(493): CodeIgniter\CodeIgniter->createController()
 3 SYSTEMPATH\CodeIgniter.php(361): CodeIgniter\CodeIgniter->handleRequest(null, Object(Config\Cache), false)
 4 FCPATH\index.php(79): CodeIgniter\CodeIgniter->run()
 5 SYSTEMPATH\Commands\Server\rewrite.php(47): require_once('C:\\xampp\\htdocs\\ProgramWeb\\public\\index.php')
CRITICAL - 2024-03-15 16:37:47 --> Undefined variable $prodiOptions
in APPPATH\Views\layouts\master\v_mahasiswa.php on line 247.
 1 APPPATH\Views\layouts\master\v_mahasiswa.php(247): CodeIgniter\Debug\Exceptions->errorHandler(2, 'Undefined variable $prodiOptions', 'C:\\xampp\\htdocs\\ProgramWeb\\app\\Views\\layouts\\master\\v_mahasiswa.php', 247)
 2 SYSTEMPATH\View\View.php(228): include('C:\\xampp\\htdocs\\ProgramWeb\\app\\Views\\layouts\\master\\v_mahasiswa.php')
 3 SYSTEMPATH\View\View.php(231): CodeIgniter\View\View->CodeIgniter\View\{closure}()
 4 SYSTEMPATH\Common.php(1190): CodeIgniter\View\View->render('layouts/master/v_mahasiswa', [], true)
 5 APPPATH\Controllers\Mahasiswa.php(27): view('layouts/master/v_mahasiswa', [...])
 6 SYSTEMPATH\CodeIgniter.php(942): App\Controllers\Mahasiswa->index()
 7 SYSTEMPATH\CodeIgniter.php(502): CodeIgniter\CodeIgniter->runController(Object(App\Controllers\Mahasiswa))
 8 SYSTEMPATH\CodeIgniter.php(361): CodeIgniter\CodeIgniter->handleRequest(null, Object(Config\Cache), false)
 9 FCPATH\index.php(79): CodeIgniter\CodeIgniter->run()
10 SYSTEMPATH\Commands\Server\rewrite.php(47): require_once('C:\\xampp\\htdocs\\ProgramWeb\\public\\index.php')
WARNING - 2024-03-15 16:39:24 --> [DEPRECATED] Creation of dynamic property App\Controllers\Mahasiswa::$data is deprecated in APPPATH\Controllers\Mahasiswa.php on line 19.
 1 SYSTEMPATH\CodeIgniter.php(914): App\Controllers\Mahasiswa->__construct()
 2 SYSTEMPATH\CodeIgniter.php(493): CodeIgniter\CodeIgniter->createController()
 3 SYSTEMPATH\CodeIgniter.php(361): CodeIgniter\CodeIgniter->handleRequest(null, Object(Config\Cache), false)
 4 FCPATH\index.php(79): CodeIgniter\CodeIgniter->run()
 5 SYSTEMPATH\Commands\Server\rewrite.php(47): require_once('C:\\xampp\\htdocs\\ProgramWeb\\public\\index.php')
CRITICAL - 2024-03-15 16:39:24 --> Undefined variable $prodiOptions
in APPPATH\Views\layouts\master\v_mahasiswa.php on line 247.
 1 APPPATH\Views\layouts\master\v_mahasiswa.php(247): CodeIgniter\Debug\Exceptions->errorHandler(2, 'Undefined variable $prodiOptions', 'C:\\xampp\\htdocs\\ProgramWeb\\app\\Views\\layouts\\master\\v_mahasiswa.php', 247)
 2 SYSTEMPATH\View\View.php(228): include('C:\\xampp\\htdocs\\ProgramWeb\\app\\Views\\layouts\\master\\v_mahasiswa.php')
 3 SYSTEMPATH\View\View.php(231): CodeIgniter\View\View->CodeIgniter\View\{closure}()
 4 SYSTEMPATH\Common.php(1190): CodeIgniter\View\View->render('layouts/master/v_mahasiswa', [], true)
 5 APPPATH\Controllers\Mahasiswa.php(27): view('layouts/master/v_mahasiswa', [...])
 6 SYSTEMPATH\CodeIgniter.php(942): App\Controllers\Mahasiswa->index()
 7 SYSTEMPATH\CodeIgniter.php(502): CodeIgniter\CodeIgniter->runController(Object(App\Controllers\Mahasiswa))
 8 SYSTEMPATH\CodeIgniter.php(361): CodeIgniter\CodeIgniter->handleRequest(null, Object(Config\Cache), false)
 9 FCPATH\index.php(79): CodeIgniter\CodeIgniter->run()
10 SYSTEMPATH\Commands\Server\rewrite.php(47): require_once('C:\\xampp\\htdocs\\ProgramWeb\\public\\index.php')
WARNING - 2024-03-15 16:39:26 --> [DEPRECATED] Creation of dynamic property App\Controllers\Mahasiswa::$data is deprecated in APPPATH\Controllers\Mahasiswa.php on line 19.
 1 SYSTEMPATH\CodeIgniter.php(914): App\Controllers\Mahasiswa->__construct()
 2 SYSTEMPATH\CodeIgniter.php(493): CodeIgniter\CodeIgniter->createController()
 3 SYSTEMPATH\CodeIgniter.php(361): CodeIgniter\CodeIgniter->handleRequest(null, Object(Config\Cache), false)
 4 FCPATH\index.php(79): CodeIgniter\CodeIgniter->run()
 5 SYSTEMPATH\Commands\Server\rewrite.php(47): require_once('C:\\xampp\\htdocs\\ProgramWeb\\public\\index.php')
CRITICAL - 2024-03-15 16:39:26 --> Undefined variable $prodiOptions
in APPPATH\Views\layouts\master\v_mahasiswa.php on line 247.
 1 APPPATH\Views\layouts\master\v_mahasiswa.php(247): CodeIgniter\Debug\Exceptions->errorHandler(2, 'Undefined variable $prodiOptions', 'C:\\xampp\\htdocs\\ProgramWeb\\app\\Views\\layouts\\master\\v_mahasiswa.php', 247)
 2 SYSTEMPATH\View\View.php(228): include('C:\\xampp\\htdocs\\ProgramWeb\\app\\Views\\layouts\\master\\v_mahasiswa.php')
 3 SYSTEMPATH\View\View.php(231): CodeIgniter\View\View->CodeIgniter\View\{closure}()
 4 SYSTEMPATH\Common.php(1190): CodeIgniter\View\View->render('layouts/master/v_mahasiswa', [], true)
 5 APPPATH\Controllers\Mahasiswa.php(27): view('layouts/master/v_mahasiswa', [...])
 6 SYSTEMPATH\CodeIgniter.php(942): App\Controllers\Mahasiswa->index()
 7 SYSTEMPATH\CodeIgniter.php(502): CodeIgniter\CodeIgniter->runController(Object(App\Controllers\Mahasiswa))
 8 SYSTEMPATH\CodeIgniter.php(361): CodeIgniter\CodeIgniter->handleRequest(null, Object(Config\Cache), false)
 9 FCPATH\index.php(79): CodeIgniter\CodeIgniter->run()
10 SYSTEMPATH\Commands\Server\rewrite.php(47): require_once('C:\\xampp\\htdocs\\ProgramWeb\\public\\index.php')
WARNING - 2024-03-15 16:40:27 --> [DEPRECATED] Creation of dynamic property App\Controllers\Mahasiswa::$data is deprecated in APPPATH\Controllers\Mahasiswa.php on line 19.
 1 SYSTEMPATH\CodeIgniter.php(914): App\Controllers\Mahasiswa->__construct()
 2 SYSTEMPATH\CodeIgniter.php(493): CodeIgniter\CodeIgniter->createController()
 3 SYSTEMPATH\CodeIgniter.php(361): CodeIgniter\CodeIgniter->handleRequest(null, Object(Config\Cache), false)
 4 FCPATH\index.php(79): CodeIgniter\CodeIgniter->run()
 5 SYSTEMPATH\Commands\Server\rewrite.php(47): require_once('C:\\xampp\\htdocs\\ProgramWeb\\public\\index.php')
CRITICAL - 2024-03-15 16:40:27 --> Undefined variable $prodiOptions
in APPPATH\Views\layouts\master\v_mahasiswa.php on line 240.
 1 APPPATH\Views\layouts\master\v_mahasiswa.php(240): CodeIgniter\Debug\Exceptions->errorHandler(2, 'Undefined variable $prodiOptions', 'C:\\xampp\\htdocs\\ProgramWeb\\app\\Views\\layouts\\master\\v_mahasiswa.php', 240)
 2 SYSTEMPATH\View\View.php(228): include('C:\\xampp\\htdocs\\ProgramWeb\\app\\Views\\layouts\\master\\v_mahasiswa.php')
 3 SYSTEMPATH\View\View.php(231): CodeIgniter\View\View->CodeIgniter\View\{closure}()
 4 SYSTEMPATH\Common.php(1190): CodeIgniter\View\View->render('layouts/master/v_mahasiswa', [], true)
 5 APPPATH\Controllers\Mahasiswa.php(28): view('layouts/master/v_mahasiswa', [...])
 6 SYSTEMPATH\CodeIgniter.php(942): App\Controllers\Mahasiswa->index()
 7 SYSTEMPATH\CodeIgniter.php(502): CodeIgniter\CodeIgniter->runController(Object(App\Controllers\Mahasiswa))
 8 SYSTEMPATH\CodeIgniter.php(361): CodeIgniter\CodeIgniter->handleRequest(null, Object(Config\Cache), false)
 9 FCPATH\index.php(79): CodeIgniter\CodeIgniter->run()
10 SYSTEMPATH\Commands\Server\rewrite.php(47): require_once('C:\\xampp\\htdocs\\ProgramWeb\\public\\index.php')
WARNING - 2024-03-15 16:40:29 --> [DEPRECATED] Creation of dynamic property App\Controllers\Mahasiswa::$data is deprecated in APPPATH\Controllers\Mahasiswa.php on line 19.
 1 SYSTEMPATH\CodeIgniter.php(914): App\Controllers\Mahasiswa->__construct()
 2 SYSTEMPATH\CodeIgniter.php(493): CodeIgniter\CodeIgniter->createController()
 3 SYSTEMPATH\CodeIgniter.php(361): CodeIgniter\CodeIgniter->handleRequest(null, Object(Config\Cache), false)
 4 FCPATH\index.php(79): CodeIgniter\CodeIgniter->run()
 5 SYSTEMPATH\Commands\Server\rewrite.php(47): require_once('C:\\xampp\\htdocs\\ProgramWeb\\public\\index.php')
CRITICAL - 2024-03-15 16:40:29 --> Undefined variable $prodiOptions
in APPPATH\Views\layouts\master\v_mahasiswa.php on line 240.
 1 APPPATH\Views\layouts\master\v_mahasiswa.php(240): CodeIgniter\Debug\Exceptions->errorHandler(2, 'Undefined variable $prodiOptions', 'C:\\xampp\\htdocs\\ProgramWeb\\app\\Views\\layouts\\master\\v_mahasiswa.php', 240)
 2 SYSTEMPATH\View\View.php(228): include('C:\\xampp\\htdocs\\ProgramWeb\\app\\Views\\layouts\\master\\v_mahasiswa.php')
 3 SYSTEMPATH\View\View.php(231): CodeIgniter\View\View->CodeIgniter\View\{closure}()
 4 SYSTEMPATH\Common.php(1190): CodeIgniter\View\View->render('layouts/master/v_mahasiswa', [], true)
 5 APPPATH\Controllers\Mahasiswa.php(28): view('layouts/master/v_mahasiswa', [...])
 6 SYSTEMPATH\CodeIgniter.php(942): App\Controllers\Mahasiswa->index()
 7 SYSTEMPATH\CodeIgniter.php(502): CodeIgniter\CodeIgniter->runController(Object(App\Controllers\Mahasiswa))
 8 SYSTEMPATH\CodeIgniter.php(361): CodeIgniter\CodeIgniter->handleRequest(null, Object(Config\Cache), false)
 9 FCPATH\index.php(79): CodeIgniter\CodeIgniter->run()
10 SYSTEMPATH\Commands\Server\rewrite.php(47): require_once('C:\\xampp\\htdocs\\ProgramWeb\\public\\index.php')
WARNING - 2024-03-15 16:41:05 --> [DEPRECATED] Creation of dynamic property App\Controllers\Mahasiswa::$data is deprecated in APPPATH\Controllers\Mahasiswa.php on line 19.
 1 SYSTEMPATH\CodeIgniter.php(914): App\Controllers\Mahasiswa->__construct()
 2 SYSTEMPATH\CodeIgniter.php(493): CodeIgniter\CodeIgniter->createController()
 3 SYSTEMPATH\CodeIgniter.php(361): CodeIgniter\CodeIgniter->handleRequest(null, Object(Config\Cache), false)
 4 FCPATH\index.php(79): CodeIgniter\CodeIgniter->run()
 5 SYSTEMPATH\Commands\Server\rewrite.php(47): require_once('C:\\xampp\\htdocs\\ProgramWeb\\public\\index.php')
CRITICAL - 2024-03-15 16:41:05 --> Undefined variable $prodiOptions
in APPPATH\Views\layouts\master\v_mahasiswa.php on line 240.
 1 APPPATH\Views\layouts\master\v_mahasiswa.php(240): CodeIgniter\Debug\Exceptions->errorHandler(2, 'Undefined variable $prodiOptions', 'C:\\xampp\\htdocs\\ProgramWeb\\app\\Views\\layouts\\master\\v_mahasiswa.php', 240)
 2 SYSTEMPATH\View\View.php(228): include('C:\\xampp\\htdocs\\ProgramWeb\\app\\Views\\layouts\\master\\v_mahasiswa.php')
 3 SYSTEMPATH\View\View.php(231): CodeIgniter\View\View->CodeIgniter\View\{closure}()
 4 SYSTEMPATH\Common.php(1190): CodeIgniter\View\View->render('layouts/master/v_mahasiswa', [], true)
 5 APPPATH\Controllers\Mahasiswa.php(28): view('layouts/master/v_mahasiswa', [...])
 6 SYSTEMPATH\CodeIgniter.php(942): App\Controllers\Mahasiswa->index()
 7 SYSTEMPATH\CodeIgniter.php(502): CodeIgniter\CodeIgniter->runController(Object(App\Controllers\Mahasiswa))
 8 SYSTEMPATH\CodeIgniter.php(361): CodeIgniter\CodeIgniter->handleRequest(null, Object(Config\Cache), false)
 9 FCPATH\index.php(79): CodeIgniter\CodeIgniter->run()
10 SYSTEMPATH\Commands\Server\rewrite.php(47): require_once('C:\\xampp\\htdocs\\ProgramWeb\\public\\index.php')
WARNING - 2024-03-15 16:41:08 --> [DEPRECATED] Creation of dynamic property App\Controllers\Mahasiswa::$data is deprecated in APPPATH\Controllers\Mahasiswa.php on line 19.
 1 SYSTEMPATH\CodeIgniter.php(914): App\Controllers\Mahasiswa->__construct()
 2 SYSTEMPATH\CodeIgniter.php(493): CodeIgniter\CodeIgniter->createController()
 3 SYSTEMPATH\CodeIgniter.php(361): CodeIgniter\CodeIgniter->handleRequest(null, Object(Config\Cache), false)
 4 FCPATH\index.php(79): CodeIgniter\CodeIgniter->run()
 5 SYSTEMPATH\Commands\Server\rewrite.php(47): require_once('C:\\xampp\\htdocs\\ProgramWeb\\public\\index.php')
CRITICAL - 2024-03-15 16:41:08 --> Undefined variable $prodiOptions
in APPPATH\Views\layouts\master\v_mahasiswa.php on line 240.
 1 APPPATH\Views\layouts\master\v_mahasiswa.php(240): CodeIgniter\Debug\Exceptions->errorHandler(2, 'Undefined variable $prodiOptions', 'C:\\xampp\\htdocs\\ProgramWeb\\app\\Views\\layouts\\master\\v_mahasiswa.php', 240)
 2 SYSTEMPATH\View\View.php(228): include('C:\\xampp\\htdocs\\ProgramWeb\\app\\Views\\layouts\\master\\v_mahasiswa.php')
 3 SYSTEMPATH\View\View.php(231): CodeIgniter\View\View->CodeIgniter\View\{closure}()
 4 SYSTEMPATH\Common.php(1190): CodeIgniter\View\View->render('layouts/master/v_mahasiswa', [], true)
 5 APPPATH\Controllers\Mahasiswa.php(28): view('layouts/master/v_mahasiswa', [...])
 6 SYSTEMPATH\CodeIgniter.php(942): App\Controllers\Mahasiswa->index()
 7 SYSTEMPATH\CodeIgniter.php(502): CodeIgniter\CodeIgniter->runController(Object(App\Controllers\Mahasiswa))
 8 SYSTEMPATH\CodeIgniter.php(361): CodeIgniter\CodeIgniter->handleRequest(null, Object(Config\Cache), false)
 9 FCPATH\index.php(79): CodeIgniter\CodeIgniter->run()
10 SYSTEMPATH\Commands\Server\rewrite.php(47): require_once('C:\\xampp\\htdocs\\ProgramWeb\\public\\index.php')
CRITICAL - 2024-03-15 16:42:01 --> Cannot declare class App\Controllers\Mahasiswa, because the name is already in use
in APPPATH\Models\M_prodi.php on line 9.
 1 [internal function]: CodeIgniter\Debug\Exceptions->shutdownHandler()
CRITICAL - 2024-03-15 16:46:15 --> Class "App\Models\M_prodi" not found
in APPPATH\Controllers\Mahasiswa.php on line 17.
 1 SYSTEMPATH\CodeIgniter.php(914): App\Controllers\Mahasiswa->__construct()
 2 SYSTEMPATH\CodeIgniter.php(493): CodeIgniter\CodeIgniter->createController()
 3 SYSTEMPATH\CodeIgniter.php(361): CodeIgniter\CodeIgniter->handleRequest(null, Object(Config\Cache), false)
 4 FCPATH\index.php(79): CodeIgniter\CodeIgniter->run()
 5 SYSTEMPATH\Commands\Server\rewrite.php(47): require_once('C:\\xampp\\htdocs\\ProgramWeb\\public\\index.php')
WARNING - 2024-03-15 16:48:22 --> [DEPRECATED] Creation of dynamic property App\Controllers\Mahasiswa::$data is deprecated in APPPATH\Controllers\Mahasiswa.php on line 19.
 1 SYSTEMPATH\CodeIgniter.php(914): App\Controllers\Mahasiswa->__construct()
 2 SYSTEMPATH\CodeIgniter.php(493): CodeIgniter\CodeIgniter->createController()
 3 SYSTEMPATH\CodeIgniter.php(361): CodeIgniter\CodeIgniter->handleRequest(null, Object(Config\Cache), false)
 4 FCPATH\index.php(79): CodeIgniter\CodeIgniter->run()
 5 SYSTEMPATH\Commands\Server\rewrite.php(47): require_once('C:\\xampp\\htdocs\\ProgramWeb\\public\\index.php')
WARNING - 2024-03-15 16:57:56 --> [DEPRECATED] Creation of dynamic property App\Controllers\Mahasiswa::$data is deprecated in APPPATH\Controllers\Mahasiswa.php on line 19.
 1 SYSTEMPATH\CodeIgniter.php(914): App\Controllers\Mahasiswa->__construct()
 2 SYSTEMPATH\CodeIgniter.php(493): CodeIgniter\CodeIgniter->createController()
 3 SYSTEMPATH\CodeIgniter.php(361): CodeIgniter\CodeIgniter->handleRequest(null, Object(Config\Cache), false)
 4 FCPATH\index.php(79): CodeIgniter\CodeIgniter->run()
 5 SYSTEMPATH\Commands\Server\rewrite.php(47): require_once('C:\\xampp\\htdocs\\ProgramWeb\\public\\index.php')
WARNING - 2024-03-15 16:58:20 --> [DEPRECATED] Creation of dynamic property App\Controllers\Mahasiswa::$data is deprecated in APPPATH\Controllers\Mahasiswa.php on line 19.
 1 SYSTEMPATH\CodeIgniter.php(914): App\Controllers\Mahasiswa->__construct()
 2 SYSTEMPATH\CodeIgniter.php(493): CodeIgniter\CodeIgniter->createController()
 3 SYSTEMPATH\CodeIgniter.php(361): CodeIgniter\CodeIgniter->handleRequest(null, Object(Config\Cache), false)
 4 FCPATH\index.php(79): CodeIgniter\CodeIgniter->run()
 5 SYSTEMPATH\Commands\Server\rewrite.php(47): require_once('C:\\xampp\\htdocs\\ProgramWeb\\public\\index.php')
WARNING - 2024-03-15 17:00:35 --> [DEPRECATED] Creation of dynamic property App\Controllers\Mahasiswa::$data is deprecated in APPPATH\Controllers\Mahasiswa.php on line 19.
 1 SYSTEMPATH\CodeIgniter.php(914): App\Controllers\Mahasiswa->__construct()
 2 SYSTEMPATH\CodeIgniter.php(493): CodeIgniter\CodeIgniter->createController()
 3 SYSTEMPATH\CodeIgniter.php(361): CodeIgniter\CodeIgniter->handleRequest(null, Object(Config\Cache), false)
 4 FCPATH\index.php(79): CodeIgniter\CodeIgniter->run()
 5 SYSTEMPATH\Commands\Server\rewrite.php(47): require_once('C:\\xampp\\htdocs\\ProgramWeb\\public\\index.php')
WARNING - 2024-03-15 17:01:15 --> [DEPRECATED] Creation of dynamic property App\Controllers\Mahasiswa::$data is deprecated in APPPATH\Controllers\Mahasiswa.php on line 19.
 1 SYSTEMPATH\CodeIgniter.php(914): App\Controllers\Mahasiswa->__construct()
 2 SYSTEMPATH\CodeIgniter.php(493): CodeIgniter\CodeIgniter->createController()
 3 SYSTEMPATH\CodeIgniter.php(361): CodeIgniter\CodeIgniter->handleRequest(null, Object(Config\Cache), false)
 4 FCPATH\index.php(79): CodeIgniter\CodeIgniter->run()
 5 SYSTEMPATH\Commands\Server\rewrite.php(47): require_once('C:\\xampp\\htdocs\\ProgramWeb\\public\\index.php')
WARNING - 2024-03-15 17:01:59 --> [DEPRECATED] Creation of dynamic property App\Controllers\Mahasiswa::$data is deprecated in APPPATH\Controllers\Mahasiswa.php on line 19.
 1 SYSTEMPATH\CodeIgniter.php(914): App\Controllers\Mahasiswa->__construct()
 2 SYSTEMPATH\CodeIgniter.php(493): CodeIgniter\CodeIgniter->createController()
 3 SYSTEMPATH\CodeIgniter.php(361): CodeIgniter\CodeIgniter->handleRequest(null, Object(Config\Cache), false)
 4 FCPATH\index.php(79): CodeIgniter\CodeIgniter->run()
 5 SYSTEMPATH\Commands\Server\rewrite.php(47): require_once('C:\\xampp\\htdocs\\ProgramWeb\\public\\index.php')
WARNING - 2024-03-15 17:02:41 --> [DEPRECATED] Creation of dynamic property App\Controllers\Mahasiswa::$data is deprecated in APPPATH\Controllers\Mahasiswa.php on line 19.
 1 SYSTEMPATH\CodeIgniter.php(914): App\Controllers\Mahasiswa->__construct()
 2 SYSTEMPATH\CodeIgniter.php(493): CodeIgniter\CodeIgniter->createController()
 3 SYSTEMPATH\CodeIgniter.php(361): CodeIgniter\CodeIgniter->handleRequest(null, Object(Config\Cache), false)
 4 FCPATH\index.php(79): CodeIgniter\CodeIgniter->run()
 5 SYSTEMPATH\Commands\Server\rewrite.php(47): require_once('C:\\xampp\\htdocs\\ProgramWeb\\public\\index.php')
WARNING - 2024-03-15 17:04:08 --> [DEPRECATED] Creation of dynamic property App\Controllers\Mahasiswa::$data is deprecated in APPPATH\Controllers\Mahasiswa.php on line 19.
 1 SYSTEMPATH\CodeIgniter.php(914): App\Controllers\Mahasiswa->__construct()
 2 SYSTEMPATH\CodeIgniter.php(493): CodeIgniter\CodeIgniter->createController()
 3 SYSTEMPATH\CodeIgniter.php(361): CodeIgniter\CodeIgniter->handleRequest(null, Object(Config\Cache), false)
 4 FCPATH\index.php(79): CodeIgniter\CodeIgniter->run()
 5 SYSTEMPATH\Commands\Server\rewrite.php(47): require_once('C:\\xampp\\htdocs\\ProgramWeb\\public\\index.php')
WARNING - 2024-03-15 17:04:14 --> [DEPRECATED] Creation of dynamic property App\Controllers\Mahasiswa::$data is deprecated in APPPATH\Controllers\Mahasiswa.php on line 19.
 1 SYSTEMPATH\CodeIgniter.php(914): App\Controllers\Mahasiswa->__construct()
 2 SYSTEMPATH\CodeIgniter.php(493): CodeIgniter\CodeIgniter->createController()
 3 SYSTEMPATH\CodeIgniter.php(361): CodeIgniter\CodeIgniter->handleRequest(null, Object(Config\Cache), false)
 4 FCPATH\index.php(79): CodeIgniter\CodeIgniter->run()
 5 SYSTEMPATH\Commands\Server\rewrite.php(47): require_once('C:\\xampp\\htdocs\\ProgramWeb\\public\\index.php')
WARNING - 2024-03-15 17:04:23 --> [DEPRECATED] Creation of dynamic property App\Controllers\Mahasiswa::$data is deprecated in APPPATH\Controllers\Mahasiswa.php on line 19.
 1 SYSTEMPATH\CodeIgniter.php(914): App\Controllers\Mahasiswa->__construct()
 2 SYSTEMPATH\CodeIgniter.php(493): CodeIgniter\CodeIgniter->createController()
 3 SYSTEMPATH\CodeIgniter.php(361): CodeIgniter\CodeIgniter->handleRequest(null, Object(Config\Cache), false)
 4 FCPATH\index.php(79): CodeIgniter\CodeIgniter->run()
 5 SYSTEMPATH\Commands\Server\rewrite.php(47): require_once('C:\\xampp\\htdocs\\ProgramWeb\\public\\index.php')
CRITICAL - 2024-03-15 17:04:23 --> There is no primary key defined when trying to make insert.
in SYSTEMPATH\Model.php on line 283.
 1 SYSTEMPATH\Model.php(283): CodeIgniter\Database\Exceptions\DataException::forEmptyPrimaryKey('insert')
 2 SYSTEMPATH\BaseModel.php(788): CodeIgniter\Model->doInsert([...])
 3 SYSTEMPATH\Model.php(715): CodeIgniter\BaseModel->insert([...], true)
 4 APPPATH\Controllers\Mahasiswa.php(44): CodeIgniter\Model->insert([...])
 5 SYSTEMPATH\CodeIgniter.php(942): App\Controllers\Mahasiswa->simpan()
 6 SYSTEMPATH\CodeIgniter.php(502): CodeIgniter\CodeIgniter->runController(Object(App\Controllers\Mahasiswa))
 7 SYSTEMPATH\CodeIgniter.php(361): CodeIgniter\CodeIgniter->handleRequest(null, Object(Config\Cache), false)
 8 FCPATH\index.php(79): CodeIgniter\CodeIgniter->run()
 9 SYSTEMPATH\Commands\Server\rewrite.php(47): require_once('C:\\xampp\\htdocs\\ProgramWeb\\public\\index.php')
WARNING - 2024-03-15 17:07:11 --> [DEPRECATED] Creation of dynamic property App\Controllers\Mahasiswa::$data is deprecated in APPPATH\Controllers\Mahasiswa.php on line 19.
 1 SYSTEMPATH\CodeIgniter.php(914): App\Controllers\Mahasiswa->__construct()
 2 SYSTEMPATH\CodeIgniter.php(493): CodeIgniter\CodeIgniter->createController()
 3 SYSTEMPATH\CodeIgniter.php(361): CodeIgniter\CodeIgniter->handleRequest(null, Object(Config\Cache), false)
 4 FCPATH\index.php(79): CodeIgniter\CodeIgniter->run()
 5 SYSTEMPATH\Commands\Server\rewrite.php(47): require_once('C:\\xampp\\htdocs\\ProgramWeb\\public\\index.php')
WARNING - 2024-03-15 17:07:15 --> [DEPRECATED] Creation of dynamic property App\Controllers\Mahasiswa::$data is deprecated in APPPATH\Controllers\Mahasiswa.php on line 19.
 1 SYSTEMPATH\CodeIgniter.php(914): App\Controllers\Mahasiswa->__construct()
 2 SYSTEMPATH\CodeIgniter.php(493): CodeIgniter\CodeIgniter->createController()
 3 SYSTEMPATH\CodeIgniter.php(361): CodeIgniter\CodeIgniter->handleRequest(null, Object(Config\Cache), false)
 4 FCPATH\index.php(79): CodeIgniter\CodeIgniter->run()
 5 SYSTEMPATH\Commands\Server\rewrite.php(47): require_once('C:\\xampp\\htdocs\\ProgramWeb\\public\\index.php')
WARNING - 2024-03-15 17:07:24 --> [DEPRECATED] Creation of dynamic property App\Controllers\Mahasiswa::$data is deprecated in APPPATH\Controllers\Mahasiswa.php on line 19.
 1 SYSTEMPATH\CodeIgniter.php(914): App\Controllers\Mahasiswa->__construct()
 2 SYSTEMPATH\CodeIgniter.php(493): CodeIgniter\CodeIgniter->createController()
 3 SYSTEMPATH\CodeIgniter.php(361): CodeIgniter\CodeIgniter->handleRequest(null, Object(Config\Cache), false)
 4 FCPATH\index.php(79): CodeIgniter\CodeIgniter->run()
 5 SYSTEMPATH\Commands\Server\rewrite.php(47): require_once('C:\\xampp\\htdocs\\ProgramWeb\\public\\index.php')
ERROR - 2024-03-15 17:07:24 --> mysqli_sql_exception: Unknown column 'created_at' in 'field list' in C:\xampp\htdocs\ProgramWeb\system\Database\MySQLi\Connection.php:306
Stack trace:
#0 C:\xampp\htdocs\ProgramWeb\system\Database\MySQLi\Connection.php(306): mysqli->query('INSERT INTO `tb...', 0)
#1 C:\xampp\htdocs\ProgramWeb\system\Database\BaseConnection.php(693): CodeIgniter\Database\MySQLi\Connection->execute('INSERT INTO `tb...')
#2 C:\xampp\htdocs\ProgramWeb\system\Database\BaseConnection.php(607): CodeIgniter\Database\BaseConnection->simpleQuery('INSERT INTO `tb...')
#3 C:\xampp\htdocs\ProgramWeb\system\Database\BaseBuilder.php(2308): CodeIgniter\Database\BaseConnection->query('INSERT INTO `tb...', Array, false)
#4 C:\xampp\htdocs\ProgramWeb\system\Model.php(319): CodeIgniter\Database\BaseBuilder->insert()
#5 C:\xampp\htdocs\ProgramWeb\system\BaseModel.php(788): CodeIgniter\Model->doInsert(Array)
#6 C:\xampp\htdocs\ProgramWeb\system\Model.php(715): CodeIgniter\BaseModel->insert(Array, true)
#7 C:\xampp\htdocs\ProgramWeb\app\Controllers\Mahasiswa.php(44): CodeIgniter\Model->insert(Array)
#8 C:\xampp\htdocs\ProgramWeb\system\CodeIgniter.php(942): App\Controllers\Mahasiswa->simpan()
#9 C:\xampp\htdocs\ProgramWeb\system\CodeIgniter.php(502): CodeIgniter\CodeIgniter->runController(Object(App\Controllers\Mahasiswa))
#10 C:\xampp\htdocs\ProgramWeb\system\CodeIgniter.php(361): CodeIgniter\CodeIgniter->handleRequest(NULL, Object(Config\Cache), false)
#11 C:\xampp\htdocs\ProgramWeb\public\index.php(79): CodeIgniter\CodeIgniter->run()
#12 C:\xampp\htdocs\ProgramWeb\system\Commands\Server\rewrite.php(47): require_once('C:\\xampp\\htdocs...')
#13 {main}
CRITICAL - 2024-03-15 17:07:24 --> Unknown column 'created_at' in 'field list'
in SYSTEMPATH\Database\BaseConnection.php on line 647.
 1 SYSTEMPATH\Database\BaseBuilder.php(2308): CodeIgniter\Database\BaseConnection->query('INSERT INTO `tbmahasiswa` (`nim`, `nama`, `alamat`, `jenkel`, `id_jurusan`, `kode_prodi`, `created_at`, `updated_at`) VALUES (:nim:, :nama:, :alamat:, :jenkel:, :id_jurusan:, :kode_prodi:, :created_at:, :updated_at:)', [...], false)
 2 SYSTEMPATH\Model.php(319): CodeIgniter\Database\BaseBuilder->insert()
 3 SYSTEMPATH\BaseModel.php(788): CodeIgniter\Model->doInsert([...])
 4 SYSTEMPATH\Model.php(715): CodeIgniter\BaseModel->insert([...], true)
 5 APPPATH\Controllers\Mahasiswa.php(44): CodeIgniter\Model->insert([...])
 6 SYSTEMPATH\CodeIgniter.php(942): App\Controllers\Mahasiswa->simpan()
 7 SYSTEMPATH\CodeIgniter.php(502): CodeIgniter\CodeIgniter->runController(Object(App\Controllers\Mahasiswa))
 8 SYSTEMPATH\CodeIgniter.php(361): CodeIgniter\CodeIgniter->handleRequest(null, Object(Config\Cache), false)
 9 FCPATH\index.php(79): CodeIgniter\CodeIgniter->run()
10 SYSTEMPATH\Commands\Server\rewrite.php(47): require_once('C:\\xampp\\htdocs\\ProgramWeb\\public\\index.php')
WARNING - 2024-03-15 17:08:18 --> [DEPRECATED] Creation of dynamic property App\Controllers\Mahasiswa::$data is deprecated in APPPATH\Controllers\Mahasiswa.php on line 19.
 1 SYSTEMPATH\CodeIgniter.php(914): App\Controllers\Mahasiswa->__construct()
 2 SYSTEMPATH\CodeIgniter.php(493): CodeIgniter\CodeIgniter->createController()
 3 SYSTEMPATH\CodeIgniter.php(361): CodeIgniter\CodeIgniter->handleRequest(null, Object(Config\Cache), false)
 4 FCPATH\index.php(79): CodeIgniter\CodeIgniter->run()
 5 SYSTEMPATH\Commands\Server\rewrite.php(47): require_once('C:\\xampp\\htdocs\\ProgramWeb\\public\\index.php')
WARNING - 2024-03-15 17:08:22 --> [DEPRECATED] Creation of dynamic property App\Controllers\Mahasiswa::$data is deprecated in APPPATH\Controllers\Mahasiswa.php on line 19.
 1 SYSTEMPATH\CodeIgniter.php(914): App\Controllers\Mahasiswa->__construct()
 2 SYSTEMPATH\CodeIgniter.php(493): CodeIgniter\CodeIgniter->createController()
 3 SYSTEMPATH\CodeIgniter.php(361): CodeIgniter\CodeIgniter->handleRequest(null, Object(Config\Cache), false)
 4 FCPATH\index.php(79): CodeIgniter\CodeIgniter->run()
 5 SYSTEMPATH\Commands\Server\rewrite.php(47): require_once('C:\\xampp\\htdocs\\ProgramWeb\\public\\index.php')
WARNING - 2024-03-15 17:08:29 --> [DEPRECATED] Creation of dynamic property App\Controllers\Mahasiswa::$data is deprecated in APPPATH\Controllers\Mahasiswa.php on line 19.
 1 SYSTEMPATH\CodeIgniter.php(914): App\Controllers\Mahasiswa->__construct()
 2 SYSTEMPATH\CodeIgniter.php(493): CodeIgniter\CodeIgniter->createController()
 3 SYSTEMPATH\CodeIgniter.php(361): CodeIgniter\CodeIgniter->handleRequest(null, Object(Config\Cache), false)
 4 FCPATH\index.php(79): CodeIgniter\CodeIgniter->run()
 5 SYSTEMPATH\Commands\Server\rewrite.php(47): require_once('C:\\xampp\\htdocs\\ProgramWeb\\public\\index.php')
ERROR - 2024-03-15 17:08:29 --> mysqli_sql_exception: Column 'nim' cannot be null in C:\xampp\htdocs\ProgramWeb\system\Database\MySQLi\Connection.php:306
Stack trace:
#0 C:\xampp\htdocs\ProgramWeb\system\Database\MySQLi\Connection.php(306): mysqli->query('INSERT INTO `tb...', 0)
#1 C:\xampp\htdocs\ProgramWeb\system\Database\BaseConnection.php(693): CodeIgniter\Database\MySQLi\Connection->execute('INSERT INTO `tb...')
#2 C:\xampp\htdocs\ProgramWeb\system\Database\BaseConnection.php(607): CodeIgniter\Database\BaseConnection->simpleQuery('INSERT INTO `tb...')
#3 C:\xampp\htdocs\ProgramWeb\system\Database\BaseBuilder.php(2308): CodeIgniter\Database\BaseConnection->query('INSERT INTO `tb...', Array, false)
#4 C:\xampp\htdocs\ProgramWeb\system\Model.php(319): CodeIgniter\Database\BaseBuilder->insert()
#5 C:\xampp\htdocs\ProgramWeb\system\BaseModel.php(788): CodeIgniter\Model->doInsert(Array)
#6 C:\xampp\htdocs\ProgramWeb\system\Model.php(715): CodeIgniter\BaseModel->insert(Array, true)
#7 C:\xampp\htdocs\ProgramWeb\app\Controllers\Mahasiswa.php(44): CodeIgniter\Model->insert(Array)
#8 C:\xampp\htdocs\ProgramWeb\system\CodeIgniter.php(942): App\Controllers\Mahasiswa->simpan()
#9 C:\xampp\htdocs\ProgramWeb\system\CodeIgniter.php(502): CodeIgniter\CodeIgniter->runController(Object(App\Controllers\Mahasiswa))
#10 C:\xampp\htdocs\ProgramWeb\system\CodeIgniter.php(361): CodeIgniter\CodeIgniter->handleRequest(NULL, Object(Config\Cache), false)
#11 C:\xampp\htdocs\ProgramWeb\public\index.php(79): CodeIgniter\CodeIgniter->run()
#12 C:\xampp\htdocs\ProgramWeb\system\Commands\Server\rewrite.php(47): require_once('C:\\xampp\\htdocs...')
#13 {main}
CRITICAL - 2024-03-15 17:08:29 --> Column 'nim' cannot be null
in SYSTEMPATH\Database\BaseConnection.php on line 647.
 1 SYSTEMPATH\Database\BaseBuilder.php(2308): CodeIgniter\Database\BaseConnection->query('INSERT INTO `tbmahasiswa` (`nim`, `nama`, `alamat`, `jenkel`, `id_jurusan`, `kode_prodi`) VALUES (:nim:, :nama:, :alamat:, :jenkel:, :id_jurusan:, :kode_prodi:)', [...], false)
 2 SYSTEMPATH\Model.php(319): CodeIgniter\Database\BaseBuilder->insert()
 3 SYSTEMPATH\BaseModel.php(788): CodeIgniter\Model->doInsert([...])
 4 SYSTEMPATH\Model.php(715): CodeIgniter\BaseModel->insert([...], true)
 5 APPPATH\Controllers\Mahasiswa.php(44): CodeIgniter\Model->insert([...])
 6 SYSTEMPATH\CodeIgniter.php(942): App\Controllers\Mahasiswa->simpan()
 7 SYSTEMPATH\CodeIgniter.php(502): CodeIgniter\CodeIgniter->runController(Object(App\Controllers\Mahasiswa))
 8 SYSTEMPATH\CodeIgniter.php(361): CodeIgniter\CodeIgniter->handleRequest(null, Object(Config\Cache), false)
 9 FCPATH\index.php(79): CodeIgniter\CodeIgniter->run()
10 SYSTEMPATH\Commands\Server\rewrite.php(47): require_once('C:\\xampp\\htdocs\\ProgramWeb\\public\\index.php')
WARNING - 2024-03-15 17:08:36 --> [DEPRECATED] Creation of dynamic property App\Controllers\Mahasiswa::$data is deprecated in APPPATH\Controllers\Mahasiswa.php on line 19.
 1 SYSTEMPATH\CodeIgniter.php(914): App\Controllers\Mahasiswa->__construct()
 2 SYSTEMPATH\CodeIgniter.php(493): CodeIgniter\CodeIgniter->createController()
 3 SYSTEMPATH\CodeIgniter.php(361): CodeIgniter\CodeIgniter->handleRequest(null, Object(Config\Cache), false)
 4 FCPATH\index.php(79): CodeIgniter\CodeIgniter->run()
 5 SYSTEMPATH\Commands\Server\rewrite.php(47): require_once('C:\\xampp\\htdocs\\ProgramWeb\\public\\index.php')
WARNING - 2024-03-15 17:08:46 --> [DEPRECATED] Creation of dynamic property App\Controllers\Mahasiswa::$data is deprecated in APPPATH\Controllers\Mahasiswa.php on line 19.
 1 SYSTEMPATH\CodeIgniter.php(914): App\Controllers\Mahasiswa->__construct()
 2 SYSTEMPATH\CodeIgniter.php(493): CodeIgniter\CodeIgniter->createController()
 3 SYSTEMPATH\CodeIgniter.php(361): CodeIgniter\CodeIgniter->handleRequest(null, Object(Config\Cache), false)
 4 FCPATH\index.php(79): CodeIgniter\CodeIgniter->run()
 5 SYSTEMPATH\Commands\Server\rewrite.php(47): require_once('C:\\xampp\\htdocs\\ProgramWeb\\public\\index.php')
WARNING - 2024-03-15 17:08:54 --> [DEPRECATED] Creation of dynamic property App\Controllers\Mahasiswa::$data is deprecated in APPPATH\Controllers\Mahasiswa.php on line 19.
 1 SYSTEMPATH\CodeIgniter.php(914): App\Controllers\Mahasiswa->__construct()
 2 SYSTEMPATH\CodeIgniter.php(493): CodeIgniter\CodeIgniter->createController()
 3 SYSTEMPATH\CodeIgniter.php(361): CodeIgniter\CodeIgniter->handleRequest(null, Object(Config\Cache), false)
 4 FCPATH\index.php(79): CodeIgniter\CodeIgniter->run()
 5 SYSTEMPATH\Commands\Server\rewrite.php(47): require_once('C:\\xampp\\htdocs\\ProgramWeb\\public\\index.php')
ERROR - 2024-03-15 17:08:54 --> mysqli_sql_exception: Column 'nim' cannot be null in C:\xampp\htdocs\ProgramWeb\system\Database\MySQLi\Connection.php:306
Stack trace:
#0 C:\xampp\htdocs\ProgramWeb\system\Database\MySQLi\Connection.php(306): mysqli->query('INSERT INTO `tb...', 0)
#1 C:\xampp\htdocs\ProgramWeb\system\Database\BaseConnection.php(693): CodeIgniter\Database\MySQLi\Connection->execute('INSERT INTO `tb...')
#2 C:\xampp\htdocs\ProgramWeb\system\Database\BaseConnection.php(607): CodeIgniter\Database\BaseConnection->simpleQuery('INSERT INTO `tb...')
#3 C:\xampp\htdocs\ProgramWeb\system\Database\BaseBuilder.php(2308): CodeIgniter\Database\BaseConnection->query('INSERT INTO `tb...', Array, false)
#4 C:\xampp\htdocs\ProgramWeb\system\Model.php(319): CodeIgniter\Database\BaseBuilder->insert()
#5 C:\xampp\htdocs\ProgramWeb\system\BaseModel.php(788): CodeIgniter\Model->doInsert(Array)
#6 C:\xampp\htdocs\ProgramWeb\system\Model.php(715): CodeIgniter\BaseModel->insert(Array, true)
#7 C:\xampp\htdocs\ProgramWeb\app\Controllers\Mahasiswa.php(44): CodeIgniter\Model->insert(Array)
#8 C:\xampp\htdocs\ProgramWeb\system\CodeIgniter.php(942): App\Controllers\Mahasiswa->simpan()
#9 C:\xampp\htdocs\ProgramWeb\system\CodeIgniter.php(502): CodeIgniter\CodeIgniter->runController(Object(App\Controllers\Mahasiswa))
#10 C:\xampp\htdocs\ProgramWeb\system\CodeIgniter.php(361): CodeIgniter\CodeIgniter->handleRequest(NULL, Object(Config\Cache), false)
#11 C:\xampp\htdocs\ProgramWeb\public\index.php(79): CodeIgniter\CodeIgniter->run()
#12 C:\xampp\htdocs\ProgramWeb\system\Commands\Server\rewrite.php(47): require_once('C:\\xampp\\htdocs...')
#13 {main}
CRITICAL - 2024-03-15 17:08:54 --> Column 'nim' cannot be null
in SYSTEMPATH\Database\BaseConnection.php on line 647.
 1 SYSTEMPATH\Database\BaseBuilder.php(2308): CodeIgniter\Database\BaseConnection->query('INSERT INTO `tbmahasiswa` (`nim`, `nama`, `alamat`, `jenkel`, `id_jurusan`, `kode_prodi`) VALUES (:nim:, :nama:, :alamat:, :jenkel:, :id_jurusan:, :kode_prodi:)', [...], false)
 2 SYSTEMPATH\Model.php(319): CodeIgniter\Database\BaseBuilder->insert()
 3 SYSTEMPATH\BaseModel.php(788): CodeIgniter\Model->doInsert([...])
 4 SYSTEMPATH\Model.php(715): CodeIgniter\BaseModel->insert([...], true)
 5 APPPATH\Controllers\Mahasiswa.php(44): CodeIgniter\Model->insert([...])
 6 SYSTEMPATH\CodeIgniter.php(942): App\Controllers\Mahasiswa->simpan()
 7 SYSTEMPATH\CodeIgniter.php(502): CodeIgniter\CodeIgniter->runController(Object(App\Controllers\Mahasiswa))
 8 SYSTEMPATH\CodeIgniter.php(361): CodeIgniter\CodeIgniter->handleRequest(null, Object(Config\Cache), false)
 9 FCPATH\index.php(79): CodeIgniter\CodeIgniter->run()
10 SYSTEMPATH\Commands\Server\rewrite.php(47): require_once('C:\\xampp\\htdocs\\ProgramWeb\\public\\index.php')
WARNING - 2024-03-15 17:11:16 --> [DEPRECATED] Creation of dynamic property App\Controllers\Mahasiswa::$data is deprecated in APPPATH\Controllers\Mahasiswa.php on line 19.
 1 SYSTEMPATH\CodeIgniter.php(914): App\Controllers\Mahasiswa->__construct()
 2 SYSTEMPATH\CodeIgniter.php(493): CodeIgniter\CodeIgniter->createController()
 3 SYSTEMPATH\CodeIgniter.php(361): CodeIgniter\CodeIgniter->handleRequest(null, Object(Config\Cache), false)
 4 FCPATH\index.php(79): CodeIgniter\CodeIgniter->run()
 5 SYSTEMPATH\Commands\Server\rewrite.php(47): require_once('C:\\xampp\\htdocs\\ProgramWeb\\public\\index.php')
WARNING - 2024-03-15 17:11:18 --> [DEPRECATED] Creation of dynamic property App\Controllers\Mahasiswa::$data is deprecated in APPPATH\Controllers\Mahasiswa.php on line 19.
 1 SYSTEMPATH\CodeIgniter.php(914): App\Controllers\Mahasiswa->__construct()
 2 SYSTEMPATH\CodeIgniter.php(493): CodeIgniter\CodeIgniter->createController()
 3 SYSTEMPATH\CodeIgniter.php(361): CodeIgniter\CodeIgniter->handleRequest(null, Object(Config\Cache), false)
 4 FCPATH\index.php(79): CodeIgniter\CodeIgniter->run()
 5 SYSTEMPATH\Commands\Server\rewrite.php(47): require_once('C:\\xampp\\htdocs\\ProgramWeb\\public\\index.php')
WARNING - 2024-03-15 17:11:25 --> [DEPRECATED] Creation of dynamic property App\Controllers\Mahasiswa::$data is deprecated in APPPATH\Controllers\Mahasiswa.php on line 19.
 1 SYSTEMPATH\CodeIgniter.php(914): App\Controllers\Mahasiswa->__construct()
 2 SYSTEMPATH\CodeIgniter.php(493): CodeIgniter\CodeIgniter->createController()
 3 SYSTEMPATH\CodeIgniter.php(361): CodeIgniter\CodeIgniter->handleRequest(null, Object(Config\Cache), false)
 4 FCPATH\index.php(79): CodeIgniter\CodeIgniter->run()
 5 SYSTEMPATH\Commands\Server\rewrite.php(47): require_once('C:\\xampp\\htdocs\\ProgramWeb\\public\\index.php')
INFO - 2024-03-15 17:11:25 --> Session: Class initialized using 'CodeIgniter\Session\Handlers\FileHandler' driver.
WARNING - 2024-03-15 17:11:26 --> [DEPRECATED] Creation of dynamic property App\Controllers\Mahasiswa::$data is deprecated in APPPATH\Controllers\Mahasiswa.php on line 19.
 1 SYSTEMPATH\CodeIgniter.php(914): App\Controllers\Mahasiswa->__construct()
 2 SYSTEMPATH\CodeIgniter.php(493): CodeIgniter\CodeIgniter->createController()
 3 SYSTEMPATH\CodeIgniter.php(361): CodeIgniter\CodeIgniter->handleRequest(null, Object(Config\Cache), false)
 4 FCPATH\index.php(79): CodeIgniter\CodeIgniter->run()
 5 SYSTEMPATH\Commands\Server\rewrite.php(47): require_once('C:\\xampp\\htdocs\\ProgramWeb\\public\\index.php')
WARNING - 2024-03-15 17:11:31 --> [DEPRECATED] Creation of dynamic property App\Controllers\Mahasiswa::$data is deprecated in APPPATH\Controllers\Mahasiswa.php on line 19.
 1 SYSTEMPATH\CodeIgniter.php(914): App\Controllers\Mahasiswa->__construct()
 2 SYSTEMPATH\CodeIgniter.php(493): CodeIgniter\CodeIgniter->createController()
 3 SYSTEMPATH\CodeIgniter.php(361): CodeIgniter\CodeIgniter->handleRequest(null, Object(Config\Cache), false)
 4 FCPATH\index.php(79): CodeIgniter\CodeIgniter->run()
 5 SYSTEMPATH\Commands\Server\rewrite.php(47): require_once('C:\\xampp\\htdocs\\ProgramWeb\\public\\index.php')
WARNING - 2024-03-15 17:11:41 --> [DEPRECATED] Creation of dynamic property App\Controllers\Mahasiswa::$data is deprecated in APPPATH\Controllers\Mahasiswa.php on line 19.
 1 SYSTEMPATH\CodeIgniter.php(914): App\Controllers\Mahasiswa->__construct()
 2 SYSTEMPATH\CodeIgniter.php(493): CodeIgniter\CodeIgniter->createController()
 3 SYSTEMPATH\CodeIgniter.php(361): CodeIgniter\CodeIgniter->handleRequest(null, Object(Config\Cache), false)
 4 FCPATH\index.php(79): CodeIgniter\CodeIgniter->run()
 5 SYSTEMPATH\Commands\Server\rewrite.php(47): require_once('C:\\xampp\\htdocs\\ProgramWeb\\public\\index.php')
INFO - 2024-03-15 17:11:41 --> Session: Class initialized using 'CodeIgniter\Session\Handlers\FileHandler' driver.
WARNING - 2024-03-15 17:11:41 --> [DEPRECATED] Creation of dynamic property App\Controllers\Mahasiswa::$data is deprecated in APPPATH\Controllers\Mahasiswa.php on line 19.
 1 SYSTEMPATH\CodeIgniter.php(914): App\Controllers\Mahasiswa->__construct()
 2 SYSTEMPATH\CodeIgniter.php(493): CodeIgniter\CodeIgniter->createController()
 3 SYSTEMPATH\CodeIgniter.php(361): CodeIgniter\CodeIgniter->handleRequest(null, Object(Config\Cache), false)
 4 FCPATH\index.php(79): CodeIgniter\CodeIgniter->run()
 5 SYSTEMPATH\Commands\Server\rewrite.php(47): require_once('C:\\xampp\\htdocs\\ProgramWeb\\public\\index.php')
WARNING - 2024-03-15 17:12:22 --> [DEPRECATED] Creation of dynamic property App\Controllers\Mahasiswa::$data is deprecated in APPPATH\Controllers\Mahasiswa.php on line 19.
 1 SYSTEMPATH\CodeIgniter.php(914): App\Controllers\Mahasiswa->__construct()
 2 SYSTEMPATH\CodeIgniter.php(493): CodeIgniter\CodeIgniter->createController()
 3 SYSTEMPATH\CodeIgniter.php(361): CodeIgniter\CodeIgniter->handleRequest(null, Object(Config\Cache), false)
 4 FCPATH\index.php(79): CodeIgniter\CodeIgniter->run()
 5 SYSTEMPATH\Commands\Server\rewrite.php(47): require_once('C:\\xampp\\htdocs\\ProgramWeb\\public\\index.php')
WARNING - 2024-03-15 17:13:10 --> [DEPRECATED] Creation of dynamic property App\Controllers\Mahasiswa::$data is deprecated in APPPATH\Controllers\Mahasiswa.php on line 19.
 1 SYSTEMPATH\CodeIgniter.php(914): App\Controllers\Mahasiswa->__construct()
 2 SYSTEMPATH\CodeIgniter.php(493): CodeIgniter\CodeIgniter->createController()
 3 SYSTEMPATH\CodeIgniter.php(361): CodeIgniter\CodeIgniter->handleRequest(null, Object(Config\Cache), false)
 4 FCPATH\index.php(79): CodeIgniter\CodeIgniter->run()
 5 SYSTEMPATH\Commands\Server\rewrite.php(47): require_once('C:\\xampp\\htdocs\\ProgramWeb\\public\\index.php')
WARNING - 2024-03-15 17:13:18 --> [DEPRECATED] Creation of dynamic property App\Controllers\Mahasiswa::$data is deprecated in APPPATH\Controllers\Mahasiswa.php on line 19.
 1 SYSTEMPATH\CodeIgniter.php(914): App\Controllers\Mahasiswa->__construct()
 2 SYSTEMPATH\CodeIgniter.php(493): CodeIgniter\CodeIgniter->createController()
 3 SYSTEMPATH\CodeIgniter.php(361): CodeIgniter\CodeIgniter->handleRequest(null, Object(Config\Cache), false)
 4 FCPATH\index.php(79): CodeIgniter\CodeIgniter->run()
 5 SYSTEMPATH\Commands\Server\rewrite.php(47): require_once('C:\\xampp\\htdocs\\ProgramWeb\\public\\index.php')
ERROR - 2024-03-15 17:13:18 --> mysqli_sql_exception: Column 'nim' cannot be null in C:\xampp\htdocs\ProgramWeb\system\Database\MySQLi\Connection.php:306
Stack trace:
#0 C:\xampp\htdocs\ProgramWeb\system\Database\MySQLi\Connection.php(306): mysqli->query('INSERT INTO `tb...', 0)
#1 C:\xampp\htdocs\ProgramWeb\system\Database\BaseConnection.php(693): CodeIgniter\Database\MySQLi\Connection->execute('INSERT INTO `tb...')
#2 C:\xampp\htdocs\ProgramWeb\system\Database\BaseConnection.php(607): CodeIgniter\Database\BaseConnection->simpleQuery('INSERT INTO `tb...')
#3 C:\xampp\htdocs\ProgramWeb\system\Database\BaseBuilder.php(2308): CodeIgniter\Database\BaseConnection->query('INSERT INTO `tb...', Array, false)
#4 C:\xampp\htdocs\ProgramWeb\system\Model.php(319): CodeIgniter\Database\BaseBuilder->insert()
#5 C:\xampp\htdocs\ProgramWeb\system\BaseModel.php(788): CodeIgniter\Model->doInsert(Array)
#6 C:\xampp\htdocs\ProgramWeb\system\Model.php(715): CodeIgniter\BaseModel->insert(Array, true)
#7 C:\xampp\htdocs\ProgramWeb\app\Controllers\Mahasiswa.php(45): CodeIgniter\Model->insert(Array)
#8 C:\xampp\htdocs\ProgramWeb\system\CodeIgniter.php(942): App\Controllers\Mahasiswa->simpan()
#9 C:\xampp\htdocs\ProgramWeb\system\CodeIgniter.php(502): CodeIgniter\CodeIgniter->runController(Object(App\Controllers\Mahasiswa))
#10 C:\xampp\htdocs\ProgramWeb\system\CodeIgniter.php(361): CodeIgniter\CodeIgniter->handleRequest(NULL, Object(Config\Cache), false)
#11 C:\xampp\htdocs\ProgramWeb\public\index.php(79): CodeIgniter\CodeIgniter->run()
#12 C:\xampp\htdocs\ProgramWeb\system\Commands\Server\rewrite.php(47): require_once('C:\\xampp\\htdocs...')
#13 {main}
CRITICAL - 2024-03-15 17:13:18 --> Column 'nim' cannot be null
in SYSTEMPATH\Database\BaseConnection.php on line 647.
 1 SYSTEMPATH\Database\BaseBuilder.php(2308): CodeIgniter\Database\BaseConnection->query('INSERT INTO `tbmahasiswa` (`nim`, `nama`, `alamat`, `jenkel`, `id_jurusan`, `kode_prodi`) VALUES (:nim:, :nama:, :alamat:, :jenkel:, :id_jurusan:, :kode_prodi:)', [...], false)
 2 SYSTEMPATH\Model.php(319): CodeIgniter\Database\BaseBuilder->insert()
 3 SYSTEMPATH\BaseModel.php(788): CodeIgniter\Model->doInsert([...])
 4 SYSTEMPATH\Model.php(715): CodeIgniter\BaseModel->insert([...], true)
 5 APPPATH\Controllers\Mahasiswa.php(45): CodeIgniter\Model->insert([...])
 6 SYSTEMPATH\CodeIgniter.php(942): App\Controllers\Mahasiswa->simpan()
 7 SYSTEMPATH\CodeIgniter.php(502): CodeIgniter\CodeIgniter->runController(Object(App\Controllers\Mahasiswa))
 8 SYSTEMPATH\CodeIgniter.php(361): CodeIgniter\CodeIgniter->handleRequest(null, Object(Config\Cache), false)
 9 FCPATH\index.php(79): CodeIgniter\CodeIgniter->run()
10 SYSTEMPATH\Commands\Server\rewrite.php(47): require_once('C:\\xampp\\htdocs\\ProgramWeb\\public\\index.php')
WARNING - 2024-03-15 17:17:48 --> [DEPRECATED] Creation of dynamic property App\Controllers\Mahasiswa::$data is deprecated in APPPATH\Controllers\Mahasiswa.php on line 19.
 1 SYSTEMPATH\CodeIgniter.php(914): App\Controllers\Mahasiswa->__construct()
 2 SYSTEMPATH\CodeIgniter.php(493): CodeIgniter\CodeIgniter->createController()
 3 SYSTEMPATH\CodeIgniter.php(361): CodeIgniter\CodeIgniter->handleRequest(null, Object(Config\Cache), false)
 4 FCPATH\index.php(79): CodeIgniter\CodeIgniter->run()
 5 SYSTEMPATH\Commands\Server\rewrite.php(47): require_once('C:\\xampp\\htdocs\\ProgramWeb\\public\\index.php')
WARNING - 2024-03-15 17:17:49 --> [DEPRECATED] Creation of dynamic property App\Controllers\Mahasiswa::$data is deprecated in APPPATH\Controllers\Mahasiswa.php on line 19.
 1 SYSTEMPATH\CodeIgniter.php(914): App\Controllers\Mahasiswa->__construct()
 2 SYSTEMPATH\CodeIgniter.php(493): CodeIgniter\CodeIgniter->createController()
 3 SYSTEMPATH\CodeIgniter.php(361): CodeIgniter\CodeIgniter->handleRequest(null, Object(Config\Cache), false)
 4 FCPATH\index.php(79): CodeIgniter\CodeIgniter->run()
 5 SYSTEMPATH\Commands\Server\rewrite.php(47): require_once('C:\\xampp\\htdocs\\ProgramWeb\\public\\index.php')
WARNING - 2024-03-15 17:17:56 --> [DEPRECATED] Creation of dynamic property App\Controllers\Mahasiswa::$data is deprecated in APPPATH\Controllers\Mahasiswa.php on line 19.
 1 SYSTEMPATH\CodeIgniter.php(914): App\Controllers\Mahasiswa->__construct()
 2 SYSTEMPATH\CodeIgniter.php(493): CodeIgniter\CodeIgniter->createController()
 3 SYSTEMPATH\CodeIgniter.php(361): CodeIgniter\CodeIgniter->handleRequest(null, Object(Config\Cache), false)
 4 FCPATH\index.php(79): CodeIgniter\CodeIgniter->run()
 5 SYSTEMPATH\Commands\Server\rewrite.php(47): require_once('C:\\xampp\\htdocs\\ProgramWeb\\public\\index.php')
ERROR - 2024-03-15 17:17:56 --> Error inserting data: There is no primary key defined when trying to make insert.
WARNING - 2024-03-15 17:19:42 --> [DEPRECATED] Creation of dynamic property App\Controllers\Mahasiswa::$data is deprecated in APPPATH\Controllers\Mahasiswa.php on line 19.
 1 SYSTEMPATH\CodeIgniter.php(914): App\Controllers\Mahasiswa->__construct()
 2 SYSTEMPATH\CodeIgniter.php(493): CodeIgniter\CodeIgniter->createController()
 3 SYSTEMPATH\CodeIgniter.php(361): CodeIgniter\CodeIgniter->handleRequest(null, Object(Config\Cache), false)
 4 FCPATH\index.php(79): CodeIgniter\CodeIgniter->run()
 5 SYSTEMPATH\Commands\Server\rewrite.php(47): require_once('C:\\xampp\\htdocs\\ProgramWeb\\public\\index.php')
WARNING - 2024-03-15 17:19:44 --> [DEPRECATED] Creation of dynamic property App\Controllers\Mahasiswa::$data is deprecated in APPPATH\Controllers\Mahasiswa.php on line 19.
 1 SYSTEMPATH\CodeIgniter.php(914): App\Controllers\Mahasiswa->__construct()
 2 SYSTEMPATH\CodeIgniter.php(493): CodeIgniter\CodeIgniter->createController()
 3 SYSTEMPATH\CodeIgniter.php(361): CodeIgniter\CodeIgniter->handleRequest(null, Object(Config\Cache), false)
 4 FCPATH\index.php(79): CodeIgniter\CodeIgniter->run()
 5 SYSTEMPATH\Commands\Server\rewrite.php(47): require_once('C:\\xampp\\htdocs\\ProgramWeb\\public\\index.php')
WARNING - 2024-03-15 17:19:52 --> [DEPRECATED] Creation of dynamic property App\Controllers\Mahasiswa::$data is deprecated in APPPATH\Controllers\Mahasiswa.php on line 19.
 1 SYSTEMPATH\CodeIgniter.php(914): App\Controllers\Mahasiswa->__construct()
 2 SYSTEMPATH\CodeIgniter.php(493): CodeIgniter\CodeIgniter->createController()
 3 SYSTEMPATH\CodeIgniter.php(361): CodeIgniter\CodeIgniter->handleRequest(null, Object(Config\Cache), false)
 4 FCPATH\index.php(79): CodeIgniter\CodeIgniter->run()
 5 SYSTEMPATH\Commands\Server\rewrite.php(47): require_once('C:\\xampp\\htdocs\\ProgramWeb\\public\\index.php')
ERROR - 2024-03-15 17:19:52 --> Error inserting data: There is no primary key defined when trying to make insert.
